The system is: Linux - 3.10.0-862.el7.x86_64 - x86_64
Compiling the C compiler identification source file "CMakeCCompilerId.c" succeeded.
Compiler: /usr/bin/cc 
Build flags: 
Id flags: 

The output was:
0


Compilation of the C compiler identification source "CMakeCCompilerId.c" produced "a.out"

The C compiler identification is GNU, found in "/home/aaa10078nj/optelectric_simulate/SimGrid-3.21/CMakeFiles/2.8.12.2/CompilerIdC/a.out"

Compiling the CXX compiler identification source file "CMakeCXXCompilerId.cpp" succeeded.
Compiler: /usr/bin/c++ 
Build flags: 
Id flags: 

The output was:
0


Compilation of the CXX compiler identification source "CMakeCXXCompilerId.cpp" produced "a.out"

The CXX compiler identification is GNU, found in "/home/aaa10078nj/optelectric_simulate/SimGrid-3.21/CMakeFiles/2.8.12.2/CompilerIdCXX/a.out"

Determining if the C compiler works passed with the following output:
Change Dir: /home/aaa10078nj/optelectric_simulate/SimGrid-3.21/CMakeFiles/CMakeTmp

Run Build Command:/usr/bin/gmake "cmTryCompileExec3649861521/fast"
/usr/bin/gmake -f CMakeFiles/cmTryCompileExec3649861521.dir/build.make CMakeFiles/cmTryCompileExec3649861521.dir/build
gmake[1]: Entering directory `/home/aaa10078nj/optelectric_simulate/SimGrid-3.21/CMakeFiles/CMakeTmp'
/usr/bin/cmake -E cmake_progress_report /home/aaa10078nj/optelectric_simulate/SimGrid-3.21/CMakeFiles/CMakeTmp/CMakeFiles 1
Building C object CMakeFiles/cmTryCompileExec3649861521.dir/testCCompiler.c.o
/usr/bin/cc    -o CMakeFiles/cmTryCompileExec3649861521.dir/testCCompiler.c.o   -c /home/aaa10078nj/optelectric_simulate/SimGrid-3.21/CMakeFiles/CMakeTmp/testCCompiler.c
Linking C executable cmTryCompileExec3649861521
/usr/bin/cmake -E cmake_link_script CMakeFiles/cmTryCompileExec3649861521.dir/link.txt --verbose=1
/usr/bin/cc       CMakeFiles/cmTryCompileExec3649861521.dir/testCCompiler.c.o  -o cmTryCompileExec3649861521 -rdynamic 
gmake[1]: Leaving directory `/home/aaa10078nj/optelectric_simulate/SimGrid-3.21/CMakeFiles/CMakeTmp'


Detecting C compiler ABI info compiled with the following output:
Change Dir: /home/aaa10078nj/optelectric_simulate/SimGrid-3.21/CMakeFiles/CMakeTmp

Run Build Command:/usr/bin/gmake "cmTryCompileExec3207260574/fast"
/usr/bin/gmake -f CMakeFiles/cmTryCompileExec3207260574.dir/build.make CMakeFiles/cmTryCompileExec3207260574.dir/build
gmake[1]: Entering directory `/home/aaa10078nj/optelectric_simulate/SimGrid-3.21/CMakeFiles/CMakeTmp'
/usr/bin/cmake -E cmake_progress_report /home/aaa10078nj/optelectric_simulate/SimGrid-3.21/CMakeFiles/CMakeTmp/CMakeFiles 1
Building C object CMakeFiles/cmTryCompileExec3207260574.dir/CMakeCCompilerABI.c.o
/usr/bin/cc    -o CMakeFiles/cmTryCompileExec3207260574.dir/CMakeCCompilerABI.c.o   -c /usr/share/cmake/Modules/CMakeCCompilerABI.c
Linking C executable cmTryCompileExec3207260574
/usr/bin/cmake -E cmake_link_script CMakeFiles/cmTryCompileExec3207260574.dir/link.txt --verbose=1
/usr/bin/cc     -v CMakeFiles/cmTryCompileExec3207260574.dir/CMakeCCompilerABI.c.o  -o cmTryCompileExec3207260574 -rdynamic  
Using built-in specs.
COLLECT_GCC=/usr/bin/cc
COLLECT_LTO_WRAPPER=/usr/libexec/gcc/x86_64-redhat-linux/4.8.5/lto-wrapper
Target: x86_64-redhat-linux
Configured with: ../configure --prefix=/usr --mandir=/usr/share/man --infodir=/usr/share/info --with-bugurl=http://bugzilla.redhat.com/bugzilla --enable-bootstrap --enable-shared --enable-threads=posix --enable-checking=release --with-system-zlib --enable-__cxa_atexit --disable-libunwind-exceptions --enable-gnu-unique-object --enable-linker-build-id --with-linker-hash-style=gnu --enable-languages=c,c++,objc,obj-c++,java,fortran,ada,go,lto --enable-plugin --enable-initfini-array --disable-libgcj --with-isl=/builddir/build/BUILD/gcc-4.8.5-20150702/obj-x86_64-redhat-linux/isl-install --with-cloog=/builddir/build/BUILD/gcc-4.8.5-20150702/obj-x86_64-redhat-linux/cloog-install --enable-gnu-indirect-function --with-tune=generic --with-arch_32=x86-64 --build=x86_64-redhat-linux
Thread model: posix
gcc version 4.8.5 20150623 (Red Hat 4.8.5-28) (GCC) 
COMPILER_PATH=/usr/libexec/gcc/x86_64-redhat-linux/4.8.5/:/usr/libexec/gcc/x86_64-redhat-linux/4.8.5/:/usr/libexec/gcc/x86_64-redhat-linux/:/usr/lib/gcc/x86_64-redhat-linux/4.8.5/:/usr/lib/gcc/x86_64-redhat-linux/
LIBRARY_PATH=/usr/lib/gcc/x86_64-redhat-linux/4.8.5/:/usr/lib/gcc/x86_64-redhat-linux/4.8.5/../../../../lib64/:/lib/../lib64/:/usr/lib/../lib64/:/usr/lib/gcc/x86_64-redhat-linux/4.8.5/../../../:/lib/:/usr/lib/
COLLECT_GCC_OPTIONS='-v' '-o' 'cmTryCompileExec3207260574' '-rdynamic' '-mtune=generic' '-march=x86-64'
 /usr/libexec/gcc/x86_64-redhat-linux/4.8.5/collect2 --build-id --no-add-needed --eh-frame-hdr --hash-style=gnu -m elf_x86_64 -export-dynamic -dynamic-linker /lib64/ld-linux-x86-64.so.2 -o cmTryCompileExec3207260574 /usr/lib/gcc/x86_64-redhat-linux/4.8.5/../../../../lib64/crt1.o /usr/lib/gcc/x86_64-redhat-linux/4.8.5/../../../../lib64/crti.o /usr/lib/gcc/x86_64-redhat-linux/4.8.5/crtbegin.o -L/usr/lib/gcc/x86_64-redhat-linux/4.8.5 -L/usr/lib/gcc/x86_64-redhat-linux/4.8.5/../../../../lib64 -L/lib/../lib64 -L/usr/lib/../lib64 -L/usr/lib/gcc/x86_64-redhat-linux/4.8.5/../../.. CMakeFiles/cmTryCompileExec3207260574.dir/CMakeCCompilerABI.c.o -lgcc --as-needed -lgcc_s --no-as-needed -lc -lgcc --as-needed -lgcc_s --no-as-needed /usr/lib/gcc/x86_64-redhat-linux/4.8.5/crtend.o /usr/lib/gcc/x86_64-redhat-linux/4.8.5/../../../../lib64/crtn.o
gmake[1]: Leaving directory `/home/aaa10078nj/optelectric_simulate/SimGrid-3.21/CMakeFiles/CMakeTmp'


Parsed C implicit link information from above output:
  link line regex: [^( *|.*[/\])(ld|([^/\]+-)?ld|collect2)[^/\]*( |$)]
  ignore line: [Change Dir: /home/aaa10078nj/optelectric_simulate/SimGrid-3.21/CMakeFiles/CMakeTmp]
  ignore line: []
  ignore line: [Run Build Command:/usr/bin/gmake "cmTryCompileExec3207260574/fast"]
  ignore line: [/usr/bin/gmake -f CMakeFiles/cmTryCompileExec3207260574.dir/build.make CMakeFiles/cmTryCompileExec3207260574.dir/build]
  ignore line: [gmake[1]: Entering directory `/home/aaa10078nj/optelectric_simulate/SimGrid-3.21/CMakeFiles/CMakeTmp']
  ignore line: [/usr/bin/cmake -E cmake_progress_report /home/aaa10078nj/optelectric_simulate/SimGrid-3.21/CMakeFiles/CMakeTmp/CMakeFiles 1]
  ignore line: [Building C object CMakeFiles/cmTryCompileExec3207260574.dir/CMakeCCompilerABI.c.o]
  ignore line: [/usr/bin/cc    -o CMakeFiles/cmTryCompileExec3207260574.dir/CMakeCCompilerABI.c.o   -c /usr/share/cmake/Modules/CMakeCCompilerABI.c]
  ignore line: [Linking C executable cmTryCompileExec3207260574]
  ignore line: [/usr/bin/cmake -E cmake_link_script CMakeFiles/cmTryCompileExec3207260574.dir/link.txt --verbose=1]
  ignore line: [/usr/bin/cc     -v CMakeFiles/cmTryCompileExec3207260574.dir/CMakeCCompilerABI.c.o  -o cmTryCompileExec3207260574 -rdynamic  ]
  ignore line: [Using built-in specs.]
  ignore line: [COLLECT_GCC=/usr/bin/cc]
  ignore line: [COLLECT_LTO_WRAPPER=/usr/libexec/gcc/x86_64-redhat-linux/4.8.5/lto-wrapper]
  ignore line: [Target: x86_64-redhat-linux]
  ignore line: [Configured with: ../configure --prefix=/usr --mandir=/usr/share/man --infodir=/usr/share/info --with-bugurl=http://bugzilla.redhat.com/bugzilla --enable-bootstrap --enable-shared --enable-threads=posix --enable-checking=release --with-system-zlib --enable-__cxa_atexit --disable-libunwind-exceptions --enable-gnu-unique-object --enable-linker-build-id --with-linker-hash-style=gnu --enable-languages=c,c++,objc,obj-c++,java,fortran,ada,go,lto --enable-plugin --enable-initfini-array --disable-libgcj --with-isl=/builddir/build/BUILD/gcc-4.8.5-20150702/obj-x86_64-redhat-linux/isl-install --with-cloog=/builddir/build/BUILD/gcc-4.8.5-20150702/obj-x86_64-redhat-linux/cloog-install --enable-gnu-indirect-function --with-tune=generic --with-arch_32=x86-64 --build=x86_64-redhat-linux]
  ignore line: [Thread model: posix]
  ignore line: [gcc version 4.8.5 20150623 (Red Hat 4.8.5-28) (GCC) ]
  ignore line: [COMPILER_PATH=/usr/libexec/gcc/x86_64-redhat-linux/4.8.5/:/usr/libexec/gcc/x86_64-redhat-linux/4.8.5/:/usr/libexec/gcc/x86_64-redhat-linux/:/usr/lib/gcc/x86_64-redhat-linux/4.8.5/:/usr/lib/gcc/x86_64-redhat-linux/]
  ignore line: [LIBRARY_PATH=/usr/lib/gcc/x86_64-redhat-linux/4.8.5/:/usr/lib/gcc/x86_64-redhat-linux/4.8.5/../../../../lib64/:/lib/../lib64/:/usr/lib/../lib64/:/usr/lib/gcc/x86_64-redhat-linux/4.8.5/../../../:/lib/:/usr/lib/]
  ignore line: [COLLECT_GCC_OPTIONS='-v' '-o' 'cmTryCompileExec3207260574' '-rdynamic' '-mtune=generic' '-march=x86-64']
  link line: [ /usr/libexec/gcc/x86_64-redhat-linux/4.8.5/collect2 --build-id --no-add-needed --eh-frame-hdr --hash-style=gnu -m elf_x86_64 -export-dynamic -dynamic-linker /lib64/ld-linux-x86-64.so.2 -o cmTryCompileExec3207260574 /usr/lib/gcc/x86_64-redhat-linux/4.8.5/../../../../lib64/crt1.o /usr/lib/gcc/x86_64-redhat-linux/4.8.5/../../../../lib64/crti.o /usr/lib/gcc/x86_64-redhat-linux/4.8.5/crtbegin.o -L/usr/lib/gcc/x86_64-redhat-linux/4.8.5 -L/usr/lib/gcc/x86_64-redhat-linux/4.8.5/../../../../lib64 -L/lib/../lib64 -L/usr/lib/../lib64 -L/usr/lib/gcc/x86_64-redhat-linux/4.8.5/../../.. CMakeFiles/cmTryCompileExec3207260574.dir/CMakeCCompilerABI.c.o -lgcc --as-needed -lgcc_s --no-as-needed -lc -lgcc --as-needed -lgcc_s --no-as-needed /usr/lib/gcc/x86_64-redhat-linux/4.8.5/crtend.o /usr/lib/gcc/x86_64-redhat-linux/4.8.5/../../../../lib64/crtn.o]
    arg [/usr/libexec/gcc/x86_64-redhat-linux/4.8.5/collect2] ==> ignore
    arg [--build-id] ==> ignore
    arg [--no-add-needed] ==> ignore
    arg [--eh-frame-hdr] ==> ignore
    arg [--hash-style=gnu] ==> ignore
    arg [-m] ==> ignore
    arg [elf_x86_64] ==> ignore
    arg [-export-dynamic] ==> ignore
    arg [-dynamic-linker] ==> ignore
    arg [/lib64/ld-linux-x86-64.so.2] ==> ignore
    arg [-o] ==> ignore
    arg [cmTryCompileExec3207260574] ==> ignore
    arg [/usr/lib/gcc/x86_64-redhat-linux/4.8.5/../../../../lib64/crt1.o] ==> ignore
    arg [/usr/lib/gcc/x86_64-redhat-linux/4.8.5/../../../../lib64/crti.o] ==> ignore
    arg [/usr/lib/gcc/x86_64-redhat-linux/4.8.5/crtbegin.o] ==> ignore
    arg [-L/usr/lib/gcc/x86_64-redhat-linux/4.8.5] ==> dir [/usr/lib/gcc/x86_64-redhat-linux/4.8.5]
    arg [-L/usr/lib/gcc/x86_64-redhat-linux/4.8.5/../../../../lib64] ==> dir [/usr/lib/gcc/x86_64-redhat-linux/4.8.5/../../../../lib64]
    arg [-L/lib/../lib64] ==> dir [/lib/../lib64]
    arg [-L/usr/lib/../lib64] ==> dir [/usr/lib/../lib64]
    arg [-L/usr/lib/gcc/x86_64-redhat-linux/4.8.5/../../..] ==> dir [/usr/lib/gcc/x86_64-redhat-linux/4.8.5/../../..]
    arg [CMakeFiles/cmTryCompileExec3207260574.dir/CMakeCCompilerABI.c.o] ==> ignore
    arg [-lgcc] ==> lib [gcc]
    arg [--as-needed] ==> ignore
    arg [-lgcc_s] ==> lib [gcc_s]
    arg [--no-as-needed] ==> ignore
    arg [-lc] ==> lib [c]
    arg [-lgcc] ==> lib [gcc]
    arg [--as-needed] ==> ignore
    arg [-lgcc_s] ==> lib [gcc_s]
    arg [--no-as-needed] ==> ignore
    arg [/usr/lib/gcc/x86_64-redhat-linux/4.8.5/crtend.o] ==> ignore
    arg [/usr/lib/gcc/x86_64-redhat-linux/4.8.5/../../../../lib64/crtn.o] ==> ignore
  remove lib [gcc]
  remove lib [gcc_s]
  remove lib [gcc]
  remove lib [gcc_s]
  collapse library dir [/usr/lib/gcc/x86_64-redhat-linux/4.8.5] ==> [/usr/lib/gcc/x86_64-redhat-linux/4.8.5]
  collapse library dir [/usr/lib/gcc/x86_64-redhat-linux/4.8.5/../../../../lib64] ==> [/usr/lib64]
  collapse library dir [/lib/../lib64] ==> [/lib64]
  collapse library dir [/usr/lib/../lib64] ==> [/usr/lib64]
  collapse library dir [/usr/lib/gcc/x86_64-redhat-linux/4.8.5/../../..] ==> [/usr/lib]
  implicit libs: [c]
  implicit dirs: [/usr/lib/gcc/x86_64-redhat-linux/4.8.5;/usr/lib64;/lib64;/usr/lib]
  implicit fwks: []


Determining if the CXX compiler works passed with the following output:
Change Dir: /home/aaa10078nj/optelectric_simulate/SimGrid-3.21/CMakeFiles/CMakeTmp

Run Build Command:/usr/bin/gmake "cmTryCompileExec1954547737/fast"
/usr/bin/gmake -f CMakeFiles/cmTryCompileExec1954547737.dir/build.make CMakeFiles/cmTryCompileExec1954547737.dir/build
gmake[1]: Entering directory `/home/aaa10078nj/optelectric_simulate/SimGrid-3.21/CMakeFiles/CMakeTmp'
/usr/bin/cmake -E cmake_progress_report /home/aaa10078nj/optelectric_simulate/SimGrid-3.21/CMakeFiles/CMakeTmp/CMakeFiles 1
Building CXX object CMakeFiles/cmTryCompileExec1954547737.dir/testCXXCompiler.cxx.o
/usr/bin/c++     -o CMakeFiles/cmTryCompileExec1954547737.dir/testCXXCompiler.cxx.o -c /home/aaa10078nj/optelectric_simulate/SimGrid-3.21/CMakeFiles/CMakeTmp/testCXXCompiler.cxx
Linking CXX executable cmTryCompileExec1954547737
/usr/bin/cmake -E cmake_link_script CMakeFiles/cmTryCompileExec1954547737.dir/link.txt --verbose=1
/usr/bin/c++        CMakeFiles/cmTryCompileExec1954547737.dir/testCXXCompiler.cxx.o  -o cmTryCompileExec1954547737 -rdynamic 
gmake[1]: Leaving directory `/home/aaa10078nj/optelectric_simulate/SimGrid-3.21/CMakeFiles/CMakeTmp'


Detecting CXX compiler ABI info compiled with the following output:
Change Dir: /home/aaa10078nj/optelectric_simulate/SimGrid-3.21/CMakeFiles/CMakeTmp

Run Build Command:/usr/bin/gmake "cmTryCompileExec3579833867/fast"
/usr/bin/gmake -f CMakeFiles/cmTryCompileExec3579833867.dir/build.make CMakeFiles/cmTryCompileExec3579833867.dir/build
gmake[1]: Entering directory `/home/aaa10078nj/optelectric_simulate/SimGrid-3.21/CMakeFiles/CMakeTmp'
/usr/bin/cmake -E cmake_progress_report /home/aaa10078nj/optelectric_simulate/SimGrid-3.21/CMakeFiles/CMakeTmp/CMakeFiles 1
Building CXX object CMakeFiles/cmTryCompileExec3579833867.dir/CMakeCXXCompilerABI.cpp.o
/usr/bin/c++     -o CMakeFiles/cmTryCompileExec3579833867.dir/CMakeCXXCompilerABI.cpp.o -c /usr/share/cmake/Modules/CMakeCXXCompilerABI.cpp
Linking CXX executable cmTryCompileExec3579833867
/usr/bin/cmake -E cmake_link_script CMakeFiles/cmTryCompileExec3579833867.dir/link.txt --verbose=1
/usr/bin/c++      -v CMakeFiles/cmTryCompileExec3579833867.dir/CMakeCXXCompilerABI.cpp.o  -o cmTryCompileExec3579833867 -rdynamic  
Using built-in specs.
COLLECT_GCC=/usr/bin/c++
COLLECT_LTO_WRAPPER=/usr/libexec/gcc/x86_64-redhat-linux/4.8.5/lto-wrapper
Target: x86_64-redhat-linux
Configured with: ../configure --prefix=/usr --mandir=/usr/share/man --infodir=/usr/share/info --with-bugurl=http://bugzilla.redhat.com/bugzilla --enable-bootstrap --enable-shared --enable-threads=posix --enable-checking=release --with-system-zlib --enable-__cxa_atexit --disable-libunwind-exceptions --enable-gnu-unique-object --enable-linker-build-id --with-linker-hash-style=gnu --enable-languages=c,c++,objc,obj-c++,java,fortran,ada,go,lto --enable-plugin --enable-initfini-array --disable-libgcj --with-isl=/builddir/build/BUILD/gcc-4.8.5-20150702/obj-x86_64-redhat-linux/isl-install --with-cloog=/builddir/build/BUILD/gcc-4.8.5-20150702/obj-x86_64-redhat-linux/cloog-install --enable-gnu-indirect-function --with-tune=generic --with-arch_32=x86-64 --build=x86_64-redhat-linux
Thread model: posix
gcc version 4.8.5 20150623 (Red Hat 4.8.5-28) (GCC) 
COMPILER_PATH=/usr/libexec/gcc/x86_64-redhat-linux/4.8.5/:/usr/libexec/gcc/x86_64-redhat-linux/4.8.5/:/usr/libexec/gcc/x86_64-redhat-linux/:/usr/lib/gcc/x86_64-redhat-linux/4.8.5/:/usr/lib/gcc/x86_64-redhat-linux/
LIBRARY_PATH=/usr/lib/gcc/x86_64-redhat-linux/4.8.5/:/usr/lib/gcc/x86_64-redhat-linux/4.8.5/../../../../lib64/:/lib/../lib64/:/usr/lib/../lib64/:/usr/lib/gcc/x86_64-redhat-linux/4.8.5/../../../:/lib/:/usr/lib/
COLLECT_GCC_OPTIONS='-v' '-o' 'cmTryCompileExec3579833867' '-rdynamic' '-shared-libgcc' '-mtune=generic' '-march=x86-64'
 /usr/libexec/gcc/x86_64-redhat-linux/4.8.5/collect2 --build-id --no-add-needed --eh-frame-hdr --hash-style=gnu -m elf_x86_64 -export-dynamic -dynamic-linker /lib64/ld-linux-x86-64.so.2 -o cmTryCompileExec3579833867 /usr/lib/gcc/x86_64-redhat-linux/4.8.5/../../../../lib64/crt1.o /usr/lib/gcc/x86_64-redhat-linux/4.8.5/../../../../lib64/crti.o /usr/lib/gcc/x86_64-redhat-linux/4.8.5/crtbegin.o -L/usr/lib/gcc/x86_64-redhat-linux/4.8.5 -L/usr/lib/gcc/x86_64-redhat-linux/4.8.5/../../../../lib64 -L/lib/../lib64 -L/usr/lib/../lib64 -L/usr/lib/gcc/x86_64-redhat-linux/4.8.5/../../.. CMakeFiles/cmTryCompileExec3579833867.dir/CMakeCXXCompilerABI.cpp.o -lstdc++ -lm -lgcc_s -lgcc -lc -lgcc_s -lgcc /usr/lib/gcc/x86_64-redhat-linux/4.8.5/crtend.o /usr/lib/gcc/x86_64-redhat-linux/4.8.5/../../../../lib64/crtn.o
gmake[1]: Leaving directory `/home/aaa10078nj/optelectric_simulate/SimGrid-3.21/CMakeFiles/CMakeTmp'


Parsed CXX implicit link information from above output:
  link line regex: [^( *|.*[/\])(ld|([^/\]+-)?ld|collect2)[^/\]*( |$)]
  ignore line: [Change Dir: /home/aaa10078nj/optelectric_simulate/SimGrid-3.21/CMakeFiles/CMakeTmp]
  ignore line: []
  ignore line: [Run Build Command:/usr/bin/gmake "cmTryCompileExec3579833867/fast"]
  ignore line: [/usr/bin/gmake -f CMakeFiles/cmTryCompileExec3579833867.dir/build.make CMakeFiles/cmTryCompileExec3579833867.dir/build]
  ignore line: [gmake[1]: Entering directory `/home/aaa10078nj/optelectric_simulate/SimGrid-3.21/CMakeFiles/CMakeTmp']
  ignore line: [/usr/bin/cmake -E cmake_progress_report /home/aaa10078nj/optelectric_simulate/SimGrid-3.21/CMakeFiles/CMakeTmp/CMakeFiles 1]
  ignore line: [Building CXX object CMakeFiles/cmTryCompileExec3579833867.dir/CMakeCXXCompilerABI.cpp.o]
  ignore line: [/usr/bin/c++     -o CMakeFiles/cmTryCompileExec3579833867.dir/CMakeCXXCompilerABI.cpp.o -c /usr/share/cmake/Modules/CMakeCXXCompilerABI.cpp]
  ignore line: [Linking CXX executable cmTryCompileExec3579833867]
  ignore line: [/usr/bin/cmake -E cmake_link_script CMakeFiles/cmTryCompileExec3579833867.dir/link.txt --verbose=1]
  ignore line: [/usr/bin/c++      -v CMakeFiles/cmTryCompileExec3579833867.dir/CMakeCXXCompilerABI.cpp.o  -o cmTryCompileExec3579833867 -rdynamic  ]
  ignore line: [Using built-in specs.]
  ignore line: [COLLECT_GCC=/usr/bin/c++]
  ignore line: [COLLECT_LTO_WRAPPER=/usr/libexec/gcc/x86_64-redhat-linux/4.8.5/lto-wrapper]
  ignore line: [Target: x86_64-redhat-linux]
  ignore line: [Configured with: ../configure --prefix=/usr --mandir=/usr/share/man --infodir=/usr/share/info --with-bugurl=http://bugzilla.redhat.com/bugzilla --enable-bootstrap --enable-shared --enable-threads=posix --enable-checking=release --with-system-zlib --enable-__cxa_atexit --disable-libunwind-exceptions --enable-gnu-unique-object --enable-linker-build-id --with-linker-hash-style=gnu --enable-languages=c,c++,objc,obj-c++,java,fortran,ada,go,lto --enable-plugin --enable-initfini-array --disable-libgcj --with-isl=/builddir/build/BUILD/gcc-4.8.5-20150702/obj-x86_64-redhat-linux/isl-install --with-cloog=/builddir/build/BUILD/gcc-4.8.5-20150702/obj-x86_64-redhat-linux/cloog-install --enable-gnu-indirect-function --with-tune=generic --with-arch_32=x86-64 --build=x86_64-redhat-linux]
  ignore line: [Thread model: posix]
  ignore line: [gcc version 4.8.5 20150623 (Red Hat 4.8.5-28) (GCC) ]
  ignore line: [COMPILER_PATH=/usr/libexec/gcc/x86_64-redhat-linux/4.8.5/:/usr/libexec/gcc/x86_64-redhat-linux/4.8.5/:/usr/libexec/gcc/x86_64-redhat-linux/:/usr/lib/gcc/x86_64-redhat-linux/4.8.5/:/usr/lib/gcc/x86_64-redhat-linux/]
  ignore line: [LIBRARY_PATH=/usr/lib/gcc/x86_64-redhat-linux/4.8.5/:/usr/lib/gcc/x86_64-redhat-linux/4.8.5/../../../../lib64/:/lib/../lib64/:/usr/lib/../lib64/:/usr/lib/gcc/x86_64-redhat-linux/4.8.5/../../../:/lib/:/usr/lib/]
  ignore line: [COLLECT_GCC_OPTIONS='-v' '-o' 'cmTryCompileExec3579833867' '-rdynamic' '-shared-libgcc' '-mtune=generic' '-march=x86-64']
  link line: [ /usr/libexec/gcc/x86_64-redhat-linux/4.8.5/collect2 --build-id --no-add-needed --eh-frame-hdr --hash-style=gnu -m elf_x86_64 -export-dynamic -dynamic-linker /lib64/ld-linux-x86-64.so.2 -o cmTryCompileExec3579833867 /usr/lib/gcc/x86_64-redhat-linux/4.8.5/../../../../lib64/crt1.o /usr/lib/gcc/x86_64-redhat-linux/4.8.5/../../../../lib64/crti.o /usr/lib/gcc/x86_64-redhat-linux/4.8.5/crtbegin.o -L/usr/lib/gcc/x86_64-redhat-linux/4.8.5 -L/usr/lib/gcc/x86_64-redhat-linux/4.8.5/../../../../lib64 -L/lib/../lib64 -L/usr/lib/../lib64 -L/usr/lib/gcc/x86_64-redhat-linux/4.8.5/../../.. CMakeFiles/cmTryCompileExec3579833867.dir/CMakeCXXCompilerABI.cpp.o -lstdc++ -lm -lgcc_s -lgcc -lc -lgcc_s -lgcc /usr/lib/gcc/x86_64-redhat-linux/4.8.5/crtend.o /usr/lib/gcc/x86_64-redhat-linux/4.8.5/../../../../lib64/crtn.o]
    arg [/usr/libexec/gcc/x86_64-redhat-linux/4.8.5/collect2] ==> ignore
    arg [--build-id] ==> ignore
    arg [--no-add-needed] ==> ignore
    arg [--eh-frame-hdr] ==> ignore
    arg [--hash-style=gnu] ==> ignore
    arg [-m] ==> ignore
    arg [elf_x86_64] ==> ignore
    arg [-export-dynamic] ==> ignore
    arg [-dynamic-linker] ==> ignore
    arg [/lib64/ld-linux-x86-64.so.2] ==> ignore
    arg [-o] ==> ignore
    arg [cmTryCompileExec3579833867] ==> ignore
    arg [/usr/lib/gcc/x86_64-redhat-linux/4.8.5/../../../../lib64/crt1.o] ==> ignore
    arg [/usr/lib/gcc/x86_64-redhat-linux/4.8.5/../../../../lib64/crti.o] ==> ignore
    arg [/usr/lib/gcc/x86_64-redhat-linux/4.8.5/crtbegin.o] ==> ignore
    arg [-L/usr/lib/gcc/x86_64-redhat-linux/4.8.5] ==> dir [/usr/lib/gcc/x86_64-redhat-linux/4.8.5]
    arg [-L/usr/lib/gcc/x86_64-redhat-linux/4.8.5/../../../../lib64] ==> dir [/usr/lib/gcc/x86_64-redhat-linux/4.8.5/../../../../lib64]
    arg [-L/lib/../lib64] ==> dir [/lib/../lib64]
    arg [-L/usr/lib/../lib64] ==> dir [/usr/lib/../lib64]
    arg [-L/usr/lib/gcc/x86_64-redhat-linux/4.8.5/../../..] ==> dir [/usr/lib/gcc/x86_64-redhat-linux/4.8.5/../../..]
    arg [CMakeFiles/cmTryCompileExec3579833867.dir/CMakeCXXCompilerABI.cpp.o] ==> ignore
    arg [-lstdc++] ==> lib [stdc++]
    arg [-lm] ==> lib [m]
    arg [-lgcc_s] ==> lib [gcc_s]
    arg [-lgcc] ==> lib [gcc]
    arg [-lc] ==> lib [c]
    arg [-lgcc_s] ==> lib [gcc_s]
    arg [-lgcc] ==> lib [gcc]
    arg [/usr/lib/gcc/x86_64-redhat-linux/4.8.5/crtend.o] ==> ignore
    arg [/usr/lib/gcc/x86_64-redhat-linux/4.8.5/../../../../lib64/crtn.o] ==> ignore
  remove lib [gcc_s]
  remove lib [gcc]
  remove lib [gcc_s]
  remove lib [gcc]
  collapse library dir [/usr/lib/gcc/x86_64-redhat-linux/4.8.5] ==> [/usr/lib/gcc/x86_64-redhat-linux/4.8.5]
  collapse library dir [/usr/lib/gcc/x86_64-redhat-linux/4.8.5/../../../../lib64] ==> [/usr/lib64]
  collapse library dir [/lib/../lib64] ==> [/lib64]
  collapse library dir [/usr/lib/../lib64] ==> [/usr/lib64]
  collapse library dir [/usr/lib/gcc/x86_64-redhat-linux/4.8.5/../../..] ==> [/usr/lib]
  implicit libs: [stdc++;m;c]
  implicit dirs: [/usr/lib/gcc/x86_64-redhat-linux/4.8.5;/usr/lib64;/lib64;/usr/lib]
  implicit fwks: []


Performing C++ SOURCE FILE Test COMPILER_SUPPORTS_CXX11 succeded with the following output:
Change Dir: /home/aaa10078nj/optelectric_simulate/SimGrid-3.21/CMakeFiles/CMakeTmp

Run Build Command:/usr/bin/gmake "cmTryCompileExec3637035216/fast"
/usr/bin/gmake -f CMakeFiles/cmTryCompileExec3637035216.dir/build.make CMakeFiles/cmTryCompileExec3637035216.dir/build
gmake[1]: Entering directory `/home/aaa10078nj/optelectric_simulate/SimGrid-3.21/CMakeFiles/CMakeTmp'
/usr/bin/cmake -E cmake_progress_report /home/aaa10078nj/optelectric_simulate/SimGrid-3.21/CMakeFiles/CMakeTmp/CMakeFiles 1
Building CXX object CMakeFiles/cmTryCompileExec3637035216.dir/src.cxx.o
/usr/bin/c++    -g3 -DCOMPILER_SUPPORTS_CXX11   -std=gnu++11 -o CMakeFiles/cmTryCompileExec3637035216.dir/src.cxx.o -c /home/aaa10078nj/optelectric_simulate/SimGrid-3.21/CMakeFiles/CMakeTmp/src.cxx
Linking CXX executable cmTryCompileExec3637035216
/usr/bin/cmake -E cmake_link_script CMakeFiles/cmTryCompileExec3637035216.dir/link.txt --verbose=1
/usr/bin/c++    -g3 -DCOMPILER_SUPPORTS_CXX11    CMakeFiles/cmTryCompileExec3637035216.dir/src.cxx.o  -o cmTryCompileExec3637035216 -rdynamic 
gmake[1]: Leaving directory `/home/aaa10078nj/optelectric_simulate/SimGrid-3.21/CMakeFiles/CMakeTmp'

Source file was:
int main() { return 0;}
Performing C SOURCE FILE Test COMPILER_SUPPORTS_C11 succeded with the following output:
Change Dir: /home/aaa10078nj/optelectric_simulate/SimGrid-3.21/CMakeFiles/CMakeTmp

Run Build Command:/usr/bin/gmake "cmTryCompileExec832461655/fast"
/usr/bin/gmake -f CMakeFiles/cmTryCompileExec832461655.dir/build.make CMakeFiles/cmTryCompileExec832461655.dir/build
gmake[1]: Entering directory `/home/aaa10078nj/optelectric_simulate/SimGrid-3.21/CMakeFiles/CMakeTmp'
/usr/bin/cmake -E cmake_progress_report /home/aaa10078nj/optelectric_simulate/SimGrid-3.21/CMakeFiles/CMakeTmp/CMakeFiles 1
Building C object CMakeFiles/cmTryCompileExec832461655.dir/src.c.o
/usr/bin/cc   -g3 -DCOMPILER_SUPPORTS_C11   -std=gnu11 -o CMakeFiles/cmTryCompileExec832461655.dir/src.c.o   -c /home/aaa10078nj/optelectric_simulate/SimGrid-3.21/CMakeFiles/CMakeTmp/src.c
Linking C executable cmTryCompileExec832461655
/usr/bin/cmake -E cmake_link_script CMakeFiles/cmTryCompileExec832461655.dir/link.txt --verbose=1
/usr/bin/cc   -g3 -DCOMPILER_SUPPORTS_C11    CMakeFiles/cmTryCompileExec832461655.dir/src.c.o  -o cmTryCompileExec832461655 -rdynamic 
gmake[1]: Leaving directory `/home/aaa10078nj/optelectric_simulate/SimGrid-3.21/CMakeFiles/CMakeTmp'

Source file was:
int main(void) { return 0; }
Determining if files pthread.h exist passed with the following output:
Change Dir: /home/aaa10078nj/optelectric_simulate/SimGrid-3.21/CMakeFiles/CMakeTmp

Run Build Command:/usr/bin/gmake "cmTryCompileExec684521410/fast"
/usr/bin/gmake -f CMakeFiles/cmTryCompileExec684521410.dir/build.make CMakeFiles/cmTryCompileExec684521410.dir/build
gmake[1]: Entering directory `/home/aaa10078nj/optelectric_simulate/SimGrid-3.21/CMakeFiles/CMakeTmp'
/usr/bin/cmake -E cmake_progress_report /home/aaa10078nj/optelectric_simulate/SimGrid-3.21/CMakeFiles/CMakeTmp/CMakeFiles 1
Building C object CMakeFiles/cmTryCompileExec684521410.dir/CheckIncludeFiles.c.o
/usr/bin/cc   -g3 -std=gnu11    -o CMakeFiles/cmTryCompileExec684521410.dir/CheckIncludeFiles.c.o   -c /home/aaa10078nj/optelectric_simulate/SimGrid-3.21/CMakeFiles/CMakeTmp/CheckIncludeFiles.c
Linking C executable cmTryCompileExec684521410
/usr/bin/cmake -E cmake_link_script CMakeFiles/cmTryCompileExec684521410.dir/link.txt --verbose=1
/usr/bin/cc   -g3 -std=gnu11     CMakeFiles/cmTryCompileExec684521410.dir/CheckIncludeFiles.c.o  -o cmTryCompileExec684521410 -rdynamic 
gmake[1]: Leaving directory `/home/aaa10078nj/optelectric_simulate/SimGrid-3.21/CMakeFiles/CMakeTmp'


Determining if the function pthread_create exists in the pthread passed with the following output:
Change Dir: /home/aaa10078nj/optelectric_simulate/SimGrid-3.21/CMakeFiles/CMakeTmp

Run Build Command:/usr/bin/gmake "cmTryCompileExec3321956223/fast"
/usr/bin/gmake -f CMakeFiles/cmTryCompileExec3321956223.dir/build.make CMakeFiles/cmTryCompileExec3321956223.dir/build
gmake[1]: Entering directory `/home/aaa10078nj/optelectric_simulate/SimGrid-3.21/CMakeFiles/CMakeTmp'
/usr/bin/cmake -E cmake_progress_report /home/aaa10078nj/optelectric_simulate/SimGrid-3.21/CMakeFiles/CMakeTmp/CMakeFiles 1
Building C object CMakeFiles/cmTryCompileExec3321956223.dir/CheckFunctionExists.c.o
/usr/bin/cc   -g3 -std=gnu11 -DCHECK_FUNCTION_EXISTS=pthread_create   -o CMakeFiles/cmTryCompileExec3321956223.dir/CheckFunctionExists.c.o   -c /usr/share/cmake/Modules/CheckFunctionExists.c
Linking C executable cmTryCompileExec3321956223
/usr/bin/cmake -E cmake_link_script CMakeFiles/cmTryCompileExec3321956223.dir/link.txt --verbose=1
/usr/bin/cc   -g3 -std=gnu11 -DCHECK_FUNCTION_EXISTS=pthread_create    CMakeFiles/cmTryCompileExec3321956223.dir/CheckFunctionExists.c.o  -o cmTryCompileExec3321956223 -rdynamic -lpthread 
gmake[1]: Leaving directory `/home/aaa10078nj/optelectric_simulate/SimGrid-3.21/CMakeFiles/CMakeTmp'


Compiling the Fortran compiler identification source file "CMakeFortranCompilerId.F" succeeded.
Compiler: /usr/bin/gfortran 
Build flags: ;-g
Id flags: 

The output was:
0


Compilation of the Fortran compiler identification source "CMakeFortranCompilerId.F" produced "a.out"

The Fortran compiler identification is GNU, found in "/home/aaa10078nj/optelectric_simulate/SimGrid-3.21/CMakeFiles/2.8.12.2/CompilerIdFortran/a.out"

Determining if the Fortran compiler works passed with the following output:
Change Dir: /home/aaa10078nj/optelectric_simulate/SimGrid-3.21/CMakeFiles/CMakeTmp

Run Build Command:/usr/bin/gmake "cmTryCompileExec2929272894/fast"
/usr/bin/gmake -f CMakeFiles/cmTryCompileExec2929272894.dir/build.make CMakeFiles/cmTryCompileExec2929272894.dir/build
gmake[1]: Entering directory `/home/aaa10078nj/optelectric_simulate/SimGrid-3.21/CMakeFiles/CMakeTmp'
/usr/bin/cmake -E cmake_progress_report /home/aaa10078nj/optelectric_simulate/SimGrid-3.21/CMakeFiles/CMakeTmp/CMakeFiles 1
Building Fortran object CMakeFiles/cmTryCompileExec2929272894.dir/testFortranCompiler.f.o
/usr/bin/gfortran    -c /home/aaa10078nj/optelectric_simulate/SimGrid-3.21/CMakeFiles/CMakeTmp/testFortranCompiler.f -o CMakeFiles/cmTryCompileExec2929272894.dir/testFortranCompiler.f.o
Linking Fortran executable cmTryCompileExec2929272894
/usr/bin/cmake -E cmake_link_script CMakeFiles/cmTryCompileExec2929272894.dir/link.txt --verbose=1
/usr/bin/gfortran       CMakeFiles/cmTryCompileExec2929272894.dir/testFortranCompiler.f.o  -o cmTryCompileExec2929272894 -rdynamic 
gmake[1]: Leaving directory `/home/aaa10078nj/optelectric_simulate/SimGrid-3.21/CMakeFiles/CMakeTmp'


Detecting Fortran compiler ABI info compiled with the following output:
Change Dir: /home/aaa10078nj/optelectric_simulate/SimGrid-3.21/CMakeFiles/CMakeTmp

Run Build Command:/usr/bin/gmake "cmTryCompileExec3226172860/fast"
/usr/bin/gmake -f CMakeFiles/cmTryCompileExec3226172860.dir/build.make CMakeFiles/cmTryCompileExec3226172860.dir/build
gmake[1]: Entering directory `/home/aaa10078nj/optelectric_simulate/SimGrid-3.21/CMakeFiles/CMakeTmp'
/usr/bin/cmake -E cmake_progress_report /home/aaa10078nj/optelectric_simulate/SimGrid-3.21/CMakeFiles/CMakeTmp/CMakeFiles 1
Building Fortran object CMakeFiles/cmTryCompileExec3226172860.dir/CMakeFortranCompilerABI.F.o
/usr/bin/gfortran    -c /usr/share/cmake/Modules/CMakeFortranCompilerABI.F -o CMakeFiles/cmTryCompileExec3226172860.dir/CMakeFortranCompilerABI.F.o
Linking Fortran executable cmTryCompileExec3226172860
/usr/bin/cmake -E cmake_link_script CMakeFiles/cmTryCompileExec3226172860.dir/link.txt --verbose=1
/usr/bin/gfortran   -v   CMakeFiles/cmTryCompileExec3226172860.dir/CMakeFortranCompilerABI.F.o  -o cmTryCompileExec3226172860 -rdynamic  
Driving: /usr/bin/gfortran -v CMakeFiles/cmTryCompileExec3226172860.dir/CMakeFortranCompilerABI.F.o -o cmTryCompileExec3226172860 -rdynamic -l gfortran -l m -shared-libgcc
Using built-in specs.
COLLECT_GCC=/usr/bin/gfortran
COLLECT_LTO_WRAPPER=/usr/libexec/gcc/x86_64-redhat-linux/4.8.5/lto-wrapper
Target: x86_64-redhat-linux
Configured with: ../configure --prefix=/usr --mandir=/usr/share/man --infodir=/usr/share/info --with-bugurl=http://bugzilla.redhat.com/bugzilla --enable-bootstrap --enable-shared --enable-threads=posix --enable-checking=release --with-system-zlib --enable-__cxa_atexit --disable-libunwind-exceptions --enable-gnu-unique-object --enable-linker-build-id --with-linker-hash-style=gnu --enable-languages=c,c++,objc,obj-c++,java,fortran,ada,go,lto --enable-plugin --enable-initfini-array --disable-libgcj --with-isl=/builddir/build/BUILD/gcc-4.8.5-20150702/obj-x86_64-redhat-linux/isl-install --with-cloog=/builddir/build/BUILD/gcc-4.8.5-20150702/obj-x86_64-redhat-linux/cloog-install --enable-gnu-indirect-function --with-tune=generic --with-arch_32=x86-64 --build=x86_64-redhat-linux
Thread model: posix
gcc version 4.8.5 20150623 (Red Hat 4.8.5-28) (GCC) 
Reading specs from /usr/lib/gcc/x86_64-redhat-linux/4.8.5/libgfortran.spec
rename spec lib to liborig
COLLECT_GCC_OPTIONS='-v' '-o' 'cmTryCompileExec3226172860' '-rdynamic' '-shared-libgcc' '-mtune=generic' '-march=x86-64'
COMPILER_PATH=/usr/libexec/gcc/x86_64-redhat-linux/4.8.5/:/usr/libexec/gcc/x86_64-redhat-linux/4.8.5/:/usr/libexec/gcc/x86_64-redhat-linux/:/usr/lib/gcc/x86_64-redhat-linux/4.8.5/:/usr/lib/gcc/x86_64-redhat-linux/
LIBRARY_PATH=/usr/lib/gcc/x86_64-redhat-linux/4.8.5/:/usr/lib/gcc/x86_64-redhat-linux/4.8.5/../../../../lib64/:/lib/../lib64/:/usr/lib/../lib64/:/usr/lib/gcc/x86_64-redhat-linux/4.8.5/../../../:/lib/:/usr/lib/
COLLECT_GCC_OPTIONS='-v' '-o' 'cmTryCompileExec3226172860' '-rdynamic' '-shared-libgcc' '-mtune=generic' '-march=x86-64'
 /usr/libexec/gcc/x86_64-redhat-linux/4.8.5/collect2 --build-id --no-add-needed --eh-frame-hdr --hash-style=gnu -m elf_x86_64 -export-dynamic -dynamic-linker /lib64/ld-linux-x86-64.so.2 -o cmTryCompileExec3226172860 /usr/lib/gcc/x86_64-redhat-linux/4.8.5/../../../../lib64/crt1.o /usr/lib/gcc/x86_64-redhat-linux/4.8.5/../../../../lib64/crti.o /usr/lib/gcc/x86_64-redhat-linux/4.8.5/crtbegin.o -L/usr/lib/gcc/x86_64-redhat-linux/4.8.5 -L/usr/lib/gcc/x86_64-redhat-linux/4.8.5/../../../../lib64 -L/lib/../lib64 -L/usr/lib/../lib64 -L/usr/lib/gcc/x86_64-redhat-linux/4.8.5/../../.. CMakeFiles/cmTryCompileExec3226172860.dir/CMakeFortranCompilerABI.F.o -lgfortran -lm -lgcc_s -lgcc -lquadmath -lm -lgcc_s -lgcc -lc -lgcc_s -lgcc /usr/lib/gcc/x86_64-redhat-linux/4.8.5/crtend.o /usr/lib/gcc/x86_64-redhat-linux/4.8.5/../../../../lib64/crtn.o
gmake[1]: Leaving directory `/home/aaa10078nj/optelectric_simulate/SimGrid-3.21/CMakeFiles/CMakeTmp'


Parsed Fortran implicit link information from above output:
  link line regex: [^( *|.*[/\])(ld|([^/\]+-)?ld|collect2)[^/\]*( |$)]
  ignore line: [Change Dir: /home/aaa10078nj/optelectric_simulate/SimGrid-3.21/CMakeFiles/CMakeTmp]
  ignore line: []
  ignore line: [Run Build Command:/usr/bin/gmake "cmTryCompileExec3226172860/fast"]
  ignore line: [/usr/bin/gmake -f CMakeFiles/cmTryCompileExec3226172860.dir/build.make CMakeFiles/cmTryCompileExec3226172860.dir/build]
  ignore line: [gmake[1]: Entering directory `/home/aaa10078nj/optelectric_simulate/SimGrid-3.21/CMakeFiles/CMakeTmp']
  ignore line: [/usr/bin/cmake -E cmake_progress_report /home/aaa10078nj/optelectric_simulate/SimGrid-3.21/CMakeFiles/CMakeTmp/CMakeFiles 1]
  ignore line: [Building Fortran object CMakeFiles/cmTryCompileExec3226172860.dir/CMakeFortranCompilerABI.F.o]
  ignore line: [/usr/bin/gfortran    -c /usr/share/cmake/Modules/CMakeFortranCompilerABI.F -o CMakeFiles/cmTryCompileExec3226172860.dir/CMakeFortranCompilerABI.F.o]
  ignore line: [Linking Fortran executable cmTryCompileExec3226172860]
  ignore line: [/usr/bin/cmake -E cmake_link_script CMakeFiles/cmTryCompileExec3226172860.dir/link.txt --verbose=1]
  ignore line: [/usr/bin/gfortran   -v   CMakeFiles/cmTryCompileExec3226172860.dir/CMakeFortranCompilerABI.F.o  -o cmTryCompileExec3226172860 -rdynamic  ]
  ignore line: [Driving: /usr/bin/gfortran -v CMakeFiles/cmTryCompileExec3226172860.dir/CMakeFortranCompilerABI.F.o -o cmTryCompileExec3226172860 -rdynamic -l gfortran -l m -shared-libgcc]
  ignore line: [Using built-in specs.]
  ignore line: [COLLECT_GCC=/usr/bin/gfortran]
  ignore line: [COLLECT_LTO_WRAPPER=/usr/libexec/gcc/x86_64-redhat-linux/4.8.5/lto-wrapper]
  ignore line: [Target: x86_64-redhat-linux]
  ignore line: [Configured with: ../configure --prefix=/usr --mandir=/usr/share/man --infodir=/usr/share/info --with-bugurl=http://bugzilla.redhat.com/bugzilla --enable-bootstrap --enable-shared --enable-threads=posix --enable-checking=release --with-system-zlib --enable-__cxa_atexit --disable-libunwind-exceptions --enable-gnu-unique-object --enable-linker-build-id --with-linker-hash-style=gnu --enable-languages=c,c++,objc,obj-c++,java,fortran,ada,go,lto --enable-plugin --enable-initfini-array --disable-libgcj --with-isl=/builddir/build/BUILD/gcc-4.8.5-20150702/obj-x86_64-redhat-linux/isl-install --with-cloog=/builddir/build/BUILD/gcc-4.8.5-20150702/obj-x86_64-redhat-linux/cloog-install --enable-gnu-indirect-function --with-tune=generic --with-arch_32=x86-64 --build=x86_64-redhat-linux]
  ignore line: [Thread model: posix]
  ignore line: [gcc version 4.8.5 20150623 (Red Hat 4.8.5-28) (GCC) ]
  ignore line: [Reading specs from /usr/lib/gcc/x86_64-redhat-linux/4.8.5/libgfortran.spec]
  ignore line: [rename spec lib to liborig]
  ignore line: [COLLECT_GCC_OPTIONS='-v' '-o' 'cmTryCompileExec3226172860' '-rdynamic' '-shared-libgcc' '-mtune=generic' '-march=x86-64']
  ignore line: [COMPILER_PATH=/usr/libexec/gcc/x86_64-redhat-linux/4.8.5/:/usr/libexec/gcc/x86_64-redhat-linux/4.8.5/:/usr/libexec/gcc/x86_64-redhat-linux/:/usr/lib/gcc/x86_64-redhat-linux/4.8.5/:/usr/lib/gcc/x86_64-redhat-linux/]
  ignore line: [LIBRARY_PATH=/usr/lib/gcc/x86_64-redhat-linux/4.8.5/:/usr/lib/gcc/x86_64-redhat-linux/4.8.5/../../../../lib64/:/lib/../lib64/:/usr/lib/../lib64/:/usr/lib/gcc/x86_64-redhat-linux/4.8.5/../../../:/lib/:/usr/lib/]
  ignore line: [COLLECT_GCC_OPTIONS='-v' '-o' 'cmTryCompileExec3226172860' '-rdynamic' '-shared-libgcc' '-mtune=generic' '-march=x86-64']
  link line: [ /usr/libexec/gcc/x86_64-redhat-linux/4.8.5/collect2 --build-id --no-add-needed --eh-frame-hdr --hash-style=gnu -m elf_x86_64 -export-dynamic -dynamic-linker /lib64/ld-linux-x86-64.so.2 -o cmTryCompileExec3226172860 /usr/lib/gcc/x86_64-redhat-linux/4.8.5/../../../../lib64/crt1.o /usr/lib/gcc/x86_64-redhat-linux/4.8.5/../../../../lib64/crti.o /usr/lib/gcc/x86_64-redhat-linux/4.8.5/crtbegin.o -L/usr/lib/gcc/x86_64-redhat-linux/4.8.5 -L/usr/lib/gcc/x86_64-redhat-linux/4.8.5/../../../../lib64 -L/lib/../lib64 -L/usr/lib/../lib64 -L/usr/lib/gcc/x86_64-redhat-linux/4.8.5/../../.. CMakeFiles/cmTryCompileExec3226172860.dir/CMakeFortranCompilerABI.F.o -lgfortran -lm -lgcc_s -lgcc -lquadmath -lm -lgcc_s -lgcc -lc -lgcc_s -lgcc /usr/lib/gcc/x86_64-redhat-linux/4.8.5/crtend.o /usr/lib/gcc/x86_64-redhat-linux/4.8.5/../../../../lib64/crtn.o]
    arg [/usr/libexec/gcc/x86_64-redhat-linux/4.8.5/collect2] ==> ignore
    arg [--build-id] ==> ignore
    arg [--no-add-needed] ==> ignore
    arg [--eh-frame-hdr] ==> ignore
    arg [--hash-style=gnu] ==> ignore
    arg [-m] ==> ignore
    arg [elf_x86_64] ==> ignore
    arg [-export-dynamic] ==> ignore
    arg [-dynamic-linker] ==> ignore
    arg [/lib64/ld-linux-x86-64.so.2] ==> ignore
    arg [-o] ==> ignore
    arg [cmTryCompileExec3226172860] ==> ignore
    arg [/usr/lib/gcc/x86_64-redhat-linux/4.8.5/../../../../lib64/crt1.o] ==> ignore
    arg [/usr/lib/gcc/x86_64-redhat-linux/4.8.5/../../../../lib64/crti.o] ==> ignore
    arg [/usr/lib/gcc/x86_64-redhat-linux/4.8.5/crtbegin.o] ==> ignore
    arg [-L/usr/lib/gcc/x86_64-redhat-linux/4.8.5] ==> dir [/usr/lib/gcc/x86_64-redhat-linux/4.8.5]
    arg [-L/usr/lib/gcc/x86_64-redhat-linux/4.8.5/../../../../lib64] ==> dir [/usr/lib/gcc/x86_64-redhat-linux/4.8.5/../../../../lib64]
    arg [-L/lib/../lib64] ==> dir [/lib/../lib64]
    arg [-L/usr/lib/../lib64] ==> dir [/usr/lib/../lib64]
    arg [-L/usr/lib/gcc/x86_64-redhat-linux/4.8.5/../../..] ==> dir [/usr/lib/gcc/x86_64-redhat-linux/4.8.5/../../..]
    arg [CMakeFiles/cmTryCompileExec3226172860.dir/CMakeFortranCompilerABI.F.o] ==> ignore
    arg [-lgfortran] ==> lib [gfortran]
    arg [-lm] ==> lib [m]
    arg [-lgcc_s] ==> lib [gcc_s]
    arg [-lgcc] ==> lib [gcc]
    arg [-lquadmath] ==> lib [quadmath]
    arg [-lm] ==> lib [m]
    arg [-lgcc_s] ==> lib [gcc_s]
    arg [-lgcc] ==> lib [gcc]
    arg [-lc] ==> lib [c]
    arg [-lgcc_s] ==> lib [gcc_s]
    arg [-lgcc] ==> lib [gcc]
    arg [/usr/lib/gcc/x86_64-redhat-linux/4.8.5/crtend.o] ==> ignore
    arg [/usr/lib/gcc/x86_64-redhat-linux/4.8.5/../../../../lib64/crtn.o] ==> ignore
  remove lib [gcc_s]
  remove lib [gcc]
  remove lib [gcc_s]
  remove lib [gcc]
  remove lib [gcc_s]
  remove lib [gcc]
  collapse library dir [/usr/lib/gcc/x86_64-redhat-linux/4.8.5] ==> [/usr/lib/gcc/x86_64-redhat-linux/4.8.5]
  collapse library dir [/usr/lib/gcc/x86_64-redhat-linux/4.8.5/../../../../lib64] ==> [/usr/lib64]
  collapse library dir [/lib/../lib64] ==> [/lib64]
  collapse library dir [/usr/lib/../lib64] ==> [/usr/lib64]
  collapse library dir [/usr/lib/gcc/x86_64-redhat-linux/4.8.5/../../..] ==> [/usr/lib]
  implicit libs: [gfortran;m;quadmath;m;c]
  implicit dirs: [/usr/lib/gcc/x86_64-redhat-linux/4.8.5;/usr/lib64;/lib64;/usr/lib]
  implicit fwks: []


Determining if the Fortran compiler supports Fortran 90 passed with the following output:
Change Dir: /home/aaa10078nj/optelectric_simulate/SimGrid-3.21/CMakeFiles/CMakeTmp

Run Build Command:/usr/bin/gmake "cmTryCompileExec241014356/fast"
/usr/bin/gmake -f CMakeFiles/cmTryCompileExec241014356.dir/build.make CMakeFiles/cmTryCompileExec241014356.dir/build
gmake[1]: Entering directory `/home/aaa10078nj/optelectric_simulate/SimGrid-3.21/CMakeFiles/CMakeTmp'
/usr/bin/cmake -E cmake_progress_report /home/aaa10078nj/optelectric_simulate/SimGrid-3.21/CMakeFiles/CMakeTmp/CMakeFiles 1
Building Fortran object CMakeFiles/cmTryCompileExec241014356.dir/testFortranCompilerF90.f90.o
/usr/bin/gfortran    -c /home/aaa10078nj/optelectric_simulate/SimGrid-3.21/CMakeFiles/CMakeTmp/testFortranCompilerF90.f90 -o CMakeFiles/cmTryCompileExec241014356.dir/testFortranCompilerF90.f90.o
Linking Fortran executable cmTryCompileExec241014356
/usr/bin/cmake -E cmake_link_script CMakeFiles/cmTryCompileExec241014356.dir/link.txt --verbose=1
/usr/bin/gfortran       CMakeFiles/cmTryCompileExec241014356.dir/testFortranCompilerF90.f90.o  -o cmTryCompileExec241014356 -rdynamic 
gmake[1]: Leaving directory `/home/aaa10078nj/optelectric_simulate/SimGrid-3.21/CMakeFiles/CMakeTmp'


The target system is: Linux - 3.10.0-862.el7.x86_64 - x86_64
The host system is: Linux - 3.10.0-862.el7.x86_64 - x86_64
Determining if the function clock_gettime exists in the rt passed with the following output:
Change Dir: /home/aaa10078nj/optelectric_simulate/SimGrid-3.21/CMakeFiles/CMakeTmp

Run Build Command:/usr/bin/gmake "cmTryCompileExec869900258/fast"
/usr/bin/gmake -f CMakeFiles/cmTryCompileExec869900258.dir/build.make CMakeFiles/cmTryCompileExec869900258.dir/build
gmake[1]: Entering directory `/home/aaa10078nj/optelectric_simulate/SimGrid-3.21/CMakeFiles/CMakeTmp'
/usr/bin/cmake -E cmake_progress_report /home/aaa10078nj/optelectric_simulate/SimGrid-3.21/CMakeFiles/CMakeTmp/CMakeFiles 1
Building C object CMakeFiles/cmTryCompileExec869900258.dir/CheckFunctionExists.c.o
/usr/bin/cc   -g3 -std=gnu11 -DCHECK_FUNCTION_EXISTS=clock_gettime   -o CMakeFiles/cmTryCompileExec869900258.dir/CheckFunctionExists.c.o   -c /usr/share/cmake/Modules/CheckFunctionExists.c
Linking C executable cmTryCompileExec869900258
/usr/bin/cmake -E cmake_link_script CMakeFiles/cmTryCompileExec869900258.dir/link.txt --verbose=1
/usr/bin/cc   -g3 -std=gnu11 -DCHECK_FUNCTION_EXISTS=clock_gettime    CMakeFiles/cmTryCompileExec869900258.dir/CheckFunctionExists.c.o  -o cmTryCompileExec869900258 -rdynamic -lrt 
gmake[1]: Leaving directory `/home/aaa10078nj/optelectric_simulate/SimGrid-3.21/CMakeFiles/CMakeTmp'


Determining if the include file valgrind/valgrind.h exists passed with the following output:
Change Dir: /home/aaa10078nj/optelectric_simulate/SimGrid-3.21/CMakeFiles/CMakeTmp

Run Build Command:/usr/bin/gmake "cmTryCompileExec478192025/fast"
/usr/bin/gmake -f CMakeFiles/cmTryCompileExec478192025.dir/build.make CMakeFiles/cmTryCompileExec478192025.dir/build
gmake[1]: Entering directory `/home/aaa10078nj/optelectric_simulate/SimGrid-3.21/CMakeFiles/CMakeTmp'
/usr/bin/cmake -E cmake_progress_report /home/aaa10078nj/optelectric_simulate/SimGrid-3.21/CMakeFiles/CMakeTmp/CMakeFiles 1
Building C object CMakeFiles/cmTryCompileExec478192025.dir/CheckIncludeFile.c.o
/usr/bin/cc  -D_GNU_SOURCE -g3 -std=gnu11    -o CMakeFiles/cmTryCompileExec478192025.dir/CheckIncludeFile.c.o   -c /home/aaa10078nj/optelectric_simulate/SimGrid-3.21/CMakeFiles/CMakeTmp/CheckIncludeFile.c
Linking C executable cmTryCompileExec478192025
/usr/bin/cmake -E cmake_link_script CMakeFiles/cmTryCompileExec478192025.dir/link.txt --verbose=1
/usr/bin/cc   -g3 -std=gnu11     CMakeFiles/cmTryCompileExec478192025.dir/CheckIncludeFile.c.o  -o cmTryCompileExec478192025 -rdynamic 
gmake[1]: Leaving directory `/home/aaa10078nj/optelectric_simulate/SimGrid-3.21/CMakeFiles/CMakeTmp'


Determining if the include file unistd.h exists passed with the following output:
Change Dir: /home/aaa10078nj/optelectric_simulate/SimGrid-3.21/CMakeFiles/CMakeTmp

Run Build Command:/usr/bin/gmake "cmTryCompileExec1957071065/fast"
/usr/bin/gmake -f CMakeFiles/cmTryCompileExec1957071065.dir/build.make CMakeFiles/cmTryCompileExec1957071065.dir/build
gmake[1]: Entering directory `/home/aaa10078nj/optelectric_simulate/SimGrid-3.21/CMakeFiles/CMakeTmp'
/usr/bin/cmake -E cmake_progress_report /home/aaa10078nj/optelectric_simulate/SimGrid-3.21/CMakeFiles/CMakeTmp/CMakeFiles 1
Building C object CMakeFiles/cmTryCompileExec1957071065.dir/CheckIncludeFile.c.o
/usr/bin/cc  -D_GNU_SOURCE -g3 -std=gnu11    -o CMakeFiles/cmTryCompileExec1957071065.dir/CheckIncludeFile.c.o   -c /home/aaa10078nj/optelectric_simulate/SimGrid-3.21/CMakeFiles/CMakeTmp/CheckIncludeFile.c
Linking C executable cmTryCompileExec1957071065
/usr/bin/cmake -E cmake_link_script CMakeFiles/cmTryCompileExec1957071065.dir/link.txt --verbose=1
/usr/bin/cc   -g3 -std=gnu11     CMakeFiles/cmTryCompileExec1957071065.dir/CheckIncludeFile.c.o  -o cmTryCompileExec1957071065 -rdynamic 
gmake[1]: Leaving directory `/home/aaa10078nj/optelectric_simulate/SimGrid-3.21/CMakeFiles/CMakeTmp'


Determining if the include file execinfo.h exists passed with the following output:
Change Dir: /home/aaa10078nj/optelectric_simulate/SimGrid-3.21/CMakeFiles/CMakeTmp

Run Build Command:/usr/bin/gmake "cmTryCompileExec892784531/fast"
/usr/bin/gmake -f CMakeFiles/cmTryCompileExec892784531.dir/build.make CMakeFiles/cmTryCompileExec892784531.dir/build
gmake[1]: Entering directory `/home/aaa10078nj/optelectric_simulate/SimGrid-3.21/CMakeFiles/CMakeTmp'
/usr/bin/cmake -E cmake_progress_report /home/aaa10078nj/optelectric_simulate/SimGrid-3.21/CMakeFiles/CMakeTmp/CMakeFiles 1
Building C object CMakeFiles/cmTryCompileExec892784531.dir/CheckIncludeFile.c.o
/usr/bin/cc  -D_GNU_SOURCE -g3 -std=gnu11    -o CMakeFiles/cmTryCompileExec892784531.dir/CheckIncludeFile.c.o   -c /home/aaa10078nj/optelectric_simulate/SimGrid-3.21/CMakeFiles/CMakeTmp/CheckIncludeFile.c
Linking C executable cmTryCompileExec892784531
/usr/bin/cmake -E cmake_link_script CMakeFiles/cmTryCompileExec892784531.dir/link.txt --verbose=1
/usr/bin/cc   -g3 -std=gnu11     CMakeFiles/cmTryCompileExec892784531.dir/CheckIncludeFile.c.o  -o cmTryCompileExec892784531 -rdynamic 
gmake[1]: Leaving directory `/home/aaa10078nj/optelectric_simulate/SimGrid-3.21/CMakeFiles/CMakeTmp'


Determining if the include file signal.h exists passed with the following output:
Change Dir: /home/aaa10078nj/optelectric_simulate/SimGrid-3.21/CMakeFiles/CMakeTmp

Run Build Command:/usr/bin/gmake "cmTryCompileExec509429241/fast"
/usr/bin/gmake -f CMakeFiles/cmTryCompileExec509429241.dir/build.make CMakeFiles/cmTryCompileExec509429241.dir/build
gmake[1]: Entering directory `/home/aaa10078nj/optelectric_simulate/SimGrid-3.21/CMakeFiles/CMakeTmp'
/usr/bin/cmake -E cmake_progress_report /home/aaa10078nj/optelectric_simulate/SimGrid-3.21/CMakeFiles/CMakeTmp/CMakeFiles 1
Building C object CMakeFiles/cmTryCompileExec509429241.dir/CheckIncludeFile.c.o
/usr/bin/cc  -D_GNU_SOURCE -g3 -std=gnu11    -o CMakeFiles/cmTryCompileExec509429241.dir/CheckIncludeFile.c.o   -c /home/aaa10078nj/optelectric_simulate/SimGrid-3.21/CMakeFiles/CMakeTmp/CheckIncludeFile.c
Linking C executable cmTryCompileExec509429241
/usr/bin/cmake -E cmake_link_script CMakeFiles/cmTryCompileExec509429241.dir/link.txt --verbose=1
/usr/bin/cc   -g3 -std=gnu11     CMakeFiles/cmTryCompileExec509429241.dir/CheckIncludeFile.c.o  -o cmTryCompileExec509429241 -rdynamic 
gmake[1]: Leaving directory `/home/aaa10078nj/optelectric_simulate/SimGrid-3.21/CMakeFiles/CMakeTmp'


Determining if the include file sys/param.h exists passed with the following output:
Change Dir: /home/aaa10078nj/optelectric_simulate/SimGrid-3.21/CMakeFiles/CMakeTmp

Run Build Command:/usr/bin/gmake "cmTryCompileExec4079071315/fast"
/usr/bin/gmake -f CMakeFiles/cmTryCompileExec4079071315.dir/build.make CMakeFiles/cmTryCompileExec4079071315.dir/build
gmake[1]: Entering directory `/home/aaa10078nj/optelectric_simulate/SimGrid-3.21/CMakeFiles/CMakeTmp'
/usr/bin/cmake -E cmake_progress_report /home/aaa10078nj/optelectric_simulate/SimGrid-3.21/CMakeFiles/CMakeTmp/CMakeFiles 1
Building C object CMakeFiles/cmTryCompileExec4079071315.dir/CheckIncludeFile.c.o
/usr/bin/cc  -D_GNU_SOURCE -g3 -std=gnu11    -o CMakeFiles/cmTryCompileExec4079071315.dir/CheckIncludeFile.c.o   -c /home/aaa10078nj/optelectric_simulate/SimGrid-3.21/CMakeFiles/CMakeTmp/CheckIncludeFile.c
Linking C executable cmTryCompileExec4079071315
/usr/bin/cmake -E cmake_link_script CMakeFiles/cmTryCompileExec4079071315.dir/link.txt --verbose=1
/usr/bin/cc   -g3 -std=gnu11     CMakeFiles/cmTryCompileExec4079071315.dir/CheckIncludeFile.c.o  -o cmTryCompileExec4079071315 -rdynamic 
gmake[1]: Leaving directory `/home/aaa10078nj/optelectric_simulate/SimGrid-3.21/CMakeFiles/CMakeTmp'


Determining if the include file sys/sysctl.h exists passed with the following output:
Change Dir: /home/aaa10078nj/optelectric_simulate/SimGrid-3.21/CMakeFiles/CMakeTmp

Run Build Command:/usr/bin/gmake "cmTryCompileExec3775953458/fast"
/usr/bin/gmake -f CMakeFiles/cmTryCompileExec3775953458.dir/build.make CMakeFiles/cmTryCompileExec3775953458.dir/build
gmake[1]: Entering directory `/home/aaa10078nj/optelectric_simulate/SimGrid-3.21/CMakeFiles/CMakeTmp'
/usr/bin/cmake -E cmake_progress_report /home/aaa10078nj/optelectric_simulate/SimGrid-3.21/CMakeFiles/CMakeTmp/CMakeFiles 1
Building C object CMakeFiles/cmTryCompileExec3775953458.dir/CheckIncludeFile.c.o
/usr/bin/cc  -D_GNU_SOURCE -g3 -std=gnu11    -o CMakeFiles/cmTryCompileExec3775953458.dir/CheckIncludeFile.c.o   -c /home/aaa10078nj/optelectric_simulate/SimGrid-3.21/CMakeFiles/CMakeTmp/CheckIncludeFile.c
Linking C executable cmTryCompileExec3775953458
/usr/bin/cmake -E cmake_link_script CMakeFiles/cmTryCompileExec3775953458.dir/link.txt --verbose=1
/usr/bin/cc   -g3 -std=gnu11     CMakeFiles/cmTryCompileExec3775953458.dir/CheckIncludeFile.c.o  -o cmTryCompileExec3775953458 -rdynamic 
gmake[1]: Leaving directory `/home/aaa10078nj/optelectric_simulate/SimGrid-3.21/CMakeFiles/CMakeTmp'


Determining if the include file ucontext.h exists passed with the following output:
Change Dir: /home/aaa10078nj/optelectric_simulate/SimGrid-3.21/CMakeFiles/CMakeTmp

Run Build Command:/usr/bin/gmake "cmTryCompileExec3762267557/fast"
/usr/bin/gmake -f CMakeFiles/cmTryCompileExec3762267557.dir/build.make CMakeFiles/cmTryCompileExec3762267557.dir/build
gmake[1]: Entering directory `/home/aaa10078nj/optelectric_simulate/SimGrid-3.21/CMakeFiles/CMakeTmp'
/usr/bin/cmake -E cmake_progress_report /home/aaa10078nj/optelectric_simulate/SimGrid-3.21/CMakeFiles/CMakeTmp/CMakeFiles 1
Building C object CMakeFiles/cmTryCompileExec3762267557.dir/CheckIncludeFile.c.o
/usr/bin/cc  -D_GNU_SOURCE -g3 -std=gnu11    -o CMakeFiles/cmTryCompileExec3762267557.dir/CheckIncludeFile.c.o   -c /home/aaa10078nj/optelectric_simulate/SimGrid-3.21/CMakeFiles/CMakeTmp/CheckIncludeFile.c
Linking C executable cmTryCompileExec3762267557
/usr/bin/cmake -E cmake_link_script CMakeFiles/cmTryCompileExec3762267557.dir/link.txt --verbose=1
/usr/bin/cc   -g3 -std=gnu11     CMakeFiles/cmTryCompileExec3762267557.dir/CheckIncludeFile.c.o  -o cmTryCompileExec3762267557 -rdynamic 
gmake[1]: Leaving directory `/home/aaa10078nj/optelectric_simulate/SimGrid-3.21/CMakeFiles/CMakeTmp'


Determining if the include file linux/futex.h exists passed with the following output:
Change Dir: /home/aaa10078nj/optelectric_simulate/SimGrid-3.21/CMakeFiles/CMakeTmp

Run Build Command:/usr/bin/gmake "cmTryCompileExec529713602/fast"
/usr/bin/gmake -f CMakeFiles/cmTryCompileExec529713602.dir/build.make CMakeFiles/cmTryCompileExec529713602.dir/build
gmake[1]: Entering directory `/home/aaa10078nj/optelectric_simulate/SimGrid-3.21/CMakeFiles/CMakeTmp'
/usr/bin/cmake -E cmake_progress_report /home/aaa10078nj/optelectric_simulate/SimGrid-3.21/CMakeFiles/CMakeTmp/CMakeFiles 1
Building C object CMakeFiles/cmTryCompileExec529713602.dir/CheckIncludeFile.c.o
/usr/bin/cc  -D_GNU_SOURCE -g3 -std=gnu11    -o CMakeFiles/cmTryCompileExec529713602.dir/CheckIncludeFile.c.o   -c /home/aaa10078nj/optelectric_simulate/SimGrid-3.21/CMakeFiles/CMakeTmp/CheckIncludeFile.c
Linking C executable cmTryCompileExec529713602
/usr/bin/cmake -E cmake_link_script CMakeFiles/cmTryCompileExec529713602.dir/link.txt --verbose=1
/usr/bin/cc   -g3 -std=gnu11     CMakeFiles/cmTryCompileExec529713602.dir/CheckIncludeFile.c.o  -o cmTryCompileExec529713602 -rdynamic 
gmake[1]: Leaving directory `/home/aaa10078nj/optelectric_simulate/SimGrid-3.21/CMakeFiles/CMakeTmp'


Determining if the function backtrace exists passed with the following output:
Change Dir: /home/aaa10078nj/optelectric_simulate/SimGrid-3.21/CMakeFiles/CMakeTmp

Run Build Command:/usr/bin/gmake "cmTryCompileExec2007863549/fast"
/usr/bin/gmake -f CMakeFiles/cmTryCompileExec2007863549.dir/build.make CMakeFiles/cmTryCompileExec2007863549.dir/build
gmake[1]: Entering directory `/home/aaa10078nj/optelectric_simulate/SimGrid-3.21/CMakeFiles/CMakeTmp'
/usr/bin/cmake -E cmake_progress_report /home/aaa10078nj/optelectric_simulate/SimGrid-3.21/CMakeFiles/CMakeTmp/CMakeFiles 1
Building C object CMakeFiles/cmTryCompileExec2007863549.dir/CheckFunctionExists.c.o
/usr/bin/cc  -D_GNU_SOURCE -g3 -std=gnu11 -DCHECK_FUNCTION_EXISTS=backtrace   -o CMakeFiles/cmTryCompileExec2007863549.dir/CheckFunctionExists.c.o   -c /usr/share/cmake/Modules/CheckFunctionExists.c
Linking C executable cmTryCompileExec2007863549
/usr/bin/cmake -E cmake_link_script CMakeFiles/cmTryCompileExec2007863549.dir/link.txt --verbose=1
/usr/bin/cc   -g3 -std=gnu11 -DCHECK_FUNCTION_EXISTS=backtrace    CMakeFiles/cmTryCompileExec2007863549.dir/CheckFunctionExists.c.o  -o cmTryCompileExec2007863549 -rdynamic 
gmake[1]: Leaving directory `/home/aaa10078nj/optelectric_simulate/SimGrid-3.21/CMakeFiles/CMakeTmp'


Determining if the function gettimeofday exists passed with the following output:
Change Dir: /home/aaa10078nj/optelectric_simulate/SimGrid-3.21/CMakeFiles/CMakeTmp

Run Build Command:/usr/bin/gmake "cmTryCompileExec517491709/fast"
/usr/bin/gmake -f CMakeFiles/cmTryCompileExec517491709.dir/build.make CMakeFiles/cmTryCompileExec517491709.dir/build
gmake[1]: Entering directory `/home/aaa10078nj/optelectric_simulate/SimGrid-3.21/CMakeFiles/CMakeTmp'
/usr/bin/cmake -E cmake_progress_report /home/aaa10078nj/optelectric_simulate/SimGrid-3.21/CMakeFiles/CMakeTmp/CMakeFiles 1
Building C object CMakeFiles/cmTryCompileExec517491709.dir/CheckFunctionExists.c.o
/usr/bin/cc  -D_GNU_SOURCE -g3 -std=gnu11 -DCHECK_FUNCTION_EXISTS=gettimeofday   -o CMakeFiles/cmTryCompileExec517491709.dir/CheckFunctionExists.c.o   -c /usr/share/cmake/Modules/CheckFunctionExists.c
Linking C executable cmTryCompileExec517491709
/usr/bin/cmake -E cmake_link_script CMakeFiles/cmTryCompileExec517491709.dir/link.txt --verbose=1
/usr/bin/cc   -g3 -std=gnu11 -DCHECK_FUNCTION_EXISTS=gettimeofday    CMakeFiles/cmTryCompileExec517491709.dir/CheckFunctionExists.c.o  -o cmTryCompileExec517491709 -rdynamic 
gmake[1]: Leaving directory `/home/aaa10078nj/optelectric_simulate/SimGrid-3.21/CMakeFiles/CMakeTmp'


Determining if the function nanosleep exists passed with the following output:
Change Dir: /home/aaa10078nj/optelectric_simulate/SimGrid-3.21/CMakeFiles/CMakeTmp

Run Build Command:/usr/bin/gmake "cmTryCompileExec2419954706/fast"
/usr/bin/gmake -f CMakeFiles/cmTryCompileExec2419954706.dir/build.make CMakeFiles/cmTryCompileExec2419954706.dir/build
gmake[1]: Entering directory `/home/aaa10078nj/optelectric_simulate/SimGrid-3.21/CMakeFiles/CMakeTmp'
/usr/bin/cmake -E cmake_progress_report /home/aaa10078nj/optelectric_simulate/SimGrid-3.21/CMakeFiles/CMakeTmp/CMakeFiles 1
Building C object CMakeFiles/cmTryCompileExec2419954706.dir/CheckFunctionExists.c.o
/usr/bin/cc  -D_GNU_SOURCE -g3 -std=gnu11 -DCHECK_FUNCTION_EXISTS=nanosleep   -o CMakeFiles/cmTryCompileExec2419954706.dir/CheckFunctionExists.c.o   -c /usr/share/cmake/Modules/CheckFunctionExists.c
Linking C executable cmTryCompileExec2419954706
/usr/bin/cmake -E cmake_link_script CMakeFiles/cmTryCompileExec2419954706.dir/link.txt --verbose=1
/usr/bin/cc   -g3 -std=gnu11 -DCHECK_FUNCTION_EXISTS=nanosleep    CMakeFiles/cmTryCompileExec2419954706.dir/CheckFunctionExists.c.o  -o cmTryCompileExec2419954706 -rdynamic 
gmake[1]: Leaving directory `/home/aaa10078nj/optelectric_simulate/SimGrid-3.21/CMakeFiles/CMakeTmp'


Determining if the function getdtablesize exists passed with the following output:
Change Dir: /home/aaa10078nj/optelectric_simulate/SimGrid-3.21/CMakeFiles/CMakeTmp

Run Build Command:/usr/bin/gmake "cmTryCompileExec4024294103/fast"
/usr/bin/gmake -f CMakeFiles/cmTryCompileExec4024294103.dir/build.make CMakeFiles/cmTryCompileExec4024294103.dir/build
gmake[1]: Entering directory `/home/aaa10078nj/optelectric_simulate/SimGrid-3.21/CMakeFiles/CMakeTmp'
/usr/bin/cmake -E cmake_progress_report /home/aaa10078nj/optelectric_simulate/SimGrid-3.21/CMakeFiles/CMakeTmp/CMakeFiles 1
Building C object CMakeFiles/cmTryCompileExec4024294103.dir/CheckFunctionExists.c.o
/usr/bin/cc  -D_GNU_SOURCE -g3 -std=gnu11 -DCHECK_FUNCTION_EXISTS=getdtablesize   -o CMakeFiles/cmTryCompileExec4024294103.dir/CheckFunctionExists.c.o   -c /usr/share/cmake/Modules/CheckFunctionExists.c
Linking C executable cmTryCompileExec4024294103
/usr/bin/cmake -E cmake_link_script CMakeFiles/cmTryCompileExec4024294103.dir/link.txt --verbose=1
/usr/bin/cc   -g3 -std=gnu11 -DCHECK_FUNCTION_EXISTS=getdtablesize    CMakeFiles/cmTryCompileExec4024294103.dir/CheckFunctionExists.c.o  -o cmTryCompileExec4024294103 -rdynamic 
gmake[1]: Leaving directory `/home/aaa10078nj/optelectric_simulate/SimGrid-3.21/CMakeFiles/CMakeTmp'


Determining if the function sysconf exists passed with the following output:
Change Dir: /home/aaa10078nj/optelectric_simulate/SimGrid-3.21/CMakeFiles/CMakeTmp

Run Build Command:/usr/bin/gmake "cmTryCompileExec284597278/fast"
/usr/bin/gmake -f CMakeFiles/cmTryCompileExec284597278.dir/build.make CMakeFiles/cmTryCompileExec284597278.dir/build
gmake[1]: Entering directory `/home/aaa10078nj/optelectric_simulate/SimGrid-3.21/CMakeFiles/CMakeTmp'
/usr/bin/cmake -E cmake_progress_report /home/aaa10078nj/optelectric_simulate/SimGrid-3.21/CMakeFiles/CMakeTmp/CMakeFiles 1
Building C object CMakeFiles/cmTryCompileExec284597278.dir/CheckFunctionExists.c.o
/usr/bin/cc  -D_GNU_SOURCE -g3 -std=gnu11 -DCHECK_FUNCTION_EXISTS=sysconf   -o CMakeFiles/cmTryCompileExec284597278.dir/CheckFunctionExists.c.o   -c /usr/share/cmake/Modules/CheckFunctionExists.c
Linking C executable cmTryCompileExec284597278
/usr/bin/cmake -E cmake_link_script CMakeFiles/cmTryCompileExec284597278.dir/link.txt --verbose=1
/usr/bin/cc   -g3 -std=gnu11 -DCHECK_FUNCTION_EXISTS=sysconf    CMakeFiles/cmTryCompileExec284597278.dir/CheckFunctionExists.c.o  -o cmTryCompileExec284597278 -rdynamic 
gmake[1]: Leaving directory `/home/aaa10078nj/optelectric_simulate/SimGrid-3.21/CMakeFiles/CMakeTmp'


Determining if the function popen exists passed with the following output:
Change Dir: /home/aaa10078nj/optelectric_simulate/SimGrid-3.21/CMakeFiles/CMakeTmp

Run Build Command:/usr/bin/gmake "cmTryCompileExec470536022/fast"
/usr/bin/gmake -f CMakeFiles/cmTryCompileExec470536022.dir/build.make CMakeFiles/cmTryCompileExec470536022.dir/build
gmake[1]: Entering directory `/home/aaa10078nj/optelectric_simulate/SimGrid-3.21/CMakeFiles/CMakeTmp'
/usr/bin/cmake -E cmake_progress_report /home/aaa10078nj/optelectric_simulate/SimGrid-3.21/CMakeFiles/CMakeTmp/CMakeFiles 1
Building C object CMakeFiles/cmTryCompileExec470536022.dir/CheckFunctionExists.c.o
/usr/bin/cc  -D_GNU_SOURCE -g3 -std=gnu11 -DCHECK_FUNCTION_EXISTS=popen   -o CMakeFiles/cmTryCompileExec470536022.dir/CheckFunctionExists.c.o   -c /usr/share/cmake/Modules/CheckFunctionExists.c
Linking C executable cmTryCompileExec470536022
/usr/bin/cmake -E cmake_link_script CMakeFiles/cmTryCompileExec470536022.dir/link.txt --verbose=1
/usr/bin/cc   -g3 -std=gnu11 -DCHECK_FUNCTION_EXISTS=popen    CMakeFiles/cmTryCompileExec470536022.dir/CheckFunctionExists.c.o  -o cmTryCompileExec470536022 -rdynamic 
gmake[1]: Leaving directory `/home/aaa10078nj/optelectric_simulate/SimGrid-3.21/CMakeFiles/CMakeTmp'


Determining if the function process_vm_readv exists passed with the following output:
Change Dir: /home/aaa10078nj/optelectric_simulate/SimGrid-3.21/CMakeFiles/CMakeTmp

Run Build Command:/usr/bin/gmake "cmTryCompileExec1026793563/fast"
/usr/bin/gmake -f CMakeFiles/cmTryCompileExec1026793563.dir/build.make CMakeFiles/cmTryCompileExec1026793563.dir/build
gmake[1]: Entering directory `/home/aaa10078nj/optelectric_simulate/SimGrid-3.21/CMakeFiles/CMakeTmp'
/usr/bin/cmake -E cmake_progress_report /home/aaa10078nj/optelectric_simulate/SimGrid-3.21/CMakeFiles/CMakeTmp/CMakeFiles 1
Building C object CMakeFiles/cmTryCompileExec1026793563.dir/CheckFunctionExists.c.o
/usr/bin/cc  -D_GNU_SOURCE -g3 -std=gnu11 -DCHECK_FUNCTION_EXISTS=process_vm_readv   -o CMakeFiles/cmTryCompileExec1026793563.dir/CheckFunctionExists.c.o   -c /usr/share/cmake/Modules/CheckFunctionExists.c
Linking C executable cmTryCompileExec1026793563
/usr/bin/cmake -E cmake_link_script CMakeFiles/cmTryCompileExec1026793563.dir/link.txt --verbose=1
/usr/bin/cc   -g3 -std=gnu11 -DCHECK_FUNCTION_EXISTS=process_vm_readv    CMakeFiles/cmTryCompileExec1026793563.dir/CheckFunctionExists.c.o  -o cmTryCompileExec1026793563 -rdynamic 
gmake[1]: Leaving directory `/home/aaa10078nj/optelectric_simulate/SimGrid-3.21/CMakeFiles/CMakeTmp'


Determining if the function mmap exists passed with the following output:
Change Dir: /home/aaa10078nj/optelectric_simulate/SimGrid-3.21/CMakeFiles/CMakeTmp

Run Build Command:/usr/bin/gmake "cmTryCompileExec4058855272/fast"
/usr/bin/gmake -f CMakeFiles/cmTryCompileExec4058855272.dir/build.make CMakeFiles/cmTryCompileExec4058855272.dir/build
gmake[1]: Entering directory `/home/aaa10078nj/optelectric_simulate/SimGrid-3.21/CMakeFiles/CMakeTmp'
/usr/bin/cmake -E cmake_progress_report /home/aaa10078nj/optelectric_simulate/SimGrid-3.21/CMakeFiles/CMakeTmp/CMakeFiles 1
Building C object CMakeFiles/cmTryCompileExec4058855272.dir/CheckFunctionExists.c.o
/usr/bin/cc  -D_GNU_SOURCE -g3 -std=gnu11 -DCHECK_FUNCTION_EXISTS=mmap   -o CMakeFiles/cmTryCompileExec4058855272.dir/CheckFunctionExists.c.o   -c /usr/share/cmake/Modules/CheckFunctionExists.c
Linking C executable cmTryCompileExec4058855272
/usr/bin/cmake -E cmake_link_script CMakeFiles/cmTryCompileExec4058855272.dir/link.txt --verbose=1
/usr/bin/cc   -g3 -std=gnu11 -DCHECK_FUNCTION_EXISTS=mmap    CMakeFiles/cmTryCompileExec4058855272.dir/CheckFunctionExists.c.o  -o cmTryCompileExec4058855272 -rdynamic 
gmake[1]: Leaving directory `/home/aaa10078nj/optelectric_simulate/SimGrid-3.21/CMakeFiles/CMakeTmp'


Determining if the function mremap exists passed with the following output:
Change Dir: /home/aaa10078nj/optelectric_simulate/SimGrid-3.21/CMakeFiles/CMakeTmp

Run Build Command:/usr/bin/gmake "cmTryCompileExec1636305178/fast"
/usr/bin/gmake -f CMakeFiles/cmTryCompileExec1636305178.dir/build.make CMakeFiles/cmTryCompileExec1636305178.dir/build
gmake[1]: Entering directory `/home/aaa10078nj/optelectric_simulate/SimGrid-3.21/CMakeFiles/CMakeTmp'
/usr/bin/cmake -E cmake_progress_report /home/aaa10078nj/optelectric_simulate/SimGrid-3.21/CMakeFiles/CMakeTmp/CMakeFiles 1
Building C object CMakeFiles/cmTryCompileExec1636305178.dir/CheckFunctionExists.c.o
/usr/bin/cc  -D_GNU_SOURCE -g3 -std=gnu11 -DCHECK_FUNCTION_EXISTS=mremap   -o CMakeFiles/cmTryCompileExec1636305178.dir/CheckFunctionExists.c.o   -c /usr/share/cmake/Modules/CheckFunctionExists.c
Linking C executable cmTryCompileExec1636305178
/usr/bin/cmake -E cmake_link_script CMakeFiles/cmTryCompileExec1636305178.dir/link.txt --verbose=1
/usr/bin/cc   -g3 -std=gnu11 -DCHECK_FUNCTION_EXISTS=mremap    CMakeFiles/cmTryCompileExec1636305178.dir/CheckFunctionExists.c.o  -o cmTryCompileExec1636305178 -rdynamic 
gmake[1]: Leaving directory `/home/aaa10078nj/optelectric_simulate/SimGrid-3.21/CMakeFiles/CMakeTmp'


Determining if the vasprintf exist passed with the following output:
Change Dir: /home/aaa10078nj/optelectric_simulate/SimGrid-3.21/CMakeFiles/CMakeTmp

Run Build Command:/usr/bin/gmake "cmTryCompileExec1434907357/fast"
/usr/bin/gmake -f CMakeFiles/cmTryCompileExec1434907357.dir/build.make CMakeFiles/cmTryCompileExec1434907357.dir/build
gmake[1]: Entering directory `/home/aaa10078nj/optelectric_simulate/SimGrid-3.21/CMakeFiles/CMakeTmp'
/usr/bin/cmake -E cmake_progress_report /home/aaa10078nj/optelectric_simulate/SimGrid-3.21/CMakeFiles/CMakeTmp/CMakeFiles 1
Building C object CMakeFiles/cmTryCompileExec1434907357.dir/CheckSymbolExists.c.o
/usr/bin/cc  -D_GNU_SOURCE -g3 -std=gnu11    -o CMakeFiles/cmTryCompileExec1434907357.dir/CheckSymbolExists.c.o   -c /home/aaa10078nj/optelectric_simulate/SimGrid-3.21/CMakeFiles/CMakeTmp/CheckSymbolExists.c
Linking C executable cmTryCompileExec1434907357
/usr/bin/cmake -E cmake_link_script CMakeFiles/cmTryCompileExec1434907357.dir/link.txt --verbose=1
/usr/bin/cc   -g3 -std=gnu11     CMakeFiles/cmTryCompileExec1434907357.dir/CheckSymbolExists.c.o  -o cmTryCompileExec1434907357 -rdynamic 
gmake[1]: Leaving directory `/home/aaa10078nj/optelectric_simulate/SimGrid-3.21/CMakeFiles/CMakeTmp'

File /home/aaa10078nj/optelectric_simulate/SimGrid-3.21/CMakeFiles/CMakeTmp/CheckSymbolExists.c:
/* */
#include <stdio.h>

int main(int argc, char** argv)
{
  (void)argv;
#ifndef vasprintf
  return ((int*)(&vasprintf))[argc];
#else
  (void)argc;
  return 0;
#endif
}

Determining if the include file sys/sendfile.h exists passed with the following output:
Change Dir: /home/aaa10078nj/optelectric_simulate/SimGrid-3.21/CMakeFiles/CMakeTmp

Run Build Command:/usr/bin/gmake "cmTryCompileExec3685107625/fast"
/usr/bin/gmake -f CMakeFiles/cmTryCompileExec3685107625.dir/build.make CMakeFiles/cmTryCompileExec3685107625.dir/build
gmake[1]: Entering directory `/home/aaa10078nj/optelectric_simulate/SimGrid-3.21/CMakeFiles/CMakeTmp'
/usr/bin/cmake -E cmake_progress_report /home/aaa10078nj/optelectric_simulate/SimGrid-3.21/CMakeFiles/CMakeTmp/CMakeFiles 1
Building C object CMakeFiles/cmTryCompileExec3685107625.dir/CheckIncludeFile.c.o
/usr/bin/cc  -D_GNU_SOURCE -g3 -std=gnu11    -o CMakeFiles/cmTryCompileExec3685107625.dir/CheckIncludeFile.c.o   -c /home/aaa10078nj/optelectric_simulate/SimGrid-3.21/CMakeFiles/CMakeTmp/CheckIncludeFile.c
Linking C executable cmTryCompileExec3685107625
/usr/bin/cmake -E cmake_link_script CMakeFiles/cmTryCompileExec3685107625.dir/link.txt --verbose=1
/usr/bin/cc   -g3 -std=gnu11     CMakeFiles/cmTryCompileExec3685107625.dir/CheckIncludeFile.c.o  -o cmTryCompileExec3685107625 -rdynamic 
gmake[1]: Leaving directory `/home/aaa10078nj/optelectric_simulate/SimGrid-3.21/CMakeFiles/CMakeTmp'


Determining if the function sendfile exists passed with the following output:
Change Dir: /home/aaa10078nj/optelectric_simulate/SimGrid-3.21/CMakeFiles/CMakeTmp

Run Build Command:/usr/bin/gmake "cmTryCompileExec2289894237/fast"
/usr/bin/gmake -f CMakeFiles/cmTryCompileExec2289894237.dir/build.make CMakeFiles/cmTryCompileExec2289894237.dir/build
gmake[1]: Entering directory `/home/aaa10078nj/optelectric_simulate/SimGrid-3.21/CMakeFiles/CMakeTmp'
/usr/bin/cmake -E cmake_progress_report /home/aaa10078nj/optelectric_simulate/SimGrid-3.21/CMakeFiles/CMakeTmp/CMakeFiles 1
Building C object CMakeFiles/cmTryCompileExec2289894237.dir/CheckFunctionExists.c.o
/usr/bin/cc  -D_GNU_SOURCE -g3 -std=gnu11 -DCHECK_FUNCTION_EXISTS=sendfile   -o CMakeFiles/cmTryCompileExec2289894237.dir/CheckFunctionExists.c.o   -c /usr/share/cmake/Modules/CheckFunctionExists.c
Linking C executable cmTryCompileExec2289894237
/usr/bin/cmake -E cmake_link_script CMakeFiles/cmTryCompileExec2289894237.dir/link.txt --verbose=1
/usr/bin/cc   -g3 -std=gnu11 -DCHECK_FUNCTION_EXISTS=sendfile    CMakeFiles/cmTryCompileExec2289894237.dir/CheckFunctionExists.c.o  -o cmTryCompileExec2289894237 -rdynamic 
gmake[1]: Leaving directory `/home/aaa10078nj/optelectric_simulate/SimGrid-3.21/CMakeFiles/CMakeTmp'


Determining if the function sem_open exists in the pthread passed with the following output:
Change Dir: /home/aaa10078nj/optelectric_simulate/SimGrid-3.21/CMakeFiles/CMakeTmp

Run Build Command:/usr/bin/gmake "cmTryCompileExec648957942/fast"
/usr/bin/gmake -f CMakeFiles/cmTryCompileExec648957942.dir/build.make CMakeFiles/cmTryCompileExec648957942.dir/build
gmake[1]: Entering directory `/home/aaa10078nj/optelectric_simulate/SimGrid-3.21/CMakeFiles/CMakeTmp'
/usr/bin/cmake -E cmake_progress_report /home/aaa10078nj/optelectric_simulate/SimGrid-3.21/CMakeFiles/CMakeTmp/CMakeFiles 1
Building C object CMakeFiles/cmTryCompileExec648957942.dir/CheckFunctionExists.c.o
/usr/bin/cc  -D_GNU_SOURCE -g3 -std=gnu11 -DCHECK_FUNCTION_EXISTS=sem_open   -o CMakeFiles/cmTryCompileExec648957942.dir/CheckFunctionExists.c.o   -c /usr/share/cmake/Modules/CheckFunctionExists.c
Linking C executable cmTryCompileExec648957942
/usr/bin/cmake -E cmake_link_script CMakeFiles/cmTryCompileExec648957942.dir/link.txt --verbose=1
/usr/bin/cc   -g3 -std=gnu11 -DCHECK_FUNCTION_EXISTS=sem_open    CMakeFiles/cmTryCompileExec648957942.dir/CheckFunctionExists.c.o  -o cmTryCompileExec648957942 -rdynamic -lpthread 
gmake[1]: Leaving directory `/home/aaa10078nj/optelectric_simulate/SimGrid-3.21/CMakeFiles/CMakeTmp'


Determining if the function sem_init exists in the pthread passed with the following output:
Change Dir: /home/aaa10078nj/optelectric_simulate/SimGrid-3.21/CMakeFiles/CMakeTmp

Run Build Command:/usr/bin/gmake "cmTryCompileExec1851942793/fast"
/usr/bin/gmake -f CMakeFiles/cmTryCompileExec1851942793.dir/build.make CMakeFiles/cmTryCompileExec1851942793.dir/build
gmake[1]: Entering directory `/home/aaa10078nj/optelectric_simulate/SimGrid-3.21/CMakeFiles/CMakeTmp'
/usr/bin/cmake -E cmake_progress_report /home/aaa10078nj/optelectric_simulate/SimGrid-3.21/CMakeFiles/CMakeTmp/CMakeFiles 1
Building C object CMakeFiles/cmTryCompileExec1851942793.dir/CheckFunctionExists.c.o
/usr/bin/cc  -D_GNU_SOURCE -g3 -std=gnu11 -DCHECK_FUNCTION_EXISTS=sem_init   -o CMakeFiles/cmTryCompileExec1851942793.dir/CheckFunctionExists.c.o   -c /usr/share/cmake/Modules/CheckFunctionExists.c
Linking C executable cmTryCompileExec1851942793
/usr/bin/cmake -E cmake_link_script CMakeFiles/cmTryCompileExec1851942793.dir/link.txt --verbose=1
/usr/bin/cc   -g3 -std=gnu11 -DCHECK_FUNCTION_EXISTS=sem_init    CMakeFiles/cmTryCompileExec1851942793.dir/CheckFunctionExists.c.o  -o cmTryCompileExec1851942793 -rdynamic -lpthread 
gmake[1]: Leaving directory `/home/aaa10078nj/optelectric_simulate/SimGrid-3.21/CMakeFiles/CMakeTmp'


The target system is: Linux - 3.10.0-862.el7.x86_64 - x86_64
The host system is: Linux - 3.10.0-862.el7.x86_64 - x86_64
The target system is: Linux - 3.10.0-862.el7.x86_64 - x86_64
The host system is: Linux - 3.10.0-862.el7.x86_64 - x86_64
The target system is: Linux - 3.10.0-862.el7.x86_64 - x86_64
The host system is: Linux - 3.10.0-862.el7.x86_64 - x86_64
The target system is: Linux - 3.10.0-862.el7.x86_64 - x86_64
The host system is: Linux - 3.10.0-862.el7.x86_64 - x86_64
The target system is: Linux - 3.10.0-862.el7.x86_64 - x86_64
The host system is: Linux - 3.10.0-862.el7.x86_64 - x86_64
