./allreduce --cfg=smpi/privatization:1 --cfg=surf/precision:1e-9 --cfg=network/model:SMPI --cfg=smpi/host-speed:100000000000 --cfg=smpi/display-timing:1 --cfg=smpi/allreduce:lr --log=smpi_coll.:critical ../platforms/2lvfc/3x3.xml smpitmp-appeBgmhf
Generated hostfile smpitmp-hostfpzGBjA kept.
Execution failed with code 134.
./allreduce --cfg=smpi/privatization:1 --cfg=surf/precision:1e-9 --cfg=network/model:SMPI --cfg=smpi/host-speed:100000000000 --cfg=smpi/display-timing:1 --cfg=smpi/allreduce:lr --log=smpi_coll.:critical ../platforms/2lvfc/3x3.xml smpitmp-app1qBMY9
Generated hostfile smpitmp-hostfSsE8OF kept.
Execution failed with code 134.
./allreduce --cfg=smpi/privatization:1 --cfg=surf/precision:1e-9 --cfg=network/model:SMPI --cfg=smpi/host-speed:100000000000 --cfg=smpi/display-timing:1 --cfg=smpi/allreduce:lr --log=smpi_coll.:critical ../platforms/2lvfc/3x3.xml smpitmp-apptT6HG4
Generated hostfile smpitmp-hostflq5mpv kept.
Execution failed with code 134.
./allreduce --cfg=smpi/privatization:1 --cfg=surf/precision:1e-9 --cfg=network/model:SMPI --cfg=smpi/host-speed:100000000000 --cfg=smpi/display-timing:1 --cfg=smpi/allreduce:lr --log=smpi_coll.:critical ../platforms/2lvfc/3x3.xml smpitmp-appJyuFiw
Generated hostfile smpitmp-hostf7EiLFv kept.
Execution failed with code 134.
./allreduce --cfg=smpi/privatization:1 --cfg=surf/precision:1e-9 --cfg=network/model:SMPI --cfg=smpi/host-speed:100000000000 --cfg=smpi/display-timing:1 --cfg=smpi/allreduce:lr --log=smpi_coll.:critical ../platforms/2lvfc/3x3.xml smpitmp-apphKhlUA
Generated hostfile smpitmp-hostfYbhD9V kept.
Execution failed with code 134.
./allreduce --cfg=smpi/privatization:1 --cfg=surf/precision:1e-9 --cfg=network/model:SMPI --cfg=smpi/host-speed:100000000000 --cfg=smpi/display-timing:1 --cfg=smpi/allreduce:lr --log=smpi_coll.:critical ../platforms/2lvfc/3x3.xml smpitmp-appyEzMIl
Generated hostfile smpitmp-hostfRkmexG kept.
Execution failed with code 134.
./allreduce --cfg=smpi/privatization:1 --cfg=surf/precision:1e-9 --cfg=network/model:SMPI --cfg=smpi/host-speed:100000000000 --cfg=smpi/display-timing:1 --cfg=smpi/allreduce:lr --log=smpi_coll.:critical ../platforms/2lvfc/3x3.xml smpitmp-appmu093g
Generated hostfile smpitmp-hostfhHxn1t kept.
Execution failed with code 134.
./allreduce --cfg=smpi/privatization:1 --cfg=surf/precision:1e-9 --cfg=network/model:SMPI --cfg=smpi/host-speed:100000000000 --cfg=smpi/display-timing:1 --cfg=smpi/allreduce:lr --log=smpi_coll.:critical ../platforms/2lvfc/3x3.xml smpitmp-appOEbRoY
Generated hostfile smpitmp-hostfK94zv7 kept.
Execution failed with code 134.
Global sum 3[1] = 6.0000000000e+00
Global sum 3[2] = 6.0000000000e+00
Global sum 3[3] = 6.0000000000e+00
Global sum 3[4] = 6.0000000000e+00
Global sum 3[5] = 6.0000000000e+00
Global sum 3[6] = 6.0000000000e+00
Global sum 3[7] = 6.0000000000e+00
Global sum 3[8] = 6.0000000000e+00
Global sum 2[1] = 6.0000000000e+00
Global sum 2[2] = 6.0000000000e+00
Global sum 2[3] = 6.0000000000e+00
Global sum 2[4] = 6.0000000000e+00
Global sum 2[5] = 6.0000000000e+00
Global sum 2[6] = 6.0000000000e+00
Global sum 2[7] = 6.0000000000e+00
Global sum 2[8] = 6.0000000000e+00
Global sum 1[1] = 6.0000000000e+00
Global sum 1[2] = 6.0000000000e+00
Global sum 1[3] = 6.0000000000e+00
Global sum 1[4] = 6.0000000000e+00
Global sum 1[5] = 6.0000000000e+00
Global sum 1[6] = 6.0000000000e+00
Global sum 1[7] = 6.0000000000e+00
Global sum 1[8] = 6.0000000000e+00
Global sum 4[1] = 6.0000000000e+00
Global sum 4[2] = 6.0000000000e+00
Global sum 4[3] = 6.0000000000e+00
Global sum 4[4] = 6.0000000000e+00
Global sum 4[5] = 6.0000000000e+00
Global sum 4[6] = 6.0000000000e+00
Global sum 4[7] = 6.0000000000e+00
Global sum 4[8] = 6.0000000000e+00
Global sum 1[1] = 3.6000000000e+01
Global sum 1[2] = 3.6000000000e+01
Global sum 1[3] = 3.6000000000e+01
Global sum 1[4] = 3.6000000000e+01
Global sum 1[5] = 3.6000000000e+01
Global sum 1[6] = 3.6000000000e+01
Global sum 1[7] = 3.6000000000e+01
Global sum 1[8] = 3.6000000000e+01
Global sum 2[1] = 3.6000000000e+01
Global sum 2[2] = 3.6000000000e+01
Global sum 2[3] = 3.6000000000e+01
Global sum 2[4] = 3.6000000000e+01
Global sum 2[5] = 3.6000000000e+01
Global sum 2[6] = 3.6000000000e+01
Global sum 2[7] = 3.6000000000e+01
Global sum 2[8] = 3.6000000000e+01
Global sum 3[1] = 3.6000000000e+01
Global sum 3[2] = 3.6000000000e+01
Global sum 3[3] = 3.6000000000e+01
Global sum 3[4] = 3.6000000000e+01
Global sum 3[5] = 3.6000000000e+01
Global sum 3[6] = 3.6000000000e+01
Global sum 3[7] = 3.6000000000e+01
Global sum 3[8] = 3.6000000000e+01
Global sum 9[1] = 3.6000000000e+01
Global sum 9[2] = 3.6000000000e+01
Global sum 9[3] = 3.6000000000e+01
Global sum 9[4] = 3.6000000000e+01
Global sum 9[5] = 3.6000000000e+01
Global sum 9[6] = 3.6000000000e+01
Global sum 9[7] = 3.6000000000e+01
Global sum 9[8] = 3.6000000000e+01
Global sum 5[1] = 3.6000000000e+01
Global sum 5[2] = 3.6000000000e+01
Global sum 5[3] = 3.6000000000e+01
Global sum 5[4] = 3.6000000000e+01
Global sum 5[5] = 3.6000000000e+01
Global sum 5[6] = 3.6000000000e+01
Global sum 5[7] = 3.6000000000e+01
Global sum 5[8] = 3.6000000000e+01
Global sum 4[1] = 3.6000000000e+01
Global sum 4[2] = 3.6000000000e+01
Global sum 4[3] = 3.6000000000e+01
Global sum 4[4] = 3.6000000000e+01
Global sum 4[5] = 3.6000000000e+01
Global sum 4[6] = 3.6000000000e+01
Global sum 4[7] = 3.6000000000e+01
Global sum 4[8] = 3.6000000000e+01
Global sum 6[1] = 3.6000000000e+01
Global sum 6[2] = 3.6000000000e+01
Global sum 6[3] = 3.6000000000e+01
Global sum 6[4] = 3.6000000000e+01
Global sum 6[5] = 3.6000000000e+01
Global sum 6[6] = 3.6000000000e+01
Global sum 6[7] = 3.6000000000e+01
Global sum 6[8] = 3.6000000000e+01
Global sum 7[1] = 3.6000000000e+01
Global sum 7[2] = 3.6000000000e+01
Global sum 7[3] = 3.6000000000e+01
Global sum 7[4] = 3.6000000000e+01
Global sum 7[5] = 3.6000000000e+01
Global sum 7[6] = 3.6000000000e+01
Global sum 7[7] = 3.6000000000e+01
Global sum 7[8] = 3.6000000000e+01
Global sum 8[1] = 3.6000000000e+01
Global sum 8[2] = 3.6000000000e+01
Global sum 8[3] = 3.6000000000e+01
Global sum 8[4] = 3.6000000000e+01
Global sum 8[5] = 3.6000000000e+01
Global sum 8[6] = 3.6000000000e+01
Global sum 8[7] = 3.6000000000e+01
Global sum 8[8] = 3.6000000000e+01
Global sum 1[1] = 3.6000000000e+01
Global sum 1[2] = 3.6000000000e+01
Global sum 1[3] = 3.6000000000e+01
Global sum 1[4] = 3.6000000000e+01
Global sum 1[5] = 3.6000000000e+01
Global sum 1[6] = 3.6000000000e+01
Global sum 1[7] = 3.6000000000e+01
Global sum 1[8] = 3.6000000000e+01
Global sum 2[1] = 3.6000000000e+01
Global sum 2[2] = 3.6000000000e+01
Global sum 2[3] = 3.6000000000e+01
Global sum 2[4] = 3.6000000000e+01
Global sum 2[5] = 3.6000000000e+01
Global sum 2[6] = 3.6000000000e+01
Global sum 2[7] = 3.6000000000e+01
Global sum 2[8] = 3.6000000000e+01
Global sum 3[1] = 3.6000000000e+01
Global sum 3[2] = 3.6000000000e+01
Global sum 3[3] = 3.6000000000e+01
Global sum 3[4] = 3.6000000000e+01
Global sum 3[5] = 3.6000000000e+01
Global sum 3[6] = 3.6000000000e+01
Global sum 3[7] = 3.6000000000e+01
Global sum 3[8] = 3.6000000000e+01
Global sum 9[1] = 3.6000000000e+01
Global sum 9[2] = 3.6000000000e+01
Global sum 9[3] = 3.6000000000e+01
Global sum 9[4] = 3.6000000000e+01
Global sum 9[5] = 3.6000000000e+01
Global sum 9[6] = 3.6000000000e+01
Global sum 9[7] = 3.6000000000e+01
Global sum 9[8] = 3.6000000000e+01
Global sum 5[1] = 3.6000000000e+01
Global sum 5[2] = 3.6000000000e+01
Global sum 5[3] = 3.6000000000e+01
Global sum 5[4] = 3.6000000000e+01
Global sum 5[5] = 3.6000000000e+01
Global sum 5[6] = 3.6000000000e+01
Global sum 5[7] = 3.6000000000e+01
Global sum 5[8] = 3.6000000000e+01
Global sum 4[1] = 3.6000000000e+01
Global sum 4[2] = 3.6000000000e+01
Global sum 4[3] = 3.6000000000e+01
Global sum 4[4] = 3.6000000000e+01
Global sum 4[5] = 3.6000000000e+01
Global sum 4[6] = 3.6000000000e+01
Global sum 4[7] = 3.6000000000e+01
Global sum 4[8] = 3.6000000000e+01
Global sum 6[1] = 3.6000000000e+01
Global sum 6[2] = 3.6000000000e+01
Global sum 6[3] = 3.6000000000e+01
Global sum 6[4] = 3.6000000000e+01
Global sum 6[5] = 3.6000000000e+01
Global sum 6[6] = 3.6000000000e+01
Global sum 6[7] = 3.6000000000e+01
Global sum 6[8] = 3.6000000000e+01
Global sum 7[1] = 3.6000000000e+01
Global sum 7[2] = 3.6000000000e+01
Global sum 7[3] = 3.6000000000e+01
Global sum 7[4] = 3.6000000000e+01
Global sum 7[5] = 3.6000000000e+01
Global sum 7[6] = 3.6000000000e+01
Global sum 7[7] = 3.6000000000e+01
Global sum 7[8] = 3.6000000000e+01
Global sum 8[1] = 3.6000000000e+01
Global sum 8[2] = 3.6000000000e+01
Global sum 8[3] = 3.6000000000e+01
Global sum 8[4] = 3.6000000000e+01
Global sum 8[5] = 3.6000000000e+01
Global sum 8[6] = 3.6000000000e+01
Global sum 8[7] = 3.6000000000e+01
Global sum 8[8] = 3.6000000000e+01
Global sum 1[1] = 3.6000000000e+01
Global sum 1[2] = 3.6000000000e+01
Global sum 1[3] = 3.6000000000e+01
Global sum 1[4] = 3.6000000000e+01
Global sum 1[5] = 3.6000000000e+01
Global sum 1[6] = 3.6000000000e+01
Global sum 1[7] = 3.6000000000e+01
Global sum 1[8] = 3.6000000000e+01
Global sum 2[1] = 3.6000000000e+01
Global sum 2[2] = 3.6000000000e+01
Global sum 2[3] = 3.6000000000e+01
Global sum 2[4] = 3.6000000000e+01
Global sum 2[5] = 3.6000000000e+01
Global sum 2[6] = 3.6000000000e+01
Global sum 2[7] = 3.6000000000e+01
Global sum 2[8] = 3.6000000000e+01
Global sum 3[1] = 3.6000000000e+01
Global sum 3[2] = 3.6000000000e+01
Global sum 3[3] = 3.6000000000e+01
Global sum 3[4] = 3.6000000000e+01
Global sum 3[5] = 3.6000000000e+01
Global sum 3[6] = 3.6000000000e+01
Global sum 3[7] = 3.6000000000e+01
Global sum 3[8] = 3.6000000000e+01
Global sum 9[1] = 3.6000000000e+01
Global sum 9[2] = 3.6000000000e+01
Global sum 9[3] = 3.6000000000e+01
Global sum 9[4] = 3.6000000000e+01
Global sum 9[5] = 3.6000000000e+01
Global sum 9[6] = 3.6000000000e+01
Global sum 9[7] = 3.6000000000e+01
Global sum 9[8] = 3.6000000000e+01
Global sum 5[1] = 3.6000000000e+01
Global sum 5[2] = 3.6000000000e+01
Global sum 5[3] = 3.6000000000e+01
Global sum 5[4] = 3.6000000000e+01
Global sum 5[5] = 3.6000000000e+01
Global sum 5[6] = 3.6000000000e+01
Global sum 5[7] = 3.6000000000e+01
Global sum 5[8] = 3.6000000000e+01
Global sum 4[1] = 3.6000000000e+01
Global sum 4[2] = 3.6000000000e+01
Global sum 4[3] = 3.6000000000e+01
Global sum 4[4] = 3.6000000000e+01
Global sum 4[5] = 3.6000000000e+01
Global sum 4[6] = 3.6000000000e+01
Global sum 4[7] = 3.6000000000e+01
Global sum 4[8] = 3.6000000000e+01
Global sum 6[1] = 3.6000000000e+01
Global sum 6[2] = 3.6000000000e+01
Global sum 6[3] = 3.6000000000e+01
Global sum 6[4] = 3.6000000000e+01
Global sum 6[5] = 3.6000000000e+01
Global sum 6[6] = 3.6000000000e+01
Global sum 6[7] = 3.6000000000e+01
Global sum 6[8] = 3.6000000000e+01
Global sum 7[1] = 3.6000000000e+01
Global sum 7[2] = 3.6000000000e+01
Global sum 7[3] = 3.6000000000e+01
Global sum 7[4] = 3.6000000000e+01
Global sum 7[5] = 3.6000000000e+01
Global sum 7[6] = 3.6000000000e+01
Global sum 7[7] = 3.6000000000e+01
Global sum 7[8] = 3.6000000000e+01
Global sum 8[1] = 3.6000000000e+01
Global sum 8[2] = 3.6000000000e+01
Global sum 8[3] = 3.6000000000e+01
Global sum 8[4] = 3.6000000000e+01
Global sum 8[5] = 3.6000000000e+01
Global sum 8[6] = 3.6000000000e+01
Global sum 8[7] = 3.6000000000e+01
Global sum 8[8] = 3.6000000000e+01
