Global sum 2[1] = 6.0000000000e+00
Global sum 2[2] = 6.0000000000e+00
Global sum 2[3] = 6.0000000000e+00
Global sum 2[4] = 6.0000000000e+00
Global sum 2[5] = 6.0000000000e+00
Global sum 2[6] = 6.0000000000e+00
Global sum 2[7] = 6.0000000000e+00
Global sum 2[8] = 6.0000000000e+00
Global sum 1[1] = 6.0000000000e+00
Global sum 1[2] = 6.0000000000e+00
Global sum 1[3] = 6.0000000000e+00
Global sum 1[4] = 6.0000000000e+00
Global sum 1[5] = 6.0000000000e+00
Global sum 1[6] = 6.0000000000e+00
Global sum 1[7] = 6.0000000000e+00
Global sum 1[8] = 6.0000000000e+00
Global sum 4[1] = 6.0000000000e+00
Global sum 4[2] = 6.0000000000e+00
Global sum 4[3] = 6.0000000000e+00
Global sum 4[4] = 6.0000000000e+00
Global sum 4[5] = 6.0000000000e+00
Global sum 4[6] = 6.0000000000e+00
Global sum 4[7] = 6.0000000000e+00
Global sum 4[8] = 6.0000000000e+00
Global sum 3[1] = 6.0000000000e+00
Global sum 3[2] = 6.0000000000e+00
Global sum 3[3] = 6.0000000000e+00
Global sum 3[4] = 6.0000000000e+00
Global sum 3[5] = 6.0000000000e+00
Global sum 3[6] = 6.0000000000e+00
Global sum 3[7] = 6.0000000000e+00
Global sum 3[8] = 6.0000000000e+00
Global sum 2[1] = 6.0000000000e+00
Global sum 2[2] = 6.0000000000e+00
Global sum 2[3] = 6.0000000000e+00
Global sum 2[4] = 6.0000000000e+00
Global sum 2[5] = 6.0000000000e+00
Global sum 2[6] = 6.0000000000e+00
Global sum 2[7] = 6.0000000000e+00
Global sum 2[8] = 6.0000000000e+00
Global sum 1[1] = 6.0000000000e+00
Global sum 1[2] = 6.0000000000e+00
Global sum 1[3] = 6.0000000000e+00
Global sum 1[4] = 6.0000000000e+00
Global sum 1[5] = 6.0000000000e+00
Global sum 1[6] = 6.0000000000e+00
Global sum 1[7] = 6.0000000000e+00
Global sum 1[8] = 6.0000000000e+00
Global sum 4[1] = 6.0000000000e+00
Global sum 4[2] = 6.0000000000e+00
Global sum 4[3] = 6.0000000000e+00
Global sum 4[4] = 6.0000000000e+00
Global sum 4[5] = 6.0000000000e+00
Global sum 4[6] = 6.0000000000e+00
Global sum 4[7] = 6.0000000000e+00
Global sum 4[8] = 6.0000000000e+00
Global sum 3[1] = 6.0000000000e+00
Global sum 3[2] = 6.0000000000e+00
Global sum 3[3] = 6.0000000000e+00
Global sum 3[4] = 6.0000000000e+00
Global sum 3[5] = 6.0000000000e+00
Global sum 3[6] = 6.0000000000e+00
Global sum 3[7] = 6.0000000000e+00
Global sum 3[8] = 6.0000000000e+00
