[0.000000] [xbt_cfg/INFO] Configuration change: Set 'smpi/privatization' to '1'
[0.000000] [xbt_cfg/INFO] Configuration change: Set 'surf/precision' to '1e-9'
[0.000000] [xbt_cfg/INFO] Configuration change: Set 'network/model' to 'SMPI'
[0.000000] [xbt_cfg/INFO] Configuration change: Set 'smpi/host-speed' to '100000000000'
[0.000000] [xbt_cfg/INFO] Configuration change: Set 'smpi/display-timing' to '1'
[0.000000] [xbt_cfg/INFO] Configuration change: Set 'smpi/allreduce' to 'lr'
[0.000000] [xbt_cfg/INFO] Configuration change: Set 'smpi/process_of_switch' to '4'
[0.000000] [xbt_cfg/INFO] Configuration change: Set 'contexts/nthreads' to '1'
[0.000000] [xbt_cfg/INFO] Configuration change: Set 'cpu/optim' to 'Lazy'
[0.000000] [xbt_cfg/INFO] Configuration change: Set 'maxmin/precision' to '1e-4'
[0.000000] [surf_parse/INFO] The custom configuration 'network/model' is already defined by user!
[0.000000] [xbt_cfg/INFO] Configuration change: Set 'network/optim' to 'Lazy'
[0.000000] [xbt_cfg/INFO] Configuration change: Set 'smpi/cpu-threshold' to '0.00000000001'
[0.000000] [surf_parse/INFO] The custom configuration 'smpi/display-timing' is already defined by user!
[0.000000] [surf_parse/INFO] The custom configuration 'smpi/host-speed' is already defined by user!
n0: 0/16,weight size: 4096, iteration: 1
n15: 15/16,weight size: 4096, iteration: 1
n11: 11/16,weight size: 4096, iteration: 1
n7: 7/16,weight size: 4096, iteration: 1
n3: 3/16,weight size: 4096, iteration: 1
n14: 14/16,weight size: 4096, iteration: 1
n10: 10/16,weight size: 4096, iteration: 1
n6: 6/16,weight size: 4096, iteration: 1
n2: 2/16,weight size: 4096, iteration: 1
n13: 13/16,weight size: 4096, iteration: 1
n9: 9/16,weight size: 4096, iteration: 1
n5: 5/16,weight size: 4096, iteration: 1
n1: 1/16,weight size: 4096, iteration: 1
n12: 12/16,weight size: 4096, iteration: 1
n8: 8/16,weight size: 4096, iteration: 1
n4: 4/16,weight size: 4096, iteration: 1
n0: 0/16,weight size: 4096, iteration: 1
[0.000938] [smpi_kernel/INFO] Simulated time: 0.000938464 seconds. 

The simulation took 0.124093 seconds (after parsing and platform setup)
0.00181863 seconds were actual computation of the application
Global sum 16[1] = 1.2000000000e+02
Global sum 16[2] = 1.2000000000e+02
Global sum 16[3] = 1.2000000000e+02
Global sum 16[4] = 1.2000000000e+02
Global sum 16[5] = 1.2000000000e+02
Global sum 16[6] = 1.2000000000e+02
Global sum 16[7] = 1.2000000000e+02
Global sum 16[8] = 1.2000000000e+02
Global sum 12[1] = 1.2000000000e+02
Global sum 12[2] = 1.2000000000e+02
Global sum 12[3] = 1.2000000000e+02
Global sum 12[4] = 1.2000000000e+02
Global sum 12[5] = 1.2000000000e+02
Global sum 12[6] = 1.2000000000e+02
Global sum 12[7] = 1.2000000000e+02
Global sum 12[8] = 1.2000000000e+02
Global sum 8[1] = 1.2000000000e+02
Global sum 8[2] = 1.2000000000e+02
Global sum 8[3] = 1.2000000000e+02
Global sum 8[4] = 1.2000000000e+02
Global sum 8[5] = 1.2000000000e+02
Global sum 8[6] = 1.2000000000e+02
Global sum 8[7] = 1.2000000000e+02
Global sum 8[8] = 1.2000000000e+02
Global sum 4[1] = 1.2000000000e+02
Global sum 4[2] = 1.2000000000e+02
Global sum 4[3] = 1.2000000000e+02
Global sum 4[4] = 1.2000000000e+02
Global sum 4[5] = 1.2000000000e+02
Global sum 4[6] = 1.2000000000e+02
Global sum 4[7] = 1.2000000000e+02
Global sum 4[8] = 1.2000000000e+02
Global sum 15[1] = 1.2000000000e+02
Global sum 15[2] = 1.2000000000e+02
Global sum 15[3] = 1.2000000000e+02
Global sum 15[4] = 1.2000000000e+02
Global sum 15[5] = 1.2000000000e+02
Global sum 15[6] = 1.2000000000e+02
Global sum 15[7] = 1.2000000000e+02
Global sum 15[8] = 1.2000000000e+02
Global sum 11[1] = 1.2000000000e+02
Global sum 11[2] = 1.2000000000e+02
Global sum 11[3] = 1.2000000000e+02
Global sum 11[4] = 1.2000000000e+02
Global sum 11[5] = 1.2000000000e+02
Global sum 11[6] = 1.2000000000e+02
Global sum 11[7] = 1.2000000000e+02
Global sum 11[8] = 1.2000000000e+02
Global sum 7[1] = 1.2000000000e+02
Global sum 7[2] = 1.2000000000e+02
Global sum 7[3] = 1.2000000000e+02
Global sum 7[4] = 1.2000000000e+02
Global sum 7[5] = 1.2000000000e+02
Global sum 7[6] = 1.2000000000e+02
Global sum 7[7] = 1.2000000000e+02
Global sum 7[8] = 1.2000000000e+02
Global sum 3[1] = 1.2000000000e+02
Global sum 3[2] = 1.2000000000e+02
Global sum 3[3] = 1.2000000000e+02
Global sum 3[4] = 1.2000000000e+02
Global sum 3[5] = 1.2000000000e+02
Global sum 3[6] = 1.2000000000e+02
Global sum 3[7] = 1.2000000000e+02
Global sum 3[8] = 1.2000000000e+02
Global sum 14[1] = 1.2000000000e+02
Global sum 14[2] = 1.2000000000e+02
Global sum 14[3] = 1.2000000000e+02
Global sum 14[4] = 1.2000000000e+02
Global sum 14[5] = 1.2000000000e+02
Global sum 14[6] = 1.2000000000e+02
Global sum 14[7] = 1.2000000000e+02
Global sum 14[8] = 1.2000000000e+02
Global sum 10[1] = 1.2000000000e+02
Global sum 10[2] = 1.2000000000e+02
Global sum 10[3] = 1.2000000000e+02
Global sum 10[4] = 1.2000000000e+02
Global sum 10[5] = 1.2000000000e+02
Global sum 10[6] = 1.2000000000e+02
Global sum 10[7] = 1.2000000000e+02
Global sum 10[8] = 1.2000000000e+02
Global sum 6[1] = 1.2000000000e+02
Global sum 6[2] = 1.2000000000e+02
Global sum 6[3] = 1.2000000000e+02
Global sum 6[4] = 1.2000000000e+02
Global sum 6[5] = 1.2000000000e+02
Global sum 6[6] = 1.2000000000e+02
Global sum 6[7] = 1.2000000000e+02
Global sum 6[8] = 1.2000000000e+02
Global sum 2[1] = 1.2000000000e+02
Global sum 2[2] = 1.2000000000e+02
Global sum 2[3] = 1.2000000000e+02
Global sum 2[4] = 1.2000000000e+02
Global sum 2[5] = 1.2000000000e+02
Global sum 2[6] = 1.2000000000e+02
Global sum 2[7] = 1.2000000000e+02
Global sum 2[8] = 1.2000000000e+02
Global sum 13[1] = 1.2000000000e+02
Global sum 13[2] = 1.2000000000e+02
Global sum 13[3] = 1.2000000000e+02
Global sum 13[4] = 1.2000000000e+02
Global sum 13[5] = 1.2000000000e+02
Global sum 13[6] = 1.2000000000e+02
Global sum 13[7] = 1.2000000000e+02
Global sum 13[8] = 1.2000000000e+02
Global sum 9[1] = 1.2000000000e+02
Global sum 9[2] = 1.2000000000e+02
Global sum 9[3] = 1.2000000000e+02
Global sum 9[4] = 1.2000000000e+02
Global sum 9[5] = 1.2000000000e+02
Global sum 9[6] = 1.2000000000e+02
Global sum 9[7] = 1.2000000000e+02
Global sum 9[8] = 1.2000000000e+02
Global sum 5[1] = 1.2000000000e+02
Global sum 5[2] = 1.2000000000e+02
Global sum 5[3] = 1.2000000000e+02
Global sum 5[4] = 1.2000000000e+02
Global sum 5[5] = 1.2000000000e+02
Global sum 5[6] = 1.2000000000e+02
Global sum 5[7] = 1.2000000000e+02
Global sum 5[8] = 1.2000000000e+02
Global sum 1[1] = 1.2000000000e+02
Global sum 1[2] = 1.2000000000e+02
Global sum 1[3] = 1.2000000000e+02
Global sum 1[4] = 1.2000000000e+02
Global sum 1[5] = 1.2000000000e+02
Global sum 1[6] = 1.2000000000e+02
Global sum 1[7] = 1.2000000000e+02
Global sum 1[8] = 1.2000000000e+02
