#This file was generated using SimGrid-3.28.0
#[./alltoallsmpi --cfg=smpi/privatization:1 --cfg=smpi/np:12 --cfg=smpi/hostfile:../hostfiles/kautz/kautz3-2.txt --cfg=tracing:yes --cfg=tracing/filename:alltoallconges.trace --cfg=tracing/smpi:yes --cfg=tracing/categorized:yes --cfg=tracing/uncategorized:yes --cfg=surf/precision:1e-9 --cfg=network/model:SMPI --cfg=smpi/host-speed:1Gf --log=smpi_coll.:critical --cfg=smpi/tmpdir:/tmp ../platforms/kautz/kautz3-2.xml --num-item 1024 --algorithm conges ]
%EventDef PajeDefineContainerType 0
%       Alias string
%       Type string
%       Name string
%EndEventDef
%EventDef PajeDefineVariableType 1
%       Alias string
%       Type string
%       Name string
%       Color color
%EndEventDef
%EventDef PajeDefineStateType 2
%       Alias string
%       Type string
%       Name string
%EndEventDef
%EventDef PajeDefineEventType 3
%       Alias string
%       Type string
%       Name string
%EndEventDef
%EventDef PajeDefineLinkType 4
%       Alias string
%       Type string
%       StartContainerType string
%       EndContainerType string
%       Name string
%EndEventDef
%EventDef PajeDefineEntityValue 5
%       Alias string
%       Type string
%       Name string
%       Color color
%EndEventDef
%EventDef PajeCreateContainer 6
%       Time date
%       Alias string
%       Type string
%       Container string
%       Name string
%EndEventDef
%EventDef PajeDestroyContainer 7
%       Time date
%       Type string
%       Name string
%EndEventDef
%EventDef PajeSetVariable 8
%       Time date
%       Type string
%       Container string
%       Value double
%EndEventDef
%EventDef PajeAddVariable 9
%       Time date
%       Type string
%       Container string
%       Value double
%EndEventDef
%EventDef PajeSubVariable 10
%       Time date
%       Type string
%       Container string
%       Value double
%EndEventDef
%EventDef PajeSetState 11
%       Time date
%       Type string
%       Container string
%       Value string
%EndEventDef
%EventDef PajePushState 12
%       Time date
%       Type string
%       Container string
%       Value string
%EndEventDef
%EventDef PajePopState 13
%       Time date
%       Type string
%       Container string
%EndEventDef
%EventDef PajeResetState 14
%       Time date
%       Type string
%       Container string
%EndEventDef
%EventDef PajeStartLink 15
%       Time date
%       Type string
%       Container string
%       Value string
%       StartContainer string
%       Key string
%EndEventDef
%EventDef PajeEndLink 16
%       Time date
%       Type string
%       Container string
%       Value string
%       EndContainer string
%       Key string
%EndEventDef
%EventDef PajeNewEvent 17
%       Time date
%       Type string
%       Container string
%       Value string
%EndEventDef
0 1 0 MPI
2 2 1 MPI_STATE
4 3 0 1 1 MPI_LINK
4 4 0 1 1 MIGRATE_LINK
2 5 1 MIGRATE_STATE
0 6 0 HOST
6 0.000000 1 6 0 "0.1"
1 7 6 speed "1 1 1"
1 8 6 core_count "1 1 1"
1 9 6 speed_used "0.5 0.5 0.5"
6 0.000000 2 6 0 "0.2"
6 0.000000 3 6 0 "0.3"
6 0.000000 4 6 0 "1.0"
6 0.000000 5 6 0 "1.2"
6 0.000000 6 6 0 "1.3"
6 0.000000 7 6 0 "2.0"
6 0.000000 8 6 0 "2.1"
6 0.000000 9 6 0 "2.3"
6 0.000000 10 6 0 "3.0"
6 0.000000 11 6 0 "3.1"
6 0.000000 12 6 0 "3.2"
0 10 0 LINK
6 0.000000 13 10 0 "0.1_to_1.0"
1 11 10 bandwidth "1 1 1"
1 12 10 latency "1 1 1"
1 13 10 bandwidth_used "0.5 0.5 0.5"
6 0.000000 14 10 0 "0.1_to_1.2"
6 0.000000 15 10 0 "0.1_to_1.3"
6 0.000000 16 10 0 "0.2_to_2.0"
6 0.000000 17 10 0 "0.2_to_2.1"
6 0.000000 18 10 0 "0.2_to_2.3"
6 0.000000 19 10 0 "0.3_to_3.0"
6 0.000000 20 10 0 "0.3_to_3.1"
6 0.000000 21 10 0 "0.3_to_3.2"
6 0.000000 22 10 0 "1.0_to_0.1"
6 0.000000 23 10 0 "1.0_to_0.2"
6 0.000000 24 10 0 "1.0_to_0.3"
6 0.000000 25 10 0 "1.2_to_2.0"
6 0.000000 26 10 0 "1.2_to_2.1"
6 0.000000 27 10 0 "1.2_to_2.3"
6 0.000000 28 10 0 "1.3_to_3.0"
6 0.000000 29 10 0 "1.3_to_3.1"
6 0.000000 30 10 0 "1.3_to_3.2"
6 0.000000 31 10 0 "2.0_to_0.1"
6 0.000000 32 10 0 "2.0_to_0.2"
6 0.000000 33 10 0 "2.0_to_0.3"
6 0.000000 34 10 0 "2.1_to_1.0"
6 0.000000 35 10 0 "2.1_to_1.2"
6 0.000000 36 10 0 "2.1_to_1.3"
6 0.000000 37 10 0 "2.3_to_3.0"
6 0.000000 38 10 0 "2.3_to_3.1"
6 0.000000 39 10 0 "2.3_to_3.2"
6 0.000000 40 10 0 "3.0_to_0.1"
6 0.000000 41 10 0 "3.0_to_0.2"
6 0.000000 42 10 0 "3.0_to_0.3"
6 0.000000 43 10 0 "3.1_to_1.0"
6 0.000000 44 10 0 "3.1_to_1.2"
6 0.000000 45 10 0 "3.1_to_1.3"
6 0.000000 46 10 0 "3.2_to_2.0"
6 0.000000 47 10 0 "3.2_to_2.1"
6 0.000000 48 10 0 "3.2_to_2.3"
4 14 0 10 6 0-LINK10-HOST6
4 15 0 6 10 0-HOST6-LINK10
4 16 0 10 10 0-LINK10-LINK10
8 0.000000 7 1 100000000000.000000
8 0.000000 8 1 1.000000
8 0.000000 7 2 100000000000.000000
8 0.000000 8 2 1.000000
8 0.000000 7 3 100000000000.000000
8 0.000000 8 3 1.000000
8 0.000000 7 4 100000000000.000000
8 0.000000 8 4 1.000000
8 0.000000 7 5 100000000000.000000
8 0.000000 8 5 1.000000
8 0.000000 7 6 100000000000.000000
8 0.000000 8 6 1.000000
8 0.000000 7 7 100000000000.000000
8 0.000000 8 7 1.000000
8 0.000000 7 8 100000000000.000000
8 0.000000 8 8 1.000000
8 0.000000 7 9 100000000000.000000
8 0.000000 8 9 1.000000
8 0.000000 7 10 100000000000.000000
8 0.000000 8 10 1.000000
8 0.000000 7 11 100000000000.000000
8 0.000000 8 11 1.000000
8 0.000000 7 12 100000000000.000000
8 0.000000 8 12 1.000000
8 0.000000 11 13 12500000000.000000
8 0.000000 12 13 0.000001
8 0.000000 11 14 12500000000.000000
8 0.000000 12 14 0.000001
8 0.000000 11 15 12500000000.000000
8 0.000000 12 15 0.000001
8 0.000000 11 16 12500000000.000000
8 0.000000 12 16 0.000001
8 0.000000 11 17 12500000000.000000
8 0.000000 12 17 0.000001
8 0.000000 11 18 12500000000.000000
8 0.000000 12 18 0.000001
8 0.000000 11 19 12500000000.000000
8 0.000000 12 19 0.000001
8 0.000000 11 20 12500000000.000000
8 0.000000 12 20 0.000001
8 0.000000 11 21 12500000000.000000
8 0.000000 12 21 0.000001
8 0.000000 11 22 12500000000.000000
8 0.000000 12 22 0.000001
8 0.000000 11 23 12500000000.000000
8 0.000000 12 23 0.000001
8 0.000000 11 24 12500000000.000000
8 0.000000 12 24 0.000001
8 0.000000 11 25 12500000000.000000
8 0.000000 12 25 0.000001
8 0.000000 11 26 12500000000.000000
8 0.000000 12 26 0.000001
8 0.000000 11 27 12500000000.000000
8 0.000000 12 27 0.000001
8 0.000000 11 28 12500000000.000000
8 0.000000 12 28 0.000001
8 0.000000 11 29 12500000000.000000
8 0.000000 12 29 0.000001
8 0.000000 11 30 12500000000.000000
8 0.000000 12 30 0.000001
8 0.000000 11 31 12500000000.000000
8 0.000000 12 31 0.000001
8 0.000000 11 32 12500000000.000000
8 0.000000 12 32 0.000001
8 0.000000 11 33 12500000000.000000
8 0.000000 12 33 0.000001
8 0.000000 11 34 12500000000.000000
8 0.000000 12 34 0.000001
8 0.000000 11 35 12500000000.000000
8 0.000000 12 35 0.000001
8 0.000000 11 36 12500000000.000000
8 0.000000 12 36 0.000001
8 0.000000 11 37 12500000000.000000
8 0.000000 12 37 0.000001
8 0.000000 11 38 12500000000.000000
8 0.000000 12 38 0.000001
8 0.000000 11 39 12500000000.000000
8 0.000000 12 39 0.000001
8 0.000000 11 40 12500000000.000000
8 0.000000 12 40 0.000001
8 0.000000 11 41 12500000000.000000
8 0.000000 12 41 0.000001
8 0.000000 11 42 12500000000.000000
8 0.000000 12 42 0.000001
8 0.000000 11 43 12500000000.000000
8 0.000000 12 43 0.000001
8 0.000000 11 44 12500000000.000000
8 0.000000 12 44 0.000001
8 0.000000 11 45 12500000000.000000
8 0.000000 12 45 0.000001
8 0.000000 11 46 12500000000.000000
8 0.000000 12 46 0.000001
8 0.000000 11 47 12500000000.000000
8 0.000000 12 47 0.000001
8 0.000000 11 48 12500000000.000000
8 0.000000 12 48 0.000001
15 0.000000 14 0 topology 22 0
16 0.000000 14 0 topology 1 0
15 0.000000 14 0 topology 31 1
16 0.000000 14 0 topology 1 1
15 0.000000 14 0 topology 40 2
16 0.000000 14 0 topology 1 2
15 0.000000 15 0 topology 1 3
16 0.000000 15 0 topology 13 3
15 0.000000 16 0 topology 31 4
16 0.000000 16 0 topology 13 4
15 0.000000 16 0 topology 40 5
16 0.000000 16 0 topology 13 5
15 0.000000 15 0 topology 1 6
16 0.000000 15 0 topology 14 6
15 0.000000 16 0 topology 22 7
16 0.000000 16 0 topology 14 7
15 0.000000 16 0 topology 31 8
16 0.000000 16 0 topology 14 8
15 0.000000 16 0 topology 40 9
16 0.000000 16 0 topology 14 9
15 0.000000 15 0 topology 1 10
16 0.000000 15 0 topology 15 10
15 0.000000 16 0 topology 22 11
16 0.000000 16 0 topology 15 11
15 0.000000 16 0 topology 31 12
16 0.000000 16 0 topology 15 12
15 0.000000 16 0 topology 40 13
16 0.000000 16 0 topology 15 13
15 0.000000 14 0 topology 23 14
16 0.000000 14 0 topology 2 14
15 0.000000 14 0 topology 32 15
16 0.000000 14 0 topology 2 15
15 0.000000 14 0 topology 41 16
16 0.000000 14 0 topology 2 16
15 0.000000 15 0 topology 2 17
16 0.000000 15 0 topology 16 17
15 0.000000 16 0 topology 23 18
16 0.000000 16 0 topology 16 18
15 0.000000 16 0 topology 41 19
16 0.000000 16 0 topology 16 19
15 0.000000 15 0 topology 2 20
16 0.000000 15 0 topology 17 20
15 0.000000 16 0 topology 23 21
16 0.000000 16 0 topology 17 21
15 0.000000 16 0 topology 32 22
16 0.000000 16 0 topology 17 22
15 0.000000 16 0 topology 41 23
16 0.000000 16 0 topology 17 23
15 0.000000 15 0 topology 2 24
16 0.000000 15 0 topology 18 24
15 0.000000 16 0 topology 23 25
16 0.000000 16 0 topology 18 25
15 0.000000 16 0 topology 32 26
16 0.000000 16 0 topology 18 26
15 0.000000 16 0 topology 41 27
16 0.000000 16 0 topology 18 27
15 0.000000 14 0 topology 24 28
16 0.000000 14 0 topology 3 28
15 0.000000 14 0 topology 33 29
16 0.000000 14 0 topology 3 29
15 0.000000 14 0 topology 42 30
16 0.000000 14 0 topology 3 30
15 0.000000 15 0 topology 3 31
16 0.000000 15 0 topology 19 31
15 0.000000 16 0 topology 24 32
16 0.000000 16 0 topology 19 32
15 0.000000 16 0 topology 33 33
16 0.000000 16 0 topology 19 33
15 0.000000 15 0 topology 3 34
16 0.000000 15 0 topology 20 34
15 0.000000 16 0 topology 24 35
16 0.000000 16 0 topology 20 35
15 0.000000 16 0 topology 33 36
16 0.000000 16 0 topology 20 36
15 0.000000 16 0 topology 42 37
16 0.000000 16 0 topology 20 37
15 0.000000 15 0 topology 3 38
16 0.000000 15 0 topology 21 38
15 0.000000 16 0 topology 24 39
16 0.000000 16 0 topology 21 39
15 0.000000 16 0 topology 33 40
16 0.000000 16 0 topology 21 40
15 0.000000 16 0 topology 42 41
16 0.000000 16 0 topology 21 41
15 0.000000 14 0 topology 13 42
16 0.000000 14 0 topology 4 42
15 0.000000 14 0 topology 34 43
16 0.000000 14 0 topology 4 43
15 0.000000 14 0 topology 43 44
16 0.000000 14 0 topology 4 44
15 0.000000 15 0 topology 4 45
16 0.000000 15 0 topology 22 45
15 0.000000 16 0 topology 34 46
16 0.000000 16 0 topology 22 46
15 0.000000 16 0 topology 43 47
16 0.000000 16 0 topology 22 47
15 0.000000 16 0 topology 13 48
16 0.000000 16 0 topology 23 48
15 0.000000 15 0 topology 4 49
16 0.000000 15 0 topology 23 49
15 0.000000 16 0 topology 34 50
16 0.000000 16 0 topology 23 50
15 0.000000 16 0 topology 43 51
16 0.000000 16 0 topology 23 51
15 0.000000 16 0 topology 13 52
16 0.000000 16 0 topology 24 52
15 0.000000 15 0 topology 4 53
16 0.000000 15 0 topology 24 53
15 0.000000 16 0 topology 34 54
16 0.000000 16 0 topology 24 54
15 0.000000 16 0 topology 43 55
16 0.000000 16 0 topology 24 55
15 0.000000 14 0 topology 14 56
16 0.000000 14 0 topology 5 56
15 0.000000 14 0 topology 35 57
16 0.000000 14 0 topology 5 57
15 0.000000 14 0 topology 44 58
16 0.000000 14 0 topology 5 58
15 0.000000 16 0 topology 14 59
16 0.000000 16 0 topology 25 59
15 0.000000 15 0 topology 5 60
16 0.000000 15 0 topology 25 60
15 0.000000 16 0 topology 35 61
16 0.000000 16 0 topology 25 61
15 0.000000 16 0 topology 44 62
16 0.000000 16 0 topology 25 62
15 0.000000 16 0 topology 14 63
16 0.000000 16 0 topology 26 63
15 0.000000 15 0 topology 5 64
16 0.000000 15 0 topology 26 64
15 0.000000 16 0 topology 44 65
16 0.000000 16 0 topology 26 65
15 0.000000 16 0 topology 14 66
16 0.000000 16 0 topology 27 66
15 0.000000 15 0 topology 5 67
16 0.000000 15 0 topology 27 67
15 0.000000 16 0 topology 35 68
16 0.000000 16 0 topology 27 68
15 0.000000 16 0 topology 44 69
16 0.000000 16 0 topology 27 69
15 0.000000 14 0 topology 15 70
16 0.000000 14 0 topology 6 70
15 0.000000 14 0 topology 36 71
16 0.000000 14 0 topology 6 71
15 0.000000 14 0 topology 45 72
16 0.000000 14 0 topology 6 72
15 0.000000 16 0 topology 15 73
16 0.000000 16 0 topology 28 73
15 0.000000 15 0 topology 6 74
16 0.000000 15 0 topology 28 74
15 0.000000 16 0 topology 36 75
16 0.000000 16 0 topology 28 75
15 0.000000 16 0 topology 45 76
16 0.000000 16 0 topology 28 76
15 0.000000 16 0 topology 15 77
16 0.000000 16 0 topology 29 77
15 0.000000 15 0 topology 6 78
16 0.000000 15 0 topology 29 78
15 0.000000 16 0 topology 36 79
16 0.000000 16 0 topology 29 79
15 0.000000 16 0 topology 15 80
16 0.000000 16 0 topology 30 80
15 0.000000 15 0 topology 6 81
16 0.000000 15 0 topology 30 81
15 0.000000 16 0 topology 36 82
16 0.000000 16 0 topology 30 82
15 0.000000 16 0 topology 45 83
16 0.000000 16 0 topology 30 83
15 0.000000 14 0 topology 16 84
16 0.000000 14 0 topology 7 84
15 0.000000 14 0 topology 25 85
16 0.000000 14 0 topology 7 85
15 0.000000 14 0 topology 46 86
16 0.000000 14 0 topology 7 86
15 0.000000 16 0 topology 16 87
16 0.000000 16 0 topology 31 87
15 0.000000 16 0 topology 25 88
16 0.000000 16 0 topology 31 88
15 0.000000 15 0 topology 7 89
16 0.000000 15 0 topology 31 89
15 0.000000 16 0 topology 46 90
16 0.000000 16 0 topology 31 90
15 0.000000 16 0 topology 25 91
16 0.000000 16 0 topology 32 91
15 0.000000 15 0 topology 7 92
16 0.000000 15 0 topology 32 92
15 0.000000 16 0 topology 46 93
16 0.000000 16 0 topology 32 93
15 0.000000 16 0 topology 16 94
16 0.000000 16 0 topology 33 94
15 0.000000 16 0 topology 25 95
16 0.000000 16 0 topology 33 95
15 0.000000 15 0 topology 7 96
16 0.000000 15 0 topology 33 96
15 0.000000 16 0 topology 46 97
16 0.000000 16 0 topology 33 97
15 0.000000 14 0 topology 17 98
16 0.000000 14 0 topology 8 98
15 0.000000 14 0 topology 26 99
16 0.000000 14 0 topology 8 99
15 0.000000 14 0 topology 47 100
16 0.000000 14 0 topology 8 100
15 0.000000 16 0 topology 17 101
16 0.000000 16 0 topology 34 101
15 0.000000 16 0 topology 26 102
16 0.000000 16 0 topology 34 102
15 0.000000 15 0 topology 8 103
16 0.000000 15 0 topology 34 103
15 0.000000 16 0 topology 47 104
16 0.000000 16 0 topology 34 104
15 0.000000 16 0 topology 17 105
16 0.000000 16 0 topology 35 105
15 0.000000 15 0 topology 8 106
16 0.000000 15 0 topology 35 106
15 0.000000 16 0 topology 47 107
16 0.000000 16 0 topology 35 107
15 0.000000 16 0 topology 17 108
16 0.000000 16 0 topology 36 108
15 0.000000 16 0 topology 26 109
16 0.000000 16 0 topology 36 109
15 0.000000 15 0 topology 8 110
16 0.000000 15 0 topology 36 110
15 0.000000 16 0 topology 47 111
16 0.000000 16 0 topology 36 111
15 0.000000 14 0 topology 18 112
16 0.000000 14 0 topology 9 112
15 0.000000 14 0 topology 27 113
16 0.000000 14 0 topology 9 113
15 0.000000 14 0 topology 48 114
16 0.000000 14 0 topology 9 114
15 0.000000 16 0 topology 18 115
16 0.000000 16 0 topology 37 115
15 0.000000 16 0 topology 27 116
16 0.000000 16 0 topology 37 116
15 0.000000 15 0 topology 9 117
16 0.000000 15 0 topology 37 117
15 0.000000 16 0 topology 48 118
16 0.000000 16 0 topology 37 118
15 0.000000 16 0 topology 18 119
16 0.000000 16 0 topology 38 119
15 0.000000 16 0 topology 27 120
16 0.000000 16 0 topology 38 120
15 0.000000 15 0 topology 9 121
16 0.000000 15 0 topology 38 121
15 0.000000 16 0 topology 48 122
16 0.000000 16 0 topology 38 122
15 0.000000 16 0 topology 18 123
16 0.000000 16 0 topology 39 123
15 0.000000 16 0 topology 27 124
16 0.000000 16 0 topology 39 124
15 0.000000 15 0 topology 9 125
16 0.000000 15 0 topology 39 125
15 0.000000 14 0 topology 19 126
16 0.000000 14 0 topology 10 126
15 0.000000 14 0 topology 28 127
16 0.000000 14 0 topology 10 127
15 0.000000 14 0 topology 37 128
16 0.000000 14 0 topology 10 128
15 0.000000 16 0 topology 19 129
16 0.000000 16 0 topology 40 129
15 0.000000 16 0 topology 28 130
16 0.000000 16 0 topology 40 130
15 0.000000 16 0 topology 37 131
16 0.000000 16 0 topology 40 131
15 0.000000 15 0 topology 10 132
16 0.000000 15 0 topology 40 132
15 0.000000 16 0 topology 19 133
16 0.000000 16 0 topology 41 133
15 0.000000 16 0 topology 28 134
16 0.000000 16 0 topology 41 134
15 0.000000 16 0 topology 37 135
16 0.000000 16 0 topology 41 135
15 0.000000 15 0 topology 10 136
16 0.000000 15 0 topology 41 136
15 0.000000 16 0 topology 28 137
16 0.000000 16 0 topology 42 137
15 0.000000 16 0 topology 37 138
16 0.000000 16 0 topology 42 138
15 0.000000 15 0 topology 10 139
16 0.000000 15 0 topology 42 139
15 0.000000 14 0 topology 20 140
16 0.000000 14 0 topology 11 140
15 0.000000 14 0 topology 29 141
16 0.000000 14 0 topology 11 141
15 0.000000 14 0 topology 38 142
16 0.000000 14 0 topology 11 142
15 0.000000 16 0 topology 20 143
16 0.000000 16 0 topology 43 143
15 0.000000 16 0 topology 29 144
16 0.000000 16 0 topology 43 144
15 0.000000 16 0 topology 38 145
16 0.000000 16 0 topology 43 145
15 0.000000 15 0 topology 11 146
16 0.000000 15 0 topology 43 146
15 0.000000 16 0 topology 20 147
16 0.000000 16 0 topology 44 147
15 0.000000 16 0 topology 29 148
16 0.000000 16 0 topology 44 148
15 0.000000 16 0 topology 38 149
16 0.000000 16 0 topology 44 149
15 0.000000 15 0 topology 11 150
16 0.000000 15 0 topology 44 150
15 0.000000 16 0 topology 20 151
16 0.000000 16 0 topology 45 151
15 0.000000 16 0 topology 38 152
16 0.000000 16 0 topology 45 152
15 0.000000 15 0 topology 11 153
16 0.000000 15 0 topology 45 153
15 0.000000 14 0 topology 21 154
16 0.000000 14 0 topology 12 154
15 0.000000 14 0 topology 30 155
16 0.000000 14 0 topology 12 155
15 0.000000 14 0 topology 39 156
16 0.000000 14 0 topology 12 156
15 0.000000 16 0 topology 21 157
16 0.000000 16 0 topology 46 157
15 0.000000 16 0 topology 30 158
16 0.000000 16 0 topology 46 158
15 0.000000 16 0 topology 39 159
16 0.000000 16 0 topology 46 159
15 0.000000 15 0 topology 12 160
16 0.000000 15 0 topology 46 160
15 0.000000 16 0 topology 21 161
16 0.000000 16 0 topology 47 161
15 0.000000 16 0 topology 30 162
16 0.000000 16 0 topology 47 162
15 0.000000 16 0 topology 39 163
16 0.000000 16 0 topology 47 163
15 0.000000 15 0 topology 12 164
16 0.000000 15 0 topology 47 164
15 0.000000 16 0 topology 21 165
16 0.000000 16 0 topology 48 165
15 0.000000 16 0 topology 30 166
16 0.000000 16 0 topology 48 166
15 0.000000 15 0 topology 12 167
16 0.000000 15 0 topology 48 167
6 0.000000 49 1 0 "rank-0"
6 0.000000 50 1 0 "rank-1"
6 0.000000 51 1 0 "rank-2"
6 0.000000 52 1 0 "rank-3"
6 0.000000 53 1 0 "rank-4"
6 0.000000 54 1 0 "rank-5"
6 0.000000 55 1 0 "rank-6"
6 0.000000 56 1 0 "rank-7"
6 0.000000 57 1 0 "rank-8"
6 0.000000 58 1 0 "rank-9"
6 0.000000 59 1 0 "rank-10"
6 0.000000 60 1 0 "rank-11"
5 17 2 PMPI_Init "0 1 0"
12 0.000000 2 49 17
13 0.000000 2 49
12 0.000000 2 50 17
13 0.000000 2 50
12 0.000000 2 51 17
13 0.000000 2 51
12 0.000000 2 52 17
13 0.000000 2 52
12 0.000000 2 53 17
13 0.000000 2 53
12 0.000000 2 54 17
13 0.000000 2 54
12 0.000000 2 55 17
13 0.000000 2 55
12 0.000000 2 56 17
13 0.000000 2 56
12 0.000000 2 57 17
13 0.000000 2 57
12 0.000000 2 58 17
13 0.000000 2 58
12 0.000000 2 59 17
13 0.000000 2 59
12 0.000000 2 60 17
13 0.000000 2 60
8 0.000000 9 3 0.000000
9 0.000000 9 3 100000000000.000000
5 18 2 PMPI_Barrier "0 0.39 0.78"
8 0.000000 9 2 0.000000
9 0.000000 9 2 100000000000.000000
8 0.000000 9 6 0.000000
9 0.000000 9 6 100000000000.000000
8 0.000000 9 5 0.000000
9 0.000000 9 5 100000000000.000000
8 0.000000 9 9 0.000000
9 0.000000 9 9 100000000000.000000
8 0.000000 9 7 0.000000
9 0.000000 9 7 100000000000.000000
8 0.000000 9 4 0.000000
9 0.000000 9 4 100000000000.000000
8 0.000000 9 12 0.000000
9 0.000000 9 12 100000000000.000000
8 0.000000 9 10 0.000000
9 0.000000 9 10 100000000000.000000
8 0.000000 9 1 0.000000
9 0.000000 9 1 100000000000.000000
8 0.000000 9 8 0.000000
9 0.000000 9 8 100000000000.000000
8 0.000000 9 11 0.000000
9 0.000000 9 11 100000000000.000000
5 19 2 PMPI_Irecv "1 0.52 0.52"
5 20 2 PMPI_Isend "0.52 0.52 1"
5 21 2 PMPI_Wait "1 1 0"
5 22 2 PMPI_Finalize "0 1 0"
10 0.000001 9 3 100000000000.000000
12 0.000001 2 51 18
10 0.000001 9 2 100000000000.000000
12 0.000001 2 50 18
10 0.000001 9 6 100000000000.000000
12 0.000001 2 54 18
10 0.000001 9 5 100000000000.000000
12 0.000001 2 53 18
10 0.000001 9 9 100000000000.000000
12 0.000001 2 57 18
10 0.000001 9 7 100000000000.000000
12 0.000001 2 55 18
10 0.000001 9 4 100000000000.000000
12 0.000001 2 52 18
10 0.000001 9 12 100000000000.000000
12 0.000001 2 60 18
10 0.000001 9 10 100000000000.000000
12 0.000001 2 58 18
10 0.000001 9 1 100000000000.000000
12 0.000001 2 49 18
10 0.000001 9 8 100000000000.000000
12 0.000001 2 56 18
10 0.000001 9 11 100000000000.000000
12 0.000001 2 59 18
8 0.000003 13 22 0.000000
9 0.000003 13 22 10151050000.000000
8 0.000003 13 13 0.000000
9 0.000003 13 13 507552500.000000
8 0.000003 13 31 0.000000
9 0.000003 13 31 10151050000.000000
8 0.000003 13 14 0.000000
9 0.000003 13 14 507552500.000000
8 0.000003 13 25 0.000000
9 0.000003 13 25 507552500.000000
8 0.000003 13 40 0.000000
9 0.000003 13 40 10151050000.000000
8 0.000003 13 15 0.000000
9 0.000003 13 15 507552500.000000
8 0.000003 13 28 0.000000
9 0.000003 13 28 507552500.000000
10 0.000003 13 22 10151050000.000000
10 0.000003 13 13 507552500.000000
10 0.000003 13 31 10151050000.000000
10 0.000003 13 14 507552500.000000
10 0.000003 13 25 507552500.000000
10 0.000003 13 40 10151050000.000000
10 0.000003 13 15 507552500.000000
10 0.000003 13 28 507552500.000000
8 0.000005 13 16 0.000000
9 0.000005 13 16 3383683333.333333
9 0.000005 13 31 3383683333.333333
9 0.000005 13 13 169184166.666667
8 0.000005 13 23 0.000000
9 0.000005 13 23 169184166.666667
8 0.000005 13 46 0.000000
9 0.000005 13 46 3383683333.333333
9 0.000005 13 31 3383683333.333333
9 0.000005 13 15 169184166.666667
8 0.000005 13 30 0.000000
9 0.000005 13 30 169184166.666667
9 0.000005 13 25 3383683333.333333
9 0.000005 13 31 3383683333.333333
9 0.000005 13 14 169184166.666667
8 0.000005 13 19 0.000000
9 0.000005 13 19 3383683333.333333
9 0.000005 13 40 3383683333.333333
9 0.000005 13 13 169184166.666667
8 0.000005 13 24 0.000000
9 0.000005 13 24 169184166.666667
8 0.000005 13 37 0.000000
9 0.000005 13 37 3383683333.333333
9 0.000005 13 40 3383683333.333333
9 0.000005 13 14 169184166.666667
8 0.000005 13 27 0.000000
9 0.000005 13 27 169184166.666667
9 0.000005 13 28 3383683333.333333
9 0.000005 13 40 3383683333.333333
9 0.000005 13 15 169184166.666667
10 0.000005 13 16 3383683333.333333
10 0.000005 13 31 3383683333.333333
10 0.000005 13 13 169184166.666667
10 0.000005 13 23 169184166.666667
10 0.000005 13 46 3383683333.333333
10 0.000005 13 31 3383683333.333333
10 0.000005 13 15 169184166.666667
10 0.000005 13 30 169184166.666667
10 0.000005 13 25 3383683333.333333
10 0.000005 13 31 3383683333.333333
10 0.000005 13 14 169184166.666667
10 0.000005 13 19 3383683333.333333
10 0.000005 13 40 3383683333.333333
10 0.000005 13 13 169184166.666667
10 0.000005 13 24 169184166.666667
10 0.000005 13 37 3383683333.333333
10 0.000005 13 40 3383683333.333333
10 0.000005 13 14 169184166.666667
10 0.000005 13 27 169184166.666667
10 0.000005 13 28 3383683333.333333
10 0.000005 13 40 3383683333.333333
10 0.000005 13 15 169184166.666667
8 0.000005 13 34 0.000000
9 0.000005 13 34 10151050000.000000
9 0.000005 13 22 10151050000.000000
9 0.000005 13 14 507552500.000000
8 0.000005 13 26 0.000000
9 0.000005 13 26 507552500.000000
10 0.000005 13 34 10151050000.000000
10 0.000005 13 22 10151050000.000000
10 0.000005 13 14 507552500.000000
10 0.000005 13 26 507552500.000000
8 0.000005 13 43 0.000000
9 0.000005 13 43 10151050000.000000
9 0.000005 13 22 10151050000.000000
9 0.000005 13 15 507552500.000000
8 0.000005 13 29 0.000000
9 0.000005 13 29 507552500.000000
10 0.000005 13 43 10151050000.000000
10 0.000005 13 22 10151050000.000000
10 0.000005 13 15 507552500.000000
10 0.000005 13 29 507552500.000000
13 0.000005 2 49
9 0.000005 9 1 100000000000.000000
10 0.000005 9 1 100000000000.000000
9 0.000005 9 1 100000000000.000000
10 0.000006 9 1 100000000000.000000
12 0.000006 2 49 19
13 0.000006 2 49
9 0.000006 9 1 100000000000.000000
10 0.000006 9 1 100000000000.000000
12 0.000006 2 49 20
15 0.000006 3 0 PTP 49 1_4_0_1
13 0.000006 2 49
12 0.000006 2 49 19
13 0.000006 2 49
9 0.000006 9 1 100000000000.000000
10 0.000006 9 1 100000000000.000000
12 0.000006 2 49 20
15 0.000006 3 0 PTP 49 1_5_0_2
13 0.000006 2 49
12 0.000006 2 49 19
13 0.000006 2 49
9 0.000006 9 1 100000000000.000000
10 0.000006 9 1 100000000000.000000
12 0.000006 2 49 20
15 0.000006 3 0 PTP 49 1_6_0_3
13 0.000006 2 49
9 0.000006 9 1 100000000000.000000
10 0.000006 9 1 100000000000.000000
12 0.000006 2 49 21
9 0.000007 13 13 10151050000.000000
9 0.000007 13 22 507552500.000000
9 0.000007 13 14 10151050000.000000
9 0.000007 13 25 507552500.000000
9 0.000007 13 31 507552500.000000
9 0.000007 13 15 10151050000.000000
9 0.000007 13 28 507552500.000000
9 0.000007 13 40 507552500.000000
10 0.000007 13 13 10151050000.000000
10 0.000007 13 22 507552500.000000
10 0.000007 13 14 10151050000.000000
10 0.000007 13 25 507552500.000000
10 0.000007 13 31 507552500.000000
10 0.000007 13 15 10151050000.000000
10 0.000007 13 28 507552500.000000
10 0.000007 13 40 507552500.000000
13 0.000007 2 52
13 0.000007 2 53
13 0.000007 2 54
9 0.000007 9 4 100000000000.000000
9 0.000007 9 6 100000000000.000000
9 0.000007 9 5 100000000000.000000
10 0.000007 9 4 100000000000.000000
12 0.000007 2 52 19
13 0.000007 2 52
9 0.000007 9 4 100000000000.000000
10 0.000007 9 6 100000000000.000000
12 0.000007 2 54 19
13 0.000007 2 54
9 0.000007 9 6 100000000000.000000
10 0.000007 9 5 100000000000.000000
12 0.000007 2 53 19
13 0.000007 2 53
9 0.000007 9 5 100000000000.000000
10 0.000007 9 4 100000000000.000000
10 0.000007 9 6 100000000000.000000
12 0.000007 2 52 20
15 0.000007 3 0 PTP 52 4_1_0_4
12 0.000007 2 54 20
15 0.000007 3 0 PTP 54 6_11_0_5
13 0.000007 2 52
12 0.000007 2 52 19
13 0.000007 2 54
12 0.000007 2 54 19
13 0.000007 2 52
13 0.000007 2 54
9 0.000007 9 4 100000000000.000000
9 0.000007 9 6 100000000000.000000
10 0.000008 9 5 100000000000.000000
12 0.000008 2 53 20
15 0.000008 3 0 PTP 53 5_8_0_6
13 0.000008 2 53
12 0.000008 2 53 19
13 0.000008 2 53
9 0.000008 9 5 100000000000.000000
10 0.000008 9 4 100000000000.000000
12 0.000008 2 52 20
15 0.000008 3 0 PTP 52 4_2_0_7
13 0.000008 2 52
12 0.000008 2 52 19
13 0.000008 2 52
9 0.000008 9 4 100000000000.000000
10 0.000008 9 6 100000000000.000000
12 0.000008 2 54 20
15 0.000008 3 0 PTP 54 6_12_0_8
13 0.000008 2 54
12 0.000008 2 54 19
13 0.000008 2 54
9 0.000008 9 6 100000000000.000000
10 0.000008 9 5 100000000000.000000
12 0.000008 2 53 20
15 0.000008 3 0 PTP 53 5_9_0_9
13 0.000008 2 53
12 0.000008 2 53 19
13 0.000008 2 53
9 0.000008 9 5 100000000000.000000
10 0.000008 9 5 100000000000.000000
12 0.000008 2 53 20
15 0.000008 3 0 PTP 53 5_7_0_10
13 0.000008 2 53
9 0.000008 9 5 100000000000.000000
10 0.000008 9 6 100000000000.000000
12 0.000008 2 54 20
15 0.000008 3 0 PTP 54 6_10_0_11
13 0.000008 2 54
12 0.000008 2 54 21
10 0.000008 9 5 100000000000.000000
12 0.000008 2 53 21
10 0.000008 9 4 100000000000.000000
12 0.000008 2 52 20
15 0.000008 3 0 PTP 52 4_3_0_12
13 0.000008 2 52
12 0.000008 2 52 21
9 0.000009 13 13 5075525000.000000
9 0.000009 13 24 5075525000.000000
9 0.000009 13 19 253776250.000000
9 0.000009 13 40 253776250.000000
9 0.000009 13 13 5075525000.000000
9 0.000009 13 23 5075525000.000000
9 0.000009 13 16 253776250.000000
9 0.000009 13 31 253776250.000000
10 0.000009 13 13 5075525000.000000
10 0.000009 13 24 5075525000.000000
10 0.000009 13 19 253776250.000000
10 0.000009 13 40 253776250.000000
10 0.000009 13 13 5075525000.000000
10 0.000009 13 23 5075525000.000000
10 0.000009 13 16 253776250.000000
10 0.000009 13 31 253776250.000000
13 0.000009 2 51
13 0.000009 2 50
9 0.000009 13 15 3383683333.333333
9 0.000009 13 28 3383683333.333333
9 0.000009 13 40 169184166.666667
9 0.000009 13 14 3383683333.333333
9 0.000009 13 27 3383683333.333333
9 0.000009 13 37 169184166.666667
9 0.000009 13 40 169184166.666667
9 0.000009 13 15 3383683333.333333
9 0.000009 13 30 3383683333.333333
9 0.000009 13 46 169184166.666667
9 0.000009 13 31 169184166.666667
9 0.000009 13 15 3383683333.333333
9 0.000009 13 29 3383683333.333333
9 0.000009 13 43 169184166.666667
9 0.000009 13 22 169184166.666667
9 0.000009 13 14 3383683333.333333
9 0.000009 13 25 3383683333.333333
9 0.000009 13 31 169184166.666667
9 0.000009 13 14 3383683333.333333
9 0.000009 13 26 3383683333.333333
9 0.000009 13 34 169184166.666667
9 0.000009 13 22 169184166.666667
9 0.000009 9 2 100000000000.000000
9 0.000009 9 3 100000000000.000000
10 0.000009 13 15 3383683333.333333
10 0.000009 13 28 3383683333.333333
10 0.000009 13 40 169184166.666667
10 0.000009 13 14 3383683333.333333
10 0.000009 13 27 3383683333.333333
10 0.000009 13 37 169184166.666667
10 0.000009 13 40 169184166.666667
10 0.000009 13 15 3383683333.333333
10 0.000009 13 30 3383683333.333333
10 0.000009 13 46 169184166.666667
10 0.000009 13 31 169184166.666667
10 0.000009 13 15 3383683333.333333
10 0.000009 13 29 3383683333.333333
10 0.000009 13 43 169184166.666667
10 0.000009 13 22 169184166.666667
10 0.000009 13 14 3383683333.333333
10 0.000009 13 25 3383683333.333333
10 0.000009 13 31 169184166.666667
10 0.000009 13 14 3383683333.333333
10 0.000009 13 26 3383683333.333333
10 0.000009 13 34 169184166.666667
10 0.000009 13 22 169184166.666667
13 0.000009 2 58
13 0.000009 2 57
13 0.000009 2 60
13 0.000009 2 59
13 0.000009 2 55
13 0.000009 2 56
9 0.000009 9 7 100000000000.000000
9 0.000009 9 8 100000000000.000000
9 0.000009 9 9 100000000000.000000
9 0.000009 9 12 100000000000.000000
9 0.000009 9 10 100000000000.000000
9 0.000009 9 11 100000000000.000000
10 0.000009 9 7 100000000000.000000
12 0.000009 2 55 19
13 0.000009 2 55
9 0.000009 9 7 100000000000.000000
10 0.000009 9 8 100000000000.000000
10 0.000009 9 2 100000000000.000000
12 0.000009 2 56 19
12 0.000009 2 50 19
13 0.000009 2 56
13 0.000009 2 50
9 0.000009 9 2 100000000000.000000
9 0.000009 9 8 100000000000.000000
10 0.000009 9 9 100000000000.000000
12 0.000009 2 57 19
13 0.000009 2 57
9 0.000009 9 9 100000000000.000000
10 0.000009 9 12 100000000000.000000
12 0.000009 2 60 19
13 0.000009 2 60
9 0.000009 9 12 100000000000.000000
10 0.000009 9 3 100000000000.000000
12 0.000009 2 51 19
13 0.000009 2 51
9 0.000009 9 3 100000000000.000000
10 0.000009 9 10 100000000000.000000
12 0.000009 2 58 19
13 0.000009 2 58
9 0.000009 9 10 100000000000.000000
10 0.000010 9 2 100000000000.000000
12 0.000010 2 50 20
15 0.000010 3 0 PTP 50 2_7_0_13
13 0.000010 2 50
12 0.000010 2 50 19
13 0.000010 2 50
9 0.000010 9 2 100000000000.000000
10 0.000010 9 9 100000000000.000000
12 0.000010 2 57 20
15 0.000010 3 0 PTP 57 9_12_0_14
13 0.000010 2 57
12 0.000010 2 57 19
13 0.000010 2 57
9 0.000010 9 9 100000000000.000000
10 0.000010 9 11 100000000000.000000
12 0.000010 2 59 19
13 0.000010 2 59
9 0.000010 9 11 100000000000.000000
10 0.000010 9 8 100000000000.000000
12 0.000010 2 56 20
15 0.000010 3 0 PTP 56 8_5_0_15
13 0.000010 2 56
12 0.000010 2 56 19
13 0.000010 2 56
9 0.000010 9 8 100000000000.000000
10 0.000010 9 7 100000000000.000000
12 0.000010 2 55 20
15 0.000010 3 0 PTP 55 7_2_0_16
13 0.000010 2 55
12 0.000010 2 55 19
13 0.000010 2 55
9 0.000010 9 7 100000000000.000000
10 0.000010 9 12 100000000000.000000
12 0.000010 2 60 20
15 0.000010 3 0 PTP 60 12_9_0_17
13 0.000010 2 60
12 0.000010 2 60 19
13 0.000010 2 60
9 0.000010 9 12 100000000000.000000
10 0.000010 9 3 100000000000.000000
12 0.000010 2 51 20
15 0.000010 3 0 PTP 51 3_10_0_18
13 0.000010 2 51
12 0.000010 2 51 19
13 0.000010 2 51
9 0.000010 9 3 100000000000.000000
10 0.000010 9 10 100000000000.000000
12 0.000010 2 58 20
15 0.000010 3 0 PTP 58 10_3_0_19
13 0.000010 2 58
12 0.000010 2 58 19
13 0.000010 2 58
9 0.000010 9 10 100000000000.000000
10 0.000010 9 2 100000000000.000000
12 0.000010 2 50 20
15 0.000010 3 0 PTP 50 2_8_0_20
13 0.000010 2 50
12 0.000010 2 50 19
13 0.000010 2 50
9 0.000010 9 2 100000000000.000000
10 0.000010 9 9 100000000000.000000
12 0.000010 2 57 20
15 0.000010 3 0 PTP 57 9_10_0_21
13 0.000010 2 57
12 0.000010 2 57 19
13 0.000010 2 57
9 0.000010 9 9 100000000000.000000
10 0.000010 9 8 100000000000.000000
12 0.000010 2 56 20
15 0.000010 3 0 PTP 56 8_6_0_22
13 0.000010 2 56
9 0.000010 9 8 100000000000.000000
10 0.000010 9 8 100000000000.000000
12 0.000010 2 56 19
13 0.000010 2 56
9 0.000010 9 8 100000000000.000000
10 0.000010 9 7 100000000000.000000
10 0.000010 9 11 100000000000.000000
12 0.000010 2 55 20
15 0.000010 3 0 PTP 55 7_3_0_23
12 0.000010 2 59 20
15 0.000010 3 0 PTP 59 11_6_0_24
13 0.000010 2 55
12 0.000010 2 55 19
13 0.000010 2 59
12 0.000010 2 59 19
13 0.000010 2 55
13 0.000010 2 59
9 0.000010 9 7 100000000000.000000
9 0.000010 9 11 100000000000.000000
10 0.000010 9 12 100000000000.000000
12 0.000010 2 60 20
15 0.000010 3 0 PTP 60 12_7_0_25
13 0.000010 2 60
12 0.000010 2 60 19
13 0.000010 2 60
9 0.000010 9 12 100000000000.000000
10 0.000010 9 10 100000000000.000000
10 0.000010 9 3 100000000000.000000
12 0.000010 2 58 20
15 0.000010 3 0 PTP 58 10_1_0_26
12 0.000010 2 51 20
15 0.000010 3 0 PTP 51 3_11_0_27
13 0.000010 2 58
12 0.000010 2 58 19
13 0.000010 2 51
12 0.000010 2 51 19
13 0.000010 2 58
13 0.000010 2 51
9 0.000010 9 3 100000000000.000000
9 0.000010 9 10 100000000000.000000
10 0.000010 9 2 100000000000.000000
12 0.000010 2 50 20
15 0.000010 3 0 PTP 50 2_9_0_28
13 0.000010 2 50
9 0.000010 9 2 100000000000.000000
10 0.000010 9 9 100000000000.000000
12 0.000010 2 57 20
15 0.000010 3 0 PTP 57 9_11_0_29
13 0.000010 2 57
9 0.000010 9 9 100000000000.000000
10 0.000010 9 9 100000000000.000000
10 0.000010 9 2 100000000000.000000
12 0.000010 2 57 21
12 0.000010 2 50 21
10 0.000010 9 7 100000000000.000000
12 0.000010 2 55 20
15 0.000010 3 0 PTP 55 7_1_0_30
13 0.000010 2 55
12 0.000010 2 55 21
10 0.000010 9 11 100000000000.000000
12 0.000010 2 59 20
15 0.000010 3 0 PTP 59 11_4_0_31
13 0.000010 2 59
12 0.000010 2 59 19
13 0.000010 2 59
9 0.000010 9 11 100000000000.000000
10 0.000010 9 12 100000000000.000000
12 0.000010 2 60 20
15 0.000010 3 0 PTP 60 12_8_0_32
13 0.000010 2 60
12 0.000010 2 60 21
10 0.000010 9 3 100000000000.000000
12 0.000010 2 51 20
15 0.000010 3 0 PTP 51 3_12_0_33
13 0.000010 2 51
12 0.000010 2 51 21
10 0.000010 9 10 100000000000.000000
12 0.000010 2 58 20
15 0.000010 3 0 PTP 58 10_2_0_34
13 0.000010 2 58
12 0.000010 2 58 21
10 0.000010 9 11 100000000000.000000
12 0.000010 2 59 20
15 0.000010 3 0 PTP 59 11_5_0_35
13 0.000010 2 59
12 0.000010 2 59 21
10 0.000010 9 8 100000000000.000000
12 0.000010 2 56 20
15 0.000010 3 0 PTP 56 8_4_0_36
13 0.000010 2 56
12 0.000010 2 56 21
9 0.000010 13 13 6991547619.047618
9 0.000010 13 22 349577380.952381
9 0.000011 13 15 8723325000.000000
9 0.000011 13 28 436166250.000000
9 0.000011 13 40 436166250.000000
9 0.000011 13 14 8723325000.000000
9 0.000011 13 25 436166250.000000
9 0.000011 13 31 436166250.000000
10 0.000012 13 13 6991547619.047618
10 0.000012 13 22 349577380.952381
13 0.000012 2 52
16 0.000012 3 0 PTP 52 1_4_0_1
9 0.000012 9 4 100000000000.000000
9 0.000012 13 22 7341125000.000000
9 0.000012 13 13 367056250.000000
10 0.000012 9 4 100000000000.000000
12 0.000012 2 52 21
10 0.000012 13 22 7341125000.000000
10 0.000012 13 13 367056250.000000
13 0.000012 2 49
16 0.000012 3 0 PTP 49 4_1_0_4
9 0.000012 9 1 100000000000.000000
10 0.000012 9 1 100000000000.000000
12 0.000012 2 49 21
9 0.000012 13 26 6991547619.047618
8 0.000012 13 35 0.000000
9 0.000012 13 35 349577380.952381
9 0.000012 13 16 6991547619.047618
8 0.000012 13 32 0.000000
9 0.000012 13 32 349577380.952381
8 0.000012 13 39 0.000000
9 0.000012 13 39 6991547619.047618
8 0.000012 13 48 0.000000
9 0.000012 13 48 349577380.952381
9 0.000012 13 19 6991547619.047618
8 0.000012 13 42 0.000000
9 0.000012 13 42 349577380.952381
9 0.000012 13 29 6991547619.047618
8 0.000012 13 45 0.000000
9 0.000012 13 45 349577380.952381
10 0.000013 13 15 8723325000.000000
10 0.000013 13 28 436166250.000000
10 0.000013 13 40 436166250.000000
10 0.000013 13 14 8723325000.000000
10 0.000013 13 25 436166250.000000
10 0.000013 13 31 436166250.000000
9 0.000013 13 28 8307928571.428571
9 0.000013 13 40 415396428.571429
9 0.000013 13 15 415396428.571429
9 0.000013 13 25 8307928571.428571
9 0.000013 13 31 415396428.571429
9 0.000013 13 14 415396428.571429
9 0.000013 13 24 7930295454.545453
8 0.000013 13 20 0.000000
9 0.000013 13 20 396514772.727273
9 0.000013 13 43 396514772.727273
8 0.000013 13 36 0.000000
9 0.000013 13 36 7930295454.545453
9 0.000013 13 30 396514772.727273
8 0.000013 13 47 0.000000
9 0.000013 13 47 396514772.727273
9 0.000013 13 46 7930295454.545453
8 0.000013 13 33 0.000000
9 0.000013 13 33 396514772.727273
8 0.000013 13 21 0.000000
9 0.000013 13 21 396514772.727273
9 0.000013 13 37 7930295454.545453
8 0.000013 13 41 0.000000
9 0.000013 13 41 396514772.727273
8 0.000013 13 18 0.000000
9 0.000013 13 18 396514772.727273
9 0.000013 13 27 7930295454.545453
8 0.000013 13 38 0.000000
9 0.000013 13 38 396514772.727273
8 0.000013 13 44 0.000000
9 0.000013 13 44 396514772.727273
9 0.000013 13 23 7930295454.545453
8 0.000013 13 17 0.000000
9 0.000013 13 17 396514772.727273
9 0.000013 13 34 396514772.727273
10 0.000014 13 26 6991547619.047618
10 0.000014 13 35 349577380.952381
13 0.000014 2 56
16 0.000014 3 0 PTP 56 5_8_0_6
12 0.000014 2 56 21
9 0.000014 13 35 7341125000.000000
9 0.000014 13 26 367056250.000000
10 0.000014 13 16 6991547619.047618
10 0.000014 13 32 349577380.952381
13 0.000014 2 55
16 0.000014 3 0 PTP 55 2_7_0_13
12 0.000014 2 55 21
9 0.000014 13 32 7341125000.000000
9 0.000014 13 16 367056250.000000
10 0.000014 13 39 6991547619.047618
10 0.000014 13 48 349577380.952381
10 0.000014 13 29 6991547619.047618
10 0.000014 13 45 349577380.952381
13 0.000014 2 60
16 0.000014 3 0 PTP 60 9_12_0_14
12 0.000014 2 60 21
13 0.000014 2 59
16 0.000014 3 0 PTP 59 6_11_0_5
12 0.000014 2 59 21
9 0.000014 13 48 7341125000.000000
9 0.000014 13 39 367056250.000000
9 0.000014 13 45 7341125000.000000
9 0.000014 13 29 367056250.000000
10 0.000014 13 35 7341125000.000000
10 0.000014 13 26 367056250.000000
13 0.000014 2 53
16 0.000014 3 0 PTP 53 8_5_0_15
9 0.000014 9 5 100000000000.000000
10 0.000014 13 32 7341125000.000000
10 0.000014 13 16 367056250.000000
13 0.000014 2 50
16 0.000014 3 0 PTP 50 7_2_0_16
12 0.000014 2 50 21
10 0.000014 9 5 100000000000.000000
12 0.000014 2 53 21
10 0.000014 13 48 7341125000.000000
10 0.000014 13 39 367056250.000000
13 0.000014 2 57
16 0.000014 3 0 PTP 57 12_9_0_17
12 0.000014 2 57 21
10 0.000014 13 19 6991547619.047618
10 0.000014 13 42 349577380.952381
13 0.000014 2 58
16 0.000014 3 0 PTP 58 3_10_0_18
12 0.000014 2 58 21
9 0.000014 13 42 7341125000.000000
9 0.000014 13 19 367056250.000000
10 0.000014 13 42 7341125000.000000
10 0.000014 13 19 367056250.000000
13 0.000014 2 51
16 0.000014 3 0 PTP 51 10_3_0_19
12 0.000014 2 51 21
10 0.000014 13 45 7341125000.000000
10 0.000014 13 29 367056250.000000
13 0.000014 2 54
16 0.000014 3 0 PTP 54 11_6_0_24
12 0.000014 2 54 21
13 0.000014 2 54
16 0.000014 3 0 PTP 54 1_6_0_3
12 0.000014 2 54 21
10 0.000015 13 25 8307928571.428571
10 0.000015 13 31 415396428.571429
10 0.000015 13 14 415396428.571429
13 0.000015 2 55
16 0.000015 3 0 PTP 55 5_7_0_10
12 0.000015 2 55 21
9 0.000015 13 31 8723325000.000000
9 0.000015 13 14 436166250.000000
9 0.000015 13 25 436166250.000000
10 0.000015 13 28 8307928571.428571
10 0.000015 13 40 415396428.571429
10 0.000015 13 15 415396428.571429
13 0.000015 2 58
16 0.000015 3 0 PTP 58 6_10_0_11
12 0.000015 2 58 21
9 0.000015 13 40 8723325000.000000
9 0.000015 13 15 436166250.000000
9 0.000015 13 28 436166250.000000
10 0.000015 13 40 8723325000.000000
10 0.000015 13 15 436166250.000000
10 0.000015 13 28 436166250.000000
10 0.000015 13 24 7930295454.545453
10 0.000015 13 20 396514772.727273
10 0.000015 13 43 396514772.727273
13 0.000015 2 51
16 0.000015 3 0 PTP 51 4_3_0_12
12 0.000015 2 51 21
9 0.000015 13 20 8307928571.428571
9 0.000015 13 43 415396428.571429
9 0.000015 13 24 415396428.571429
9 0.000015 13 43 8307928571.428571
9 0.000015 13 24 415396428.571429
9 0.000015 13 20 415396428.571429
10 0.000015 13 31 8723325000.000000
10 0.000015 13 14 436166250.000000
10 0.000015 13 25 436166250.000000
13 0.000015 2 49
16 0.000015 3 0 PTP 49 7_1_0_30
12 0.000015 2 49 21
13 0.000015 2 49
16 0.000015 3 0 PTP 49 10_1_0_26
12 0.000015 2 49 21
13 0.000015 2 49
12 0.000015 2 49 21
13 0.000015 2 49
12 0.000015 2 49 21
13 0.000015 2 49
9 0.000015 9 1 100000000000.000000
10 0.000015 13 27 7930295454.545453
10 0.000015 13 38 396514772.727273
10 0.000015 13 44 396514772.727273
10 0.000015 13 23 7930295454.545453
10 0.000015 13 17 396514772.727273
10 0.000015 13 34 396514772.727273
9 0.000015 13 17 8307928571.428571
9 0.000015 13 34 415396428.571429
9 0.000015 13 23 415396428.571429
9 0.000015 13 38 8307928571.428571
9 0.000015 13 44 415396428.571429
9 0.000015 13 27 415396428.571429
10 0.000015 9 1 100000000000.000000
12 0.000015 2 49 19
13 0.000015 2 49
12 0.000015 2 49 19
13 0.000015 2 49
12 0.000015 2 49 20
15 0.000015 3 0 PTP 49 1_5_3_37
13 0.000015 2 49
12 0.000015 2 49 20
15 0.000015 3 0 PTP 49 1_6_3_38
13 0.000015 2 49
12 0.000015 2 49 19
13 0.000015 2 49
12 0.000015 2 49 19
13 0.000015 2 49
12 0.000015 2 49 19
13 0.000015 2 49
12 0.000015 2 49 20
15 0.000015 3 0 PTP 49 1_4_6_39
13 0.000015 2 49
12 0.000015 2 49 20
15 0.000015 3 0 PTP 49 1_5_6_40
13 0.000015 2 49
12 0.000015 2 49 20
15 0.000015 3 0 PTP 49 1_6_6_41
13 0.000015 2 49
12 0.000015 2 49 19
13 0.000015 2 49
12 0.000015 2 49 19
13 0.000015 2 49
12 0.000015 2 49 19
13 0.000015 2 49
12 0.000015 2 49 20
15 0.000015 3 0 PTP 49 1_4_9_42
13 0.000015 2 49
9 0.000015 9 1 100000000000.000000
10 0.000015 13 36 7930295454.545453
10 0.000015 13 30 396514772.727273
10 0.000015 13 47 396514772.727273
13 0.000015 2 54
16 0.000015 3 0 PTP 54 8_6_0_22
9 0.000015 9 6 100000000000.000000
9 0.000015 13 30 8307928571.428571
9 0.000015 13 47 415396428.571429
9 0.000015 13 36 415396428.571429
10 0.000015 9 1 100000000000.000000
10 0.000015 9 6 100000000000.000000
12 0.000015 2 49 20
15 0.000015 3 0 PTP 49 1_5_9_43
12 0.000015 2 54 21
13 0.000015 2 54
12 0.000015 2 54 21
13 0.000015 2 54
12 0.000015 2 54 21
13 0.000015 2 54
13 0.000015 2 49
12 0.000015 2 49 20
15 0.000015 3 0 PTP 49 1_6_9_44
13 0.000015 2 49
12 0.000015 2 49 21
9 0.000015 9 6 100000000000.000000
10 0.000015 13 17 8307928571.428571
10 0.000015 13 34 415396428.571429
10 0.000015 13 23 415396428.571429
9 0.000015 13 34 8723325000.000000
9 0.000015 13 23 436166250.000000
9 0.000015 13 17 436166250.000000
10 0.000015 9 6 100000000000.000000
10 0.000015 13 30 8307928571.428571
10 0.000015 13 47 415396428.571429
10 0.000015 13 36 415396428.571429
10 0.000015 13 46 7930295454.545453
10 0.000015 13 33 396514772.727273
10 0.000015 13 21 396514772.727273
12 0.000015 2 54 19
13 0.000015 2 55
16 0.000015 3 0 PTP 55 12_7_0_25
13 0.000015 2 54
12 0.000015 2 54 19
13 0.000015 2 54
12 0.000015 2 54 20
15 0.000015 3 0 PTP 54 6_12_10_45
13 0.000015 2 54
12 0.000015 2 54 20
15 0.000015 3 0 PTP 54 6_10_10_46
13 0.000015 2 54
12 0.000015 2 54 19
13 0.000015 2 54
12 0.000015 2 54 19
13 0.000015 2 54
12 0.000015 2 54 19
13 0.000015 2 54
12 0.000015 2 54 20
15 0.000015 3 0 PTP 54 6_11_0_47
13 0.000015 2 54
12 0.000015 2 54 20
15 0.000015 3 0 PTP 54 6_12_0_48
13 0.000015 2 54
12 0.000015 2 54 20
15 0.000015 3 0 PTP 54 6_10_0_49
13 0.000015 2 54
12 0.000015 2 54 19
13 0.000015 2 54
12 0.000015 2 54 19
13 0.000015 2 54
12 0.000015 2 54 19
13 0.000015 2 54
12 0.000015 2 54 20
15 0.000015 3 0 PTP 54 6_11_7_50
13 0.000015 2 54
12 0.000015 2 54 20
15 0.000015 3 0 PTP 54 6_12_7_51
13 0.000015 2 54
12 0.000015 2 54 20
15 0.000015 3 0 PTP 54 6_10_7_52
13 0.000015 2 54
12 0.000015 2 54 21
9 0.000015 13 33 8307928571.428571
9 0.000015 13 21 415396428.571429
9 0.000015 13 46 415396428.571429
9 0.000015 9 7 100000000000.000000
9 0.000015 13 47 8723325000.000000
9 0.000015 13 36 436166250.000000
9 0.000015 13 30 436166250.000000
10 0.000015 13 37 7930295454.545453
10 0.000015 13 41 396514772.727273
10 0.000015 13 18 396514772.727273
10 0.000015 13 33 8307928571.428571
10 0.000015 13 21 415396428.571429
10 0.000015 13 46 415396428.571429
13 0.000015 2 58
16 0.000015 3 0 PTP 58 9_10_0_21
12 0.000015 2 58 21
13 0.000015 2 58
12 0.000015 2 58 21
13 0.000015 2 58
12 0.000015 2 58 21
13 0.000015 2 58
13 0.000015 2 51
16 0.000015 3 0 PTP 51 7_3_0_23
9 0.000015 9 3 100000000000.000000
9 0.000015 9 10 100000000000.000000
9 0.000015 13 18 8307928571.428571
9 0.000015 13 37 415396428.571429
9 0.000015 13 41 415396428.571429
10 0.000015 9 7 100000000000.000000
12 0.000015 2 55 21
13 0.000015 2 55
12 0.000015 2 55 21
13 0.000015 2 55
12 0.000015 2 55 21
13 0.000015 2 55
9 0.000015 9 7 100000000000.000000
10 0.000015 9 3 100000000000.000000
10 0.000015 9 10 100000000000.000000
12 0.000015 2 51 21
13 0.000015 2 51
12 0.000015 2 51 21
13 0.000015 2 51
12 0.000015 2 51 21
13 0.000015 2 51
12 0.000015 2 51 19
12 0.000015 2 58 19
13 0.000015 2 51
12 0.000015 2 51 19
13 0.000015 2 58
12 0.000015 2 58 19
13 0.000015 2 51
12 0.000015 2 51 20
15 0.000015 3 0 PTP 51 3_11_9_53
13 0.000015 2 58
12 0.000015 2 58 20
15 0.000015 3 0 PTP 58 10_1_2_54
13 0.000015 2 51
12 0.000015 2 51 20
15 0.000015 3 0 PTP 51 3_12_9_55
13 0.000015 2 58
12 0.000015 2 58 20
15 0.000015 3 0 PTP 58 10_2_2_56
13 0.000015 2 51
12 0.000015 2 51 19
13 0.000015 2 58
12 0.000015 2 58 19
13 0.000015 2 51
12 0.000015 2 51 19
13 0.000015 2 58
12 0.000015 2 58 19
13 0.000015 2 51
12 0.000015 2 51 19
13 0.000015 2 58
12 0.000015 2 58 19
13 0.000015 2 51
12 0.000015 2 51 20
15 0.000015 3 0 PTP 51 3_10_3_57
13 0.000015 2 58
12 0.000015 2 58 20
15 0.000015 3 0 PTP 58 10_3_5_58
13 0.000015 2 51
12 0.000015 2 51 20
15 0.000015 3 0 PTP 51 3_11_3_59
13 0.000015 2 58
12 0.000015 2 58 20
15 0.000015 3 0 PTP 58 10_1_5_60
13 0.000015 2 51
12 0.000015 2 51 20
15 0.000015 3 0 PTP 51 3_12_3_61
13 0.000015 2 58
12 0.000015 2 58 20
15 0.000015 3 0 PTP 58 10_2_5_62
13 0.000015 2 51
12 0.000015 2 51 19
13 0.000015 2 58
12 0.000015 2 58 19
13 0.000015 2 51
12 0.000015 2 51 19
13 0.000015 2 58
12 0.000015 2 58 19
13 0.000015 2 51
12 0.000015 2 51 19
13 0.000015 2 58
12 0.000015 2 58 19
13 0.000015 2 51
12 0.000015 2 51 20
15 0.000015 3 0 PTP 51 3_10_6_63
13 0.000015 2 58
12 0.000015 2 58 20
15 0.000015 3 0 PTP 58 10_3_8_64
13 0.000015 2 51
12 0.000015 2 51 20
15 0.000015 3 0 PTP 51 3_11_6_65
13 0.000015 2 58
12 0.000015 2 58 20
15 0.000015 3 0 PTP 58 10_1_8_66
13 0.000015 2 51
12 0.000015 2 51 20
15 0.000015 3 0 PTP 51 3_12_6_67
13 0.000015 2 58
12 0.000015 2 58 20
15 0.000015 3 0 PTP 58 10_2_8_68
13 0.000015 2 51
12 0.000015 2 51 21
13 0.000015 2 58
12 0.000015 2 58 21
10 0.000015 9 7 100000000000.000000
12 0.000015 2 55 19
13 0.000015 2 55
12 0.000015 2 55 19
13 0.000015 2 55
12 0.000015 2 55 20
15 0.000015 3 0 PTP 55 7_3_1_69
13 0.000015 2 55
12 0.000015 2 55 20
15 0.000015 3 0 PTP 55 7_1_1_70
13 0.000015 2 55
12 0.000015 2 55 19
13 0.000015 2 55
12 0.000015 2 55 19
13 0.000015 2 55
12 0.000015 2 55 19
13 0.000015 2 55
12 0.000015 2 55 20
15 0.000015 3 0 PTP 55 7_2_4_71
13 0.000015 2 55
12 0.000015 2 55 20
15 0.000015 3 0 PTP 55 7_3_4_72
13 0.000015 2 55
12 0.000015 2 55 20
15 0.000015 3 0 PTP 55 7_1_4_73
13 0.000015 2 55
12 0.000015 2 55 19
13 0.000015 2 55
12 0.000015 2 55 19
13 0.000015 2 55
12 0.000015 2 55 19
13 0.000015 2 55
12 0.000015 2 55 20
15 0.000015 3 0 PTP 55 7_2_11_74
13 0.000015 2 55
12 0.000015 2 55 20
15 0.000015 3 0 PTP 55 7_3_11_75
13 0.000015 2 55
12 0.000015 2 55 20
15 0.000015 3 0 PTP 55 7_1_11_76
13 0.000015 2 55
12 0.000015 2 55 21
9 0.000015 13 21 8723325000.000000
9 0.000015 13 46 436166250.000000
9 0.000015 13 33 436166250.000000
10 0.000015 13 38 8307928571.428571
10 0.000015 13 44 415396428.571429
10 0.000015 13 27 415396428.571429
10 0.000015 13 18 8307928571.428571
10 0.000015 13 37 415396428.571429
10 0.000015 13 41 415396428.571429
13 0.000015 2 59
16 0.000015 3 0 PTP 59 9_11_0_29
13 0.000015 2 57
16 0.000015 3 0 PTP 57 2_9_0_28
12 0.000015 2 57 21
13 0.000015 2 57
16 0.000015 3 0 PTP 57 5_9_0_9
12 0.000015 2 57 21
13 0.000015 2 57
12 0.000015 2 57 21
13 0.000015 2 57
12 0.000015 2 57 21
13 0.000015 2 57
9 0.000015 9 11 100000000000.000000
9 0.000015 9 9 100000000000.000000
10 0.000015 9 11 100000000000.000000
12 0.000015 2 59 21
10 0.000015 9 9 100000000000.000000
12 0.000015 2 57 19
13 0.000015 2 57
12 0.000015 2 57 19
13 0.000015 2 57
12 0.000015 2 57 20
15 0.000015 3 0 PTP 57 9_10_11_77
13 0.000015 2 57
12 0.000015 2 57 20
15 0.000015 3 0 PTP 57 9_11_11_78
13 0.000015 2 57
12 0.000015 2 57 19
13 0.000015 2 57
12 0.000015 2 57 19
13 0.000015 2 57
12 0.000015 2 57 19
13 0.000015 2 57
12 0.000015 2 57 20
15 0.000015 3 0 PTP 57 9_12_1_79
13 0.000015 2 57
12 0.000015 2 57 20
15 0.000015 3 0 PTP 57 9_10_1_80
13 0.000015 2 57
12 0.000015 2 57 20
15 0.000015 3 0 PTP 57 9_11_1_81
13 0.000015 2 57
12 0.000015 2 57 19
13 0.000015 2 57
12 0.000015 2 57 19
13 0.000015 2 57
12 0.000015 2 57 19
13 0.000015 2 57
12 0.000015 2 57 20
15 0.000015 3 0 PTP 57 9_12_4_82
13 0.000015 2 57
12 0.000015 2 57 20
15 0.000015 3 0 PTP 57 9_10_4_83
13 0.000015 2 57
12 0.000015 2 57 20
15 0.000015 3 0 PTP 57 9_11_4_84
13 0.000015 2 57
12 0.000015 2 57 21
9 0.000015 13 41 8723325000.000000
9 0.000015 13 18 436166250.000000
9 0.000015 13 37 436166250.000000
10 0.000015 13 20 8307928571.428571
10 0.000015 13 43 415396428.571429
10 0.000015 13 24 415396428.571429
10 0.000015 13 43 8307928571.428571
10 0.000015 13 24 415396428.571429
10 0.000015 13 20 415396428.571429
13 0.000015 2 59
16 0.000015 3 0 PTP 59 3_11_0_27
12 0.000015 2 59 21
13 0.000015 2 59
12 0.000015 2 59 21
13 0.000015 2 59
12 0.000015 2 59 21
13 0.000015 2 59
9 0.000015 9 11 100000000000.000000
10 0.000015 13 47 8723325000.000000
10 0.000015 13 36 436166250.000000
10 0.000015 13 30 436166250.000000
13 0.000015 2 56
16 0.000015 3 0 PTP 56 12_8_0_32
9 0.000015 9 8 100000000000.000000
10 0.000015 13 21 8723325000.000000
10 0.000015 13 46 436166250.000000
10 0.000015 13 33 436166250.000000
13 0.000015 2 60
16 0.000015 3 0 PTP 60 3_12_0_33
12 0.000015 2 60 21
13 0.000015 2 60
16 0.000015 3 0 PTP 60 6_12_0_8
12 0.000015 2 60 21
13 0.000015 2 60
12 0.000015 2 60 21
13 0.000015 2 60
12 0.000015 2 60 21
13 0.000015 2 60
9 0.000015 9 12 100000000000.000000
10 0.000015 13 41 8723325000.000000
10 0.000015 13 18 436166250.000000
10 0.000015 13 37 436166250.000000
13 0.000015 2 50
16 0.000015 3 0 PTP 50 10_2_0_34
12 0.000015 2 50 21
13 0.000015 2 50
16 0.000015 3 0 PTP 50 4_2_0_7
12 0.000015 2 50 21
13 0.000015 2 50
12 0.000015 2 50 21
13 0.000015 2 50
12 0.000015 2 50 21
13 0.000015 2 50
9 0.000015 9 2 100000000000.000000
10 0.000015 9 12 100000000000.000000
10 0.000015 9 2 100000000000.000000
12 0.000015 2 60 19
12 0.000015 2 50 19
13 0.000015 2 60
12 0.000015 2 60 19
13 0.000015 2 50
12 0.000015 2 50 19
13 0.000015 2 60
12 0.000015 2 60 20
15 0.000015 3 0 PTP 60 12_7_8_85
13 0.000015 2 50
12 0.000015 2 50 20
15 0.000015 3 0 PTP 50 2_8_6_86
13 0.000015 2 60
12 0.000015 2 60 20
15 0.000015 3 0 PTP 60 12_8_8_87
13 0.000015 2 50
12 0.000015 2 50 20
15 0.000015 3 0 PTP 50 2_9_6_88
13 0.000015 2 60
12 0.000015 2 60 19
13 0.000015 2 50
12 0.000015 2 50 19
13 0.000015 2 60
12 0.000015 2 60 19
13 0.000015 2 50
12 0.000015 2 50 19
13 0.000015 2 60
12 0.000015 2 60 19
13 0.000015 2 50
12 0.000015 2 50 19
13 0.000015 2 60
12 0.000015 2 60 20
15 0.000015 3 0 PTP 60 12_9_2_89
13 0.000015 2 50
12 0.000015 2 50 20
15 0.000015 3 0 PTP 50 2_7_9_90
13 0.000015 2 60
12 0.000015 2 60 20
15 0.000015 3 0 PTP 60 12_7_2_91
13 0.000015 2 50
12 0.000015 2 50 20
15 0.000015 3 0 PTP 50 2_8_9_92
13 0.000015 2 60
12 0.000015 2 60 20
15 0.000015 3 0 PTP 60 12_8_2_93
13 0.000015 2 50
12 0.000015 2 50 20
15 0.000015 3 0 PTP 50 2_9_9_94
13 0.000015 2 60
12 0.000015 2 60 19
13 0.000015 2 50
12 0.000015 2 50 19
13 0.000015 2 60
12 0.000015 2 60 19
13 0.000015 2 50
12 0.000015 2 50 19
13 0.000015 2 60
12 0.000015 2 60 19
13 0.000015 2 50
12 0.000015 2 50 19
13 0.000015 2 60
12 0.000015 2 60 20
15 0.000015 3 0 PTP 60 12_9_5_95
13 0.000015 2 50
12 0.000015 2 50 20
15 0.000015 3 0 PTP 50 2_7_3_96
13 0.000015 2 60
12 0.000015 2 60 20
15 0.000015 3 0 PTP 60 12_7_5_97
13 0.000015 2 50
12 0.000015 2 50 20
15 0.000015 3 0 PTP 50 2_8_3_98
13 0.000015 2 60
12 0.000015 2 60 20
15 0.000015 3 0 PTP 60 12_8_5_99
13 0.000015 2 50
12 0.000015 2 50 20
15 0.000015 3 0 PTP 50 2_9_3_100
13 0.000015 2 60
12 0.000015 2 60 21
13 0.000015 2 50
12 0.000015 2 50 21
10 0.000015 9 11 100000000000.000000
12 0.000015 2 59 19
13 0.000015 2 59
12 0.000015 2 59 19
13 0.000015 2 59
12 0.000015 2 59 20
15 0.000015 3 0 PTP 59 11_4_5_101
13 0.000015 2 59
12 0.000015 2 59 20
15 0.000015 3 0 PTP 59 11_5_5_102
13 0.000015 2 59
12 0.000015 2 59 19
13 0.000015 2 59
12 0.000015 2 59 19
13 0.000015 2 59
12 0.000015 2 59 19
13 0.000015 2 59
12 0.000015 2 59 20
15 0.000015 3 0 PTP 59 11_6_8_103
13 0.000015 2 59
12 0.000015 2 59 20
15 0.000015 3 0 PTP 59 11_4_8_104
13 0.000015 2 59
12 0.000015 2 59 20
15 0.000015 3 0 PTP 59 11_5_8_105
13 0.000015 2 59
12 0.000015 2 59 19
13 0.000015 2 59
12 0.000015 2 59 19
13 0.000015 2 59
12 0.000015 2 59 19
13 0.000015 2 59
12 0.000015 2 59 20
15 0.000015 3 0 PTP 59 11_6_2_106
13 0.000015 2 59
12 0.000015 2 59 20
15 0.000015 3 0 PTP 59 11_4_2_107
13 0.000015 2 59
12 0.000015 2 59 20
15 0.000015 3 0 PTP 59 11_5_2_108
13 0.000015 2 59
12 0.000015 2 59 21
9 0.000015 13 44 8723325000.000000
9 0.000015 13 27 436166250.000000
9 0.000015 13 38 436166250.000000
10 0.000015 13 44 8723325000.000000
10 0.000015 13 27 436166250.000000
10 0.000015 13 38 436166250.000000
13 0.000015 2 53
16 0.000015 3 0 PTP 53 11_5_0_35
12 0.000015 2 53 21
13 0.000015 2 53
16 0.000015 3 0 PTP 53 1_5_0_2
12 0.000015 2 53 21
13 0.000015 2 53
12 0.000015 2 53 21
13 0.000015 2 53
12 0.000015 2 53 21
13 0.000015 2 53
9 0.000015 9 5 100000000000.000000
10 0.000015 13 34 8723325000.000000
10 0.000015 13 23 436166250.000000
10 0.000015 13 17 436166250.000000
13 0.000015 2 52
16 0.000015 3 0 PTP 52 8_4_0_36
9 0.000015 9 4 100000000000.000000
10 0.000015 9 5 100000000000.000000
12 0.000015 2 53 19
13 0.000015 2 53
12 0.000015 2 53 19
13 0.000015 2 53
12 0.000015 2 53 20
15 0.000015 3 0 PTP 53 5_9_7_109
13 0.000015 2 53
9 0.000015 9 5 100000000000.000000
10 0.000015 9 4 100000000000.000000
12 0.000015 2 52 21
13 0.000015 2 52
16 0.000015 3 0 PTP 52 11_4_0_31
9 0.000015 9 4 100000000000.000000
10 0.000015 9 5 100000000000.000000
12 0.000015 2 53 20
15 0.000015 3 0 PTP 53 5_7_7_110
13 0.000015 2 53
12 0.000015 2 53 19
13 0.000015 2 53
12 0.000015 2 53 19
13 0.000015 2 53
12 0.000015 2 53 19
13 0.000015 2 53
12 0.000015 2 53 20
15 0.000015 3 0 PTP 53 5_8_10_111
13 0.000015 2 53
12 0.000015 2 53 20
15 0.000015 3 0 PTP 53 5_9_10_112
13 0.000015 2 53
12 0.000015 2 53 20
15 0.000015 3 0 PTP 53 5_7_10_113
13 0.000015 2 53
12 0.000015 2 53 19
13 0.000015 2 53
12 0.000015 2 53 19
13 0.000015 2 53
12 0.000015 2 53 19
13 0.000015 2 53
12 0.000015 2 53 20
15 0.000015 3 0 PTP 53 5_8_0_114
13 0.000015 2 53
12 0.000015 2 53 20
15 0.000015 3 0 PTP 53 5_9_0_115
13 0.000015 2 53
12 0.000015 2 53 20
15 0.000015 3 0 PTP 53 5_7_0_116
13 0.000015 2 53
12 0.000015 2 53 21
10 0.000015 9 4 100000000000.000000
12 0.000015 2 52 21
13 0.000015 2 52
12 0.000015 2 52 21
13 0.000015 2 52
12 0.000015 2 52 21
13 0.000015 2 52
9 0.000015 9 4 100000000000.000000
10 0.000015 9 4 100000000000.000000
12 0.000015 2 52 19
13 0.000015 2 52
12 0.000015 2 52 19
13 0.000015 2 52
12 0.000015 2 52 20
15 0.000015 3 0 PTP 52 4_2_0_117
13 0.000015 2 52
12 0.000015 2 52 20
15 0.000015 3 0 PTP 52 4_3_0_118
13 0.000015 2 52
12 0.000015 2 52 19
13 0.000015 2 52
12 0.000015 2 52 19
13 0.000015 2 52
12 0.000015 2 52 19
13 0.000015 2 52
12 0.000015 2 52 20
15 0.000015 3 0 PTP 52 4_1_7_119
13 0.000015 2 52
12 0.000015 2 52 20
15 0.000015 3 0 PTP 52 4_2_7_120
13 0.000015 2 52
12 0.000015 2 52 20
15 0.000015 3 0 PTP 52 4_3_7_121
13 0.000015 2 52
12 0.000015 2 52 19
13 0.000015 2 52
12 0.000015 2 52 19
13 0.000015 2 52
12 0.000015 2 52 19
13 0.000015 2 52
12 0.000015 2 52 20
15 0.000015 3 0 PTP 52 4_1_10_122
13 0.000015 2 52
12 0.000015 2 52 20
15 0.000015 3 0 PTP 52 4_2_10_123
13 0.000015 2 52
12 0.000015 2 52 20
15 0.000015 3 0 PTP 52 4_3_10_124
13 0.000015 2 52
12 0.000015 2 52 21
10 0.000015 9 8 100000000000.000000
12 0.000015 2 56 21
13 0.000015 2 56
16 0.000015 3 0 PTP 56 2_8_0_20
12 0.000015 2 56 21
13 0.000015 2 56
12 0.000015 2 56 21
13 0.000015 2 56
12 0.000015 2 56 21
13 0.000015 2 56
9 0.000015 9 8 100000000000.000000
10 0.000015 9 8 100000000000.000000
12 0.000015 2 56 19
13 0.000015 2 56
12 0.000015 2 56 19
13 0.000015 2 56
12 0.000015 2 56 20
15 0.000015 3 0 PTP 56 8_6_4_125
13 0.000015 2 56
12 0.000015 2 56 20
15 0.000015 3 0 PTP 56 8_4_4_126
13 0.000015 2 56
12 0.000015 2 56 19
13 0.000015 2 56
12 0.000015 2 56 19
13 0.000015 2 56
12 0.000015 2 56 19
13 0.000015 2 56
12 0.000015 2 56 20
15 0.000015 3 0 PTP 56 8_5_11_127
13 0.000015 2 56
12 0.000015 2 56 20
15 0.000015 3 0 PTP 56 8_6_11_128
13 0.000015 2 56
12 0.000015 2 56 20
15 0.000015 3 0 PTP 56 8_4_11_129
13 0.000015 2 56
12 0.000015 2 56 19
13 0.000015 2 56
12 0.000015 2 56 19
13 0.000015 2 56
12 0.000015 2 56 19
13 0.000015 2 56
12 0.000015 2 56 20
15 0.000015 3 0 PTP 56 8_5_1_130
13 0.000015 2 56
12 0.000015 2 56 20
15 0.000015 3 0 PTP 56 8_6_1_131
13 0.000015 2 56
12 0.000015 2 56 20
15 0.000015 3 0 PTP 56 8_4_1_132
13 0.000015 2 56
12 0.000015 2 56 21
9 0.000017 13 42 4612678571.428571
9 0.000017 13 19 230633928.571429
9 0.000017 13 19 4612678571.428571
9 0.000017 13 42 230633928.571429
9 0.000017 13 42 4612678571.428571
9 0.000017 13 19 230633928.571429
9 0.000017 13 19 4612678571.428571
9 0.000017 13 42 230633928.571429
9 0.000017 13 15 2935340909.090909
9 0.000017 13 28 146767045.454545
9 0.000017 13 40 146767045.454545
9 0.000017 13 15 2935340909.090909
9 0.000017 13 28 146767045.454545
9 0.000017 13 40 146767045.454545
9 0.000017 13 15 2935340909.090909
9 0.000017 13 28 146767045.454545
9 0.000017 13 40 146767045.454545
9 0.000017 13 48 4612678571.428571
9 0.000017 13 39 230633928.571429
9 0.000017 13 48 4612678571.428571
9 0.000017 13 39 230633928.571429
9 0.000017 13 39 4612678571.428571
9 0.000017 13 48 230633928.571429
9 0.000017 13 39 4612678571.428571
9 0.000017 13 48 230633928.571429
9 0.000017 13 16 4612678571.428571
9 0.000017 13 32 230633928.571429
9 0.000017 13 16 4612678571.428571
9 0.000017 13 32 230633928.571429
9 0.000017 13 32 4612678571.428571
9 0.000017 13 16 230633928.571429
9 0.000017 13 32 4612678571.428571
9 0.000017 13 16 230633928.571429
9 0.000017 13 33 2935340909.090909
9 0.000017 13 21 146767045.454545
9 0.000017 13 46 146767045.454545
9 0.000017 13 33 2935340909.090909
9 0.000017 13 21 146767045.454545
9 0.000017 13 46 146767045.454545
9 0.000017 13 33 2935340909.090909
9 0.000017 13 21 146767045.454545
9 0.000017 13 46 146767045.454545
9 0.000017 13 37 2935340909.090909
9 0.000017 13 41 146767045.454545
9 0.000017 13 18 146767045.454545
9 0.000017 13 37 2935340909.090909
9 0.000017 13 41 146767045.454545
9 0.000017 13 18 146767045.454545
9 0.000017 13 37 2935340909.090909
9 0.000017 13 41 146767045.454545
9 0.000017 13 18 146767045.454545
9 0.000017 13 45 4612678571.428571
9 0.000017 13 29 230633928.571429
9 0.000017 13 45 4612678571.428571
9 0.000017 13 29 230633928.571429
9 0.000017 13 29 4612678571.428571
9 0.000017 13 45 230633928.571429
9 0.000017 13 29 4612678571.428571
9 0.000017 13 45 230633928.571429
9 0.000017 13 31 2935340909.090909
9 0.000017 13 14 146767045.454545
9 0.000017 13 25 146767045.454545
9 0.000017 13 31 2935340909.090909
9 0.000017 13 14 146767045.454545
9 0.000017 13 25 146767045.454545
9 0.000017 13 31 2935340909.090909
9 0.000017 13 14 146767045.454545
9 0.000017 13 25 146767045.454545
9 0.000017 13 38 2935340909.090909
9 0.000017 13 44 146767045.454545
9 0.000017 13 27 146767045.454545
9 0.000017 13 38 2935340909.090909
9 0.000017 13 44 146767045.454545
9 0.000017 13 27 146767045.454545
9 0.000017 13 38 2935340909.090909
9 0.000017 13 44 146767045.454545
9 0.000017 13 27 146767045.454545
9 0.000017 13 22 4612678571.428571
9 0.000017 13 13 230633928.571429
9 0.000017 13 22 4612678571.428571
9 0.000017 13 13 230633928.571429
9 0.000017 13 13 4612678571.428571
9 0.000017 13 22 230633928.571429
9 0.000017 13 13 4612678571.428571
9 0.000017 13 22 230633928.571429
9 0.000017 13 20 2935340909.090909
9 0.000017 13 43 146767045.454545
9 0.000017 13 24 146767045.454545
9 0.000017 13 20 2935340909.090909
9 0.000017 13 43 146767045.454545
9 0.000017 13 24 146767045.454545
9 0.000017 13 20 2935340909.090909
9 0.000017 13 43 146767045.454545
9 0.000017 13 24 146767045.454545
9 0.000017 13 35 4612678571.428571
9 0.000017 13 26 230633928.571429
9 0.000017 13 35 4612678571.428571
9 0.000017 13 26 230633928.571429
9 0.000017 13 26 4612678571.428571
9 0.000017 13 35 230633928.571429
9 0.000017 13 26 4612678571.428571
9 0.000017 13 35 230633928.571429
9 0.000017 13 30 2935340909.090909
9 0.000017 13 47 146767045.454545
9 0.000017 13 36 146767045.454545
9 0.000017 13 30 2935340909.090909
9 0.000017 13 47 146767045.454545
9 0.000017 13 36 146767045.454545
9 0.000017 13 30 2935340909.090909
9 0.000017 13 47 146767045.454545
9 0.000017 13 36 146767045.454545
9 0.000017 13 23 2935340909.090909
9 0.000017 13 17 146767045.454545
9 0.000017 13 34 146767045.454545
9 0.000017 13 23 2935340909.090909
9 0.000017 13 17 146767045.454545
9 0.000017 13 34 146767045.454545
9 0.000017 13 23 2935340909.090909
9 0.000017 13 17 146767045.454545
9 0.000017 13 34 146767045.454545
10 0.000018 13 42 4612678571.428571
10 0.000018 13 19 230633928.571429
10 0.000018 13 19 4612678571.428571
10 0.000018 13 42 230633928.571429
10 0.000018 13 42 4612678571.428571
10 0.000018 13 19 230633928.571429
10 0.000018 13 19 4612678571.428571
10 0.000018 13 42 230633928.571429
13 0.000018 2 51
16 0.000018 3 0 PTP 51 10_3_5_58
12 0.000018 2 51 21
13 0.000018 2 58
16 0.000018 3 0 PTP 58 3_10_3_57
12 0.000018 2 58 21
13 0.000018 2 51
16 0.000018 3 0 PTP 51 10_3_8_64
12 0.000018 2 51 21
13 0.000018 2 58
16 0.000018 3 0 PTP 58 3_10_6_63
12 0.000018 2 58 21
10 0.000018 13 48 4612678571.428571
10 0.000018 13 39 230633928.571429
10 0.000018 13 48 4612678571.428571
10 0.000018 13 39 230633928.571429
10 0.000018 13 39 4612678571.428571
10 0.000018 13 48 230633928.571429
10 0.000018 13 39 4612678571.428571
10 0.000018 13 48 230633928.571429
10 0.000018 13 16 4612678571.428571
10 0.000018 13 32 230633928.571429
10 0.000018 13 16 4612678571.428571
10 0.000018 13 32 230633928.571429
10 0.000018 13 32 4612678571.428571
10 0.000018 13 16 230633928.571429
10 0.000018 13 32 4612678571.428571
10 0.000018 13 16 230633928.571429
13 0.000018 2 57
16 0.000018 3 0 PTP 57 12_9_2_89
12 0.000018 2 57 21
13 0.000018 2 60
16 0.000018 3 0 PTP 60 9_12_1_79
12 0.000018 2 60 21
13 0.000018 2 55
16 0.000018 3 0 PTP 55 2_7_9_90
12 0.000018 2 55 21
13 0.000018 2 50
16 0.000018 3 0 PTP 50 7_2_4_71
12 0.000018 2 50 21
13 0.000018 2 57
16 0.000018 3 0 PTP 57 12_9_5_95
12 0.000018 2 57 21
13 0.000018 2 60
16 0.000018 3 0 PTP 60 9_12_4_82
12 0.000018 2 60 21
13 0.000018 2 55
16 0.000018 3 0 PTP 55 2_7_3_96
12 0.000018 2 55 21
13 0.000018 2 50
16 0.000018 3 0 PTP 50 7_2_11_74
12 0.000018 2 50 21
10 0.000018 13 45 4612678571.428571
10 0.000018 13 29 230633928.571429
10 0.000018 13 45 4612678571.428571
10 0.000018 13 29 230633928.571429
10 0.000018 13 29 4612678571.428571
10 0.000018 13 45 230633928.571429
10 0.000018 13 29 4612678571.428571
10 0.000018 13 45 230633928.571429
13 0.000018 2 54
16 0.000018 3 0 PTP 54 11_6_8_103
12 0.000018 2 54 21
13 0.000018 2 59
16 0.000018 3 0 PTP 59 6_11_0_47
12 0.000018 2 59 21
13 0.000018 2 54
16 0.000018 3 0 PTP 54 11_6_2_106
12 0.000018 2 54 21
13 0.000018 2 59
16 0.000018 3 0 PTP 59 6_11_7_50
12 0.000018 2 59 21
10 0.000018 13 22 4612678571.428571
10 0.000018 13 13 230633928.571429
10 0.000018 13 22 4612678571.428571
10 0.000018 13 13 230633928.571429
10 0.000018 13 13 4612678571.428571
10 0.000018 13 22 230633928.571429
10 0.000018 13 13 4612678571.428571
10 0.000018 13 22 230633928.571429
13 0.000018 2 49
16 0.000018 3 0 PTP 49 4_1_7_119
12 0.000018 2 49 21
13 0.000018 2 52
16 0.000018 3 0 PTP 52 1_4_6_39
12 0.000018 2 52 21
13 0.000018 2 49
16 0.000018 3 0 PTP 49 4_1_10_122
12 0.000018 2 49 21
13 0.000018 2 52
16 0.000018 3 0 PTP 52 1_4_9_42
12 0.000018 2 52 21
10 0.000018 13 35 4612678571.428571
10 0.000018 13 26 230633928.571429
10 0.000018 13 35 4612678571.428571
10 0.000018 13 26 230633928.571429
10 0.000018 13 26 4612678571.428571
10 0.000018 13 35 230633928.571429
10 0.000018 13 26 4612678571.428571
10 0.000018 13 35 230633928.571429
13 0.000018 2 53
16 0.000018 3 0 PTP 53 8_5_11_127
12 0.000018 2 53 21
13 0.000018 2 56
16 0.000018 3 0 PTP 56 5_8_10_111
12 0.000018 2 56 21
13 0.000018 2 53
16 0.000018 3 0 PTP 53 8_5_1_130
12 0.000018 2 53 21
13 0.000018 2 56
16 0.000018 3 0 PTP 56 5_8_0_114
12 0.000018 2 56 21
10 0.000018 13 15 2935340909.090909
10 0.000018 13 28 146767045.454545
10 0.000018 13 40 146767045.454545
10 0.000018 13 15 2935340909.090909
10 0.000018 13 28 146767045.454545
10 0.000018 13 40 146767045.454545
10 0.000018 13 15 2935340909.090909
10 0.000018 13 28 146767045.454545
10 0.000018 13 40 146767045.454545
13 0.000018 2 54
16 0.000018 3 0 PTP 54 1_6_3_38
12 0.000018 2 54 21
13 0.000018 2 54
16 0.000018 3 0 PTP 54 1_6_6_41
12 0.000018 2 54 21
13 0.000018 2 54
16 0.000018 3 0 PTP 54 1_6_9_44
12 0.000018 2 54 21
9 0.000018 13 40 3075119047.619048
9 0.000018 13 15 153755952.380952
9 0.000018 13 28 153755952.380952
9 0.000018 13 40 3075119047.619048
9 0.000018 13 15 153755952.380952
9 0.000018 13 28 153755952.380952
9 0.000018 13 28 3075119047.619048
9 0.000018 13 40 153755952.380952
9 0.000018 13 15 153755952.380952
9 0.000018 13 28 3075119047.619048
9 0.000018 13 40 153755952.380952
9 0.000018 13 15 153755952.380952
9 0.000018 13 28 3075119047.619048
9 0.000018 13 40 153755952.380952
9 0.000018 13 15 153755952.380952
9 0.000018 13 40 3075119047.619048
9 0.000018 13 15 153755952.380952
9 0.000018 13 28 153755952.380952
10 0.000018 13 31 2935340909.090909
10 0.000018 13 14 146767045.454545
10 0.000018 13 25 146767045.454545
10 0.000018 13 31 2935340909.090909
10 0.000018 13 14 146767045.454545
10 0.000018 13 25 146767045.454545
10 0.000018 13 31 2935340909.090909
10 0.000018 13 14 146767045.454545
10 0.000018 13 25 146767045.454545
13 0.000018 2 49
16 0.000018 3 0 PTP 49 7_1_1_70
12 0.000018 2 49 21
13 0.000018 2 49
16 0.000018 3 0 PTP 49 7_1_4_73
12 0.000018 2 49 21
13 0.000018 2 49
16 0.000018 3 0 PTP 49 7_1_11_76
12 0.000018 2 49 21
10 0.000018 13 33 2935340909.090909
10 0.000018 13 21 146767045.454545
10 0.000018 13 46 146767045.454545
10 0.000018 13 33 2935340909.090909
10 0.000018 13 21 146767045.454545
10 0.000018 13 46 146767045.454545
10 0.000018 13 33 2935340909.090909
10 0.000018 13 21 146767045.454545
10 0.000018 13 46 146767045.454545
9 0.000018 13 46 3075119047.619048
9 0.000018 13 33 153755952.380952
9 0.000018 13 21 153755952.380952
9 0.000018 13 46 3075119047.619048
9 0.000018 13 33 153755952.380952
9 0.000018 13 21 153755952.380952
9 0.000018 13 21 3075119047.619048
9 0.000018 13 46 153755952.380952
9 0.000018 13 33 153755952.380952
9 0.000018 13 21 3075119047.619048
9 0.000018 13 46 153755952.380952
9 0.000018 13 33 153755952.380952
9 0.000018 13 21 3075119047.619048
9 0.000018 13 46 153755952.380952
9 0.000018 13 33 153755952.380952
9 0.000018 13 46 3075119047.619048
9 0.000018 13 33 153755952.380952
9 0.000018 13 21 153755952.380952
10 0.000018 13 40 3075119047.619048
10 0.000018 13 15 153755952.380952
10 0.000018 13 28 153755952.380952
10 0.000018 13 40 3075119047.619048
10 0.000018 13 15 153755952.380952
10 0.000018 13 28 153755952.380952
10 0.000018 13 28 3075119047.619048
10 0.000018 13 40 153755952.380952
10 0.000018 13 15 153755952.380952
10 0.000018 13 28 3075119047.619048
10 0.000018 13 40 153755952.380952
10 0.000018 13 15 153755952.380952
10 0.000018 13 28 3075119047.619048
10 0.000018 13 40 153755952.380952
10 0.000018 13 15 153755952.380952
10 0.000018 13 40 3075119047.619048
10 0.000018 13 15 153755952.380952
10 0.000018 13 28 153755952.380952
13 0.000018 2 58
16 0.000018 3 0 PTP 58 6_10_10_46
12 0.000018 2 58 21
13 0.000018 2 49
16 0.000018 3 0 PTP 49 10_1_2_54
12 0.000018 2 49 21
13 0.000018 2 58
16 0.000018 3 0 PTP 58 6_10_0_49
12 0.000018 2 58 21
13 0.000018 2 49
16 0.000018 3 0 PTP 49 10_1_5_60
12 0.000018 2 49 21
13 0.000018 2 58
16 0.000018 3 0 PTP 58 6_10_7_52
12 0.000018 2 58 21
13 0.000018 2 49
16 0.000018 3 0 PTP 49 10_1_8_66
12 0.000018 2 49 18
10 0.000018 13 37 2935340909.090909
10 0.000018 13 41 146767045.454545
10 0.000018 13 18 146767045.454545
10 0.000018 13 37 2935340909.090909
10 0.000018 13 41 146767045.454545
10 0.000018 13 18 146767045.454545
10 0.000018 13 37 2935340909.090909
10 0.000018 13 41 146767045.454545
10 0.000018 13 18 146767045.454545
13 0.000018 2 58
16 0.000018 3 0 PTP 58 9_10_11_77
12 0.000018 2 58 21
13 0.000018 2 58
16 0.000018 3 0 PTP 58 9_10_1_80
12 0.000018 2 58 21
13 0.000018 2 58
16 0.000018 3 0 PTP 58 9_10_4_83
12 0.000018 2 58 18
9 0.000018 13 18 3075119047.619048
9 0.000018 13 37 153755952.380952
9 0.000018 13 41 153755952.380952
9 0.000018 13 18 3075119047.619048
9 0.000018 13 37 153755952.380952
9 0.000018 13 41 153755952.380952
9 0.000018 13 41 3075119047.619048
9 0.000018 13 18 153755952.380952
9 0.000018 13 37 153755952.380952
9 0.000018 13 41 3075119047.619048
9 0.000018 13 18 153755952.380952
9 0.000018 13 37 153755952.380952
9 0.000018 13 41 3075119047.619048
9 0.000018 13 18 153755952.380952
9 0.000018 13 37 153755952.380952
9 0.000018 13 18 3075119047.619048
9 0.000018 13 37 153755952.380952
9 0.000018 13 41 153755952.380952
10 0.000018 13 30 2935340909.090909
10 0.000018 13 47 146767045.454545
10 0.000018 13 36 146767045.454545
10 0.000018 13 30 2935340909.090909
10 0.000018 13 47 146767045.454545
10 0.000018 13 36 146767045.454545
10 0.000018 13 30 2935340909.090909
10 0.000018 13 47 146767045.454545
10 0.000018 13 36 146767045.454545
10 0.000018 13 20 2935340909.090909
10 0.000018 13 43 146767045.454545
10 0.000018 13 24 146767045.454545
10 0.000018 13 20 2935340909.090909
10 0.000018 13 43 146767045.454545
10 0.000018 13 24 146767045.454545
10 0.000018 13 20 2935340909.090909
10 0.000018 13 43 146767045.454545
10 0.000018 13 24 146767045.454545
10 0.000018 13 38 2935340909.090909
10 0.000018 13 44 146767045.454545
10 0.000018 13 27 146767045.454545
10 0.000018 13 38 2935340909.090909
10 0.000018 13 44 146767045.454545
10 0.000018 13 27 146767045.454545
10 0.000018 13 38 2935340909.090909
10 0.000018 13 44 146767045.454545
10 0.000018 13 27 146767045.454545
10 0.000018 13 46 3075119047.619048
10 0.000018 13 33 153755952.380952
10 0.000018 13 21 153755952.380952
10 0.000018 13 46 3075119047.619048
10 0.000018 13 33 153755952.380952
10 0.000018 13 21 153755952.380952
10 0.000018 13 21 3075119047.619048
10 0.000018 13 46 153755952.380952
10 0.000018 13 33 153755952.380952
10 0.000018 13 21 3075119047.619048
10 0.000018 13 46 153755952.380952
10 0.000018 13 33 153755952.380952
10 0.000018 13 21 3075119047.619048
10 0.000018 13 46 153755952.380952
10 0.000018 13 33 153755952.380952
10 0.000018 13 46 3075119047.619048
10 0.000018 13 33 153755952.380952
10 0.000018 13 21 153755952.380952
13 0.000018 2 59
16 0.000018 3 0 PTP 59 9_11_11_78
12 0.000018 2 59 21
13 0.000018 2 60
16 0.000018 3 0 PTP 60 3_12_9_55
12 0.000018 2 60 21
13 0.000018 2 59
16 0.000018 3 0 PTP 59 9_11_1_81
12 0.000018 2 59 21
13 0.000018 2 60
16 0.000018 3 0 PTP 60 3_12_3_61
12 0.000018 2 60 21
13 0.000018 2 59
16 0.000018 3 0 PTP 59 9_11_4_84
12 0.000018 2 59 21
13 0.000018 2 60
16 0.000018 3 0 PTP 60 3_12_6_67
12 0.000018 2 60 21
13 0.000018 2 59
16 0.000018 3 0 PTP 59 3_11_9_53
12 0.000018 2 59 21
13 0.000018 2 60
16 0.000018 3 0 PTP 60 6_12_10_45
12 0.000018 2 60 21
13 0.000018 2 59
16 0.000018 3 0 PTP 59 3_11_3_59
12 0.000018 2 59 21
13 0.000018 2 60
16 0.000018 3 0 PTP 60 6_12_0_48
12 0.000018 2 60 21
13 0.000018 2 59
16 0.000018 3 0 PTP 59 3_11_6_65
12 0.000018 2 59 18
13 0.000018 2 60
16 0.000018 3 0 PTP 60 6_12_7_51
12 0.000018 2 60 18
9 0.000018 13 27 3075119047.619048
9 0.000018 13 38 153755952.380952
9 0.000018 13 44 153755952.380952
9 0.000018 13 25 3075119047.619047
9 0.000018 13 31 153755952.380952
9 0.000018 13 14 153755952.380952
9 0.000018 13 14 3075119047.619047
9 0.000018 13 25 153755952.380952
9 0.000018 13 31 153755952.380952
9 0.000018 13 14 3075119047.619047
9 0.000018 13 25 153755952.380952
9 0.000018 13 31 153755952.380952
9 0.000018 13 14 3075119047.619047
9 0.000018 13 25 153755952.380952
9 0.000018 13 31 153755952.380952
9 0.000018 13 25 3075119047.619047
9 0.000018 13 31 153755952.380952
9 0.000018 13 14 153755952.380952
9 0.000018 13 25 3075119047.619047
9 0.000018 13 31 153755952.380952
9 0.000018 13 14 153755952.380952
9 0.000018 13 24 3075119047.619047
9 0.000018 13 20 153755952.380952
9 0.000018 13 43 153755952.380952
9 0.000018 13 43 3075119047.619047
9 0.000018 13 24 153755952.380952
9 0.000018 13 20 153755952.380952
9 0.000018 13 43 3075119047.619047
9 0.000018 13 24 153755952.380952
9 0.000018 13 20 153755952.380952
9 0.000018 13 43 3075119047.619047
9 0.000018 13 24 153755952.380952
9 0.000018 13 20 153755952.380952
9 0.000018 13 24 3075119047.619047
9 0.000018 13 20 153755952.380952
9 0.000018 13 43 153755952.380952
9 0.000018 13 24 3075119047.619047
9 0.000018 13 20 153755952.380952
9 0.000018 13 43 153755952.380952
9 0.000018 13 36 3075119047.619048
9 0.000018 13 30 153755952.380952
9 0.000018 13 47 153755952.380952
9 0.000018 13 36 3075119047.619048
9 0.000018 13 30 153755952.380952
9 0.000018 13 47 153755952.380952
9 0.000018 13 47 3075119047.619048
9 0.000018 13 36 153755952.380952
9 0.000018 13 30 153755952.380952
9 0.000018 13 47 3075119047.619048
9 0.000018 13 36 153755952.380952
9 0.000018 13 30 153755952.380952
9 0.000018 13 47 3075119047.619048
9 0.000018 13 36 153755952.380952
9 0.000018 13 30 153755952.380952
9 0.000018 13 36 3075119047.619048
9 0.000018 13 30 153755952.380952
9 0.000018 13 47 153755952.380952
10 0.000018 13 18 3075119047.619048
10 0.000018 13 37 153755952.380952
10 0.000018 13 41 153755952.380952
10 0.000018 13 18 3075119047.619048
10 0.000018 13 37 153755952.380952
10 0.000018 13 41 153755952.380952
10 0.000018 13 41 3075119047.619048
10 0.000018 13 18 153755952.380952
10 0.000018 13 37 153755952.380952
10 0.000018 13 41 3075119047.619048
10 0.000018 13 18 153755952.380952
10 0.000018 13 37 153755952.380952
10 0.000018 13 41 3075119047.619048
10 0.000018 13 18 153755952.380952
10 0.000018 13 37 153755952.380952
10 0.000018 13 18 3075119047.619048
10 0.000018 13 37 153755952.380952
10 0.000018 13 41 153755952.380952
13 0.000018 2 50
16 0.000018 3 0 PTP 50 10_2_2_56
12 0.000018 2 50 21
13 0.000018 2 57
16 0.000018 3 0 PTP 57 2_9_6_88
12 0.000018 2 57 21
13 0.000018 2 50
16 0.000018 3 0 PTP 50 10_2_5_62
12 0.000018 2 50 21
13 0.000018 2 57
16 0.000018 3 0 PTP 57 2_9_9_94
12 0.000018 2 57 21
13 0.000018 2 50
16 0.000018 3 0 PTP 50 10_2_8_68
12 0.000018 2 50 21
13 0.000018 2 57
16 0.000018 3 0 PTP 57 2_9_3_100
12 0.000018 2 57 21
10 0.000019 13 27 3075119047.619048
10 0.000019 13 38 153755952.380952
10 0.000019 13 44 153755952.380952
13 0.000019 2 57
16 0.000019 3 0 PTP 57 5_9_7_109
12 0.000019 2 57 21
9 0.000019 13 27 3124717741.935483
9 0.000019 13 38 156235887.096774
9 0.000019 13 44 156235887.096774
9 0.000019 13 27 3124717741.935483
9 0.000019 13 38 156235887.096774
9 0.000019 13 44 156235887.096774
9 0.000019 13 44 3124717741.935483
9 0.000019 13 27 156235887.096774
9 0.000019 13 38 156235887.096774
9 0.000019 13 44 3124717741.935483
9 0.000019 13 27 156235887.096774
9 0.000019 13 38 156235887.096774
9 0.000019 13 44 3124717741.935483
9 0.000019 13 27 156235887.096774
9 0.000019 13 38 156235887.096774
10 0.000019 13 25 3075119047.619047
10 0.000019 13 31 153755952.380952
10 0.000019 13 14 153755952.380952
10 0.000019 13 14 3075119047.619047
10 0.000019 13 25 153755952.380952
10 0.000019 13 31 153755952.380952
10 0.000019 13 14 3075119047.619047
10 0.000019 13 25 153755952.380952
10 0.000019 13 31 153755952.380952
10 0.000019 13 14 3075119047.619047
10 0.000019 13 25 153755952.380952
10 0.000019 13 31 153755952.380952
10 0.000019 13 25 3075119047.619047
10 0.000019 13 31 153755952.380952
10 0.000019 13 14 153755952.380952
10 0.000019 13 25 3075119047.619047
10 0.000019 13 31 153755952.380952
10 0.000019 13 14 153755952.380952
13 0.000019 2 55
16 0.000019 3 0 PTP 55 5_7_7_110
12 0.000019 2 55 21
13 0.000019 2 55
16 0.000019 3 0 PTP 55 5_7_10_113
12 0.000019 2 55 21
13 0.000019 2 55
16 0.000019 3 0 PTP 55 5_7_0_116
12 0.000019 2 55 21
13 0.000019 2 55
16 0.000019 3 0 PTP 55 12_7_8_85
12 0.000019 2 55 21
13 0.000019 2 55
16 0.000019 3 0 PTP 55 12_7_2_91
12 0.000019 2 55 21
13 0.000019 2 55
16 0.000019 3 0 PTP 55 12_7_5_97
12 0.000019 2 55 18
10 0.000019 13 27 3124717741.935483
10 0.000019 13 38 156235887.096774
10 0.000019 13 44 156235887.096774
10 0.000019 13 27 3124717741.935483
10 0.000019 13 38 156235887.096774
10 0.000019 13 44 156235887.096774
10 0.000019 13 44 3124717741.935483
10 0.000019 13 27 156235887.096774
10 0.000019 13 38 156235887.096774
10 0.000019 13 44 3124717741.935483
10 0.000019 13 27 156235887.096774
10 0.000019 13 38 156235887.096774
10 0.000019 13 44 3124717741.935483
10 0.000019 13 27 156235887.096774
10 0.000019 13 38 156235887.096774
13 0.000019 2 57
16 0.000019 3 0 PTP 57 5_9_10_112
12 0.000019 2 57 21
13 0.000019 2 53
16 0.000019 3 0 PTP 53 11_5_5_102
12 0.000019 2 53 21
13 0.000019 2 57
16 0.000019 3 0 PTP 57 5_9_0_115
12 0.000019 2 57 18
13 0.000019 2 53
16 0.000019 3 0 PTP 53 11_5_8_105
12 0.000019 2 53 21
13 0.000019 2 53
16 0.000019 3 0 PTP 53 11_5_2_108
12 0.000019 2 53 21
13 0.000019 2 53
16 0.000019 3 0 PTP 53 1_5_3_37
12 0.000019 2 53 21
13 0.000019 2 53
16 0.000019 3 0 PTP 53 1_5_6_40
12 0.000019 2 53 21
13 0.000019 2 53
16 0.000019 3 0 PTP 53 1_5_9_43
12 0.000019 2 53 18
10 0.000019 13 23 2935340909.090909
10 0.000019 13 17 146767045.454545
10 0.000019 13 34 146767045.454545
10 0.000019 13 23 2935340909.090909
10 0.000019 13 17 146767045.454545
10 0.000019 13 34 146767045.454545
10 0.000019 13 23 2935340909.090909
10 0.000019 13 17 146767045.454545
10 0.000019 13 34 146767045.454545
13 0.000019 2 50
16 0.000019 3 0 PTP 50 4_2_0_117
12 0.000019 2 50 21
13 0.000019 2 50
16 0.000019 3 0 PTP 50 4_2_7_120
12 0.000019 2 50 21
13 0.000019 2 50
16 0.000019 3 0 PTP 50 4_2_10_123
12 0.000019 2 50 18
9 0.000019 13 34 3075119047.619047
9 0.000019 13 23 153755952.380952
9 0.000019 13 17 153755952.380952
9 0.000019 13 17 3075119047.619047
9 0.000019 13 34 153755952.380952
9 0.000019 13 23 153755952.380952
9 0.000019 13 17 3075119047.619047
9 0.000019 13 34 153755952.380952
9 0.000019 13 23 153755952.380952
9 0.000019 13 17 3075119047.619047
9 0.000019 13 34 153755952.380952
9 0.000019 13 23 153755952.380952
9 0.000019 13 34 3075119047.619047
9 0.000019 13 23 153755952.380952
9 0.000019 13 17 153755952.380952
9 0.000019 13 34 3075119047.619047
9 0.000019 13 23 153755952.380952
9 0.000019 13 17 153755952.380952
10 0.000019 13 24 3075119047.619047
10 0.000019 13 20 153755952.380952
10 0.000019 13 43 153755952.380952
10 0.000019 13 43 3075119047.619047
10 0.000019 13 24 153755952.380952
10 0.000019 13 20 153755952.380952
10 0.000019 13 43 3075119047.619047
10 0.000019 13 24 153755952.380952
10 0.000019 13 20 153755952.380952
10 0.000019 13 43 3075119047.619047
10 0.000019 13 24 153755952.380952
10 0.000019 13 20 153755952.380952
10 0.000019 13 24 3075119047.619047
10 0.000019 13 20 153755952.380952
10 0.000019 13 43 153755952.380952
10 0.000019 13 24 3075119047.619047
10 0.000019 13 20 153755952.380952
10 0.000019 13 43 153755952.380952
13 0.000019 2 51
16 0.000019 3 0 PTP 51 4_3_0_118
12 0.000019 2 51 21
13 0.000019 2 51
16 0.000019 3 0 PTP 51 4_3_7_121
12 0.000019 2 51 21
13 0.000019 2 51
16 0.000019 3 0 PTP 51 4_3_10_124
12 0.000019 2 51 21
13 0.000019 2 51
16 0.000019 3 0 PTP 51 7_3_1_69
12 0.000019 2 51 21
13 0.000019 2 51
16 0.000019 3 0 PTP 51 7_3_4_72
12 0.000019 2 51 21
13 0.000019 2 51
16 0.000019 3 0 PTP 51 7_3_11_75
12 0.000019 2 51 18
10 0.000019 13 36 3075119047.619048
10 0.000019 13 30 153755952.380952
10 0.000019 13 47 153755952.380952
10 0.000019 13 36 3075119047.619048
10 0.000019 13 30 153755952.380952
10 0.000019 13 47 153755952.380952
10 0.000019 13 47 3075119047.619048
10 0.000019 13 36 153755952.380952
10 0.000019 13 30 153755952.380952
10 0.000019 13 47 3075119047.619048
10 0.000019 13 36 153755952.380952
10 0.000019 13 30 153755952.380952
10 0.000019 13 47 3075119047.619048
10 0.000019 13 36 153755952.380952
10 0.000019 13 30 153755952.380952
10 0.000019 13 36 3075119047.619048
10 0.000019 13 30 153755952.380952
10 0.000019 13 47 153755952.380952
13 0.000019 2 56
16 0.000019 3 0 PTP 56 12_8_8_87
12 0.000019 2 56 21
13 0.000019 2 54
16 0.000019 3 0 PTP 54 8_6_4_125
12 0.000019 2 54 21
13 0.000019 2 56
16 0.000019 3 0 PTP 56 12_8_2_93
12 0.000019 2 56 21
13 0.000019 2 54
16 0.000019 3 0 PTP 54 8_6_11_128
12 0.000019 2 54 21
13 0.000019 2 56
16 0.000019 3 0 PTP 56 12_8_5_99
12 0.000019 2 56 21
13 0.000019 2 54
16 0.000019 3 0 PTP 54 8_6_1_131
12 0.000019 2 54 18
10 0.000019 13 34 3075119047.619047
10 0.000019 13 23 153755952.380952
10 0.000019 13 17 153755952.380952
10 0.000019 13 17 3075119047.619047
10 0.000019 13 34 153755952.380952
10 0.000019 13 23 153755952.380952
10 0.000019 13 17 3075119047.619047
10 0.000019 13 34 153755952.380952
10 0.000019 13 23 153755952.380952
10 0.000019 13 17 3075119047.619047
10 0.000019 13 34 153755952.380952
10 0.000019 13 23 153755952.380952
10 0.000019 13 34 3075119047.619047
10 0.000019 13 23 153755952.380952
10 0.000019 13 17 153755952.380952
10 0.000019 13 34 3075119047.619047
10 0.000019 13 23 153755952.380952
10 0.000019 13 17 153755952.380952
13 0.000019 2 56
16 0.000019 3 0 PTP 56 2_8_6_86
12 0.000019 2 56 21
13 0.000019 2 52
16 0.000019 3 0 PTP 52 8_4_4_126
12 0.000019 2 52 21
13 0.000019 2 56
16 0.000019 3 0 PTP 56 2_8_9_92
12 0.000019 2 56 21
13 0.000019 2 52
16 0.000019 3 0 PTP 52 8_4_11_129
12 0.000019 2 52 21
13 0.000019 2 56
16 0.000019 3 0 PTP 56 2_8_3_98
12 0.000019 2 56 18
13 0.000019 2 52
16 0.000019 3 0 PTP 52 8_4_1_132
12 0.000019 2 52 21
13 0.000019 2 52
16 0.000019 3 0 PTP 52 11_4_5_101
12 0.000019 2 52 21
13 0.000019 2 52
16 0.000019 3 0 PTP 52 11_4_8_104
12 0.000019 2 52 21
13 0.000019 2 52
16 0.000019 3 0 PTP 52 11_4_2_107
12 0.000019 2 52 18
9 0.000020 13 40 10151050000.000000
9 0.000020 13 15 507552500.000000
9 0.000020 13 28 507552500.000000
10 0.000020 13 40 10151050000.000000
10 0.000020 13 15 507552500.000000
10 0.000020 13 28 507552500.000000
9 0.000021 13 31 10151050000.000000
9 0.000021 13 14 507552500.000000
9 0.000021 13 25 507552500.000000
10 0.000021 13 31 10151050000.000000
10 0.000021 13 14 507552500.000000
10 0.000021 13 25 507552500.000000
9 0.000021 13 22 10151050000.000000
9 0.000021 13 13 507552500.000000
10 0.000021 13 22 10151050000.000000
10 0.000021 13 13 507552500.000000
9 0.000023 13 43 10151050000.000000
9 0.000023 13 22 10151050000.000000
9 0.000023 13 15 507552500.000000
9 0.000023 13 29 507552500.000000
9 0.000023 13 46 10151050000.000000
9 0.000023 13 31 10151050000.000000
9 0.000023 13 15 507552500.000000
9 0.000023 13 30 507552500.000000
10 0.000023 13 43 10151050000.000000
10 0.000023 13 22 10151050000.000000
10 0.000023 13 15 507552500.000000
10 0.000023 13 29 507552500.000000
10 0.000023 13 46 10151050000.000000
10 0.000023 13 31 10151050000.000000
10 0.000023 13 15 507552500.000000
10 0.000023 13 30 507552500.000000
9 0.000023 13 37 10151050000.000000
9 0.000023 13 40 10151050000.000000
9 0.000023 13 14 507552500.000000
9 0.000023 13 27 507552500.000000
9 0.000023 13 25 10151050000.000000
9 0.000023 13 31 10151050000.000000
9 0.000023 13 14 507552500.000000
10 0.000023 13 37 10151050000.000000
10 0.000023 13 40 10151050000.000000
10 0.000023 13 14 507552500.000000
10 0.000023 13 27 507552500.000000
10 0.000023 13 25 10151050000.000000
10 0.000023 13 31 10151050000.000000
10 0.000023 13 14 507552500.000000
9 0.000023 13 16 10151050000.000000
9 0.000023 13 31 10151050000.000000
9 0.000023 13 13 507552500.000000
9 0.000023 13 23 507552500.000000
10 0.000023 13 16 10151050000.000000
10 0.000023 13 31 10151050000.000000
10 0.000023 13 13 507552500.000000
10 0.000023 13 23 507552500.000000
9 0.000023 13 19 10151050000.000000
9 0.000023 13 40 10151050000.000000
9 0.000023 13 13 507552500.000000
9 0.000023 13 24 507552500.000000
10 0.000023 13 19 10151050000.000000
10 0.000023 13 40 10151050000.000000
10 0.000023 13 13 507552500.000000
10 0.000023 13 24 507552500.000000
9 0.000023 13 28 10151050000.000000
9 0.000023 13 40 10151050000.000000
9 0.000023 13 15 507552500.000000
10 0.000023 13 28 10151050000.000000
10 0.000023 13 40 10151050000.000000
10 0.000023 13 15 507552500.000000
9 0.000023 13 34 10151050000.000000
9 0.000023 13 22 10151050000.000000
9 0.000023 13 14 507552500.000000
9 0.000023 13 26 507552500.000000
10 0.000023 13 34 10151050000.000000
10 0.000023 13 22 10151050000.000000
10 0.000023 13 14 507552500.000000
10 0.000023 13 26 507552500.000000
13 0.000023 2 49
9 0.000023 9 1 100000000000.000000
10 0.000023 9 1 100000000000.000000
9 0.000023 9 1 100000000000.000000
10 0.000023 9 1 100000000000.000000
12 0.000023 2 49 22
13 0.000023 2 49
7 0.000023 1 49
9 0.000025 13 13 10151050000.000000
9 0.000025 13 22 507552500.000000
9 0.000025 13 14 10151050000.000000
9 0.000025 13 25 507552500.000000
9 0.000025 13 31 507552500.000000
9 0.000025 13 15 10151050000.000000
9 0.000025 13 28 507552500.000000
9 0.000025 13 40 507552500.000000
10 0.000025 13 13 10151050000.000000
10 0.000025 13 22 507552500.000000
10 0.000025 13 14 10151050000.000000
10 0.000025 13 25 507552500.000000
10 0.000025 13 31 507552500.000000
10 0.000025 13 15 10151050000.000000
10 0.000025 13 28 507552500.000000
10 0.000025 13 40 507552500.000000
13 0.000025 2 52
13 0.000025 2 53
13 0.000025 2 54
12 0.000025 2 53 22
13 0.000025 2 53
7 0.000025 1 53
9 0.000025 9 4 100000000000.000000
9 0.000025 9 6 100000000000.000000
10 0.000025 9 4 100000000000.000000
10 0.000025 9 6 100000000000.000000
12 0.000025 2 54 22
13 0.000025 2 54
7 0.000025 1 54
9 0.000025 9 4 100000000000.000000
10 0.000025 9 4 100000000000.000000
12 0.000025 2 52 22
13 0.000025 2 52
7 0.000025 1 52
9 0.000027 13 13 5075525000.000000
9 0.000027 13 24 5075525000.000000
9 0.000027 13 19 253776250.000000
9 0.000027 13 40 253776250.000000
9 0.000027 13 13 5075525000.000000
9 0.000027 13 23 5075525000.000000
9 0.000027 13 16 253776250.000000
9 0.000027 13 31 253776250.000000
10 0.000027 13 13 5075525000.000000
10 0.000027 13 24 5075525000.000000
10 0.000027 13 19 253776250.000000
10 0.000027 13 40 253776250.000000
10 0.000027 13 13 5075525000.000000
10 0.000027 13 23 5075525000.000000
10 0.000027 13 16 253776250.000000
10 0.000027 13 31 253776250.000000
13 0.000027 2 51
13 0.000027 2 50
9 0.000027 13 15 3383683333.333333
9 0.000027 13 28 3383683333.333333
9 0.000027 13 40 169184166.666667
9 0.000027 13 14 3383683333.333333
9 0.000027 13 27 3383683333.333333
9 0.000027 13 37 169184166.666667
9 0.000027 13 40 169184166.666667
9 0.000027 13 15 3383683333.333333
9 0.000027 13 30 3383683333.333333
9 0.000027 13 46 169184166.666667
9 0.000027 13 31 169184166.666667
9 0.000027 13 15 3383683333.333333
9 0.000027 13 29 3383683333.333333
9 0.000027 13 43 169184166.666667
9 0.000027 13 22 169184166.666667
9 0.000027 13 14 3383683333.333333
9 0.000027 13 25 3383683333.333333
9 0.000027 13 31 169184166.666667
9 0.000027 13 14 3383683333.333333
9 0.000027 13 26 3383683333.333333
9 0.000027 13 34 169184166.666667
9 0.000027 13 22 169184166.666667
10 0.000027 13 15 3383683333.333333
10 0.000027 13 28 3383683333.333333
10 0.000027 13 40 169184166.666667
10 0.000027 13 14 3383683333.333333
10 0.000027 13 27 3383683333.333333
10 0.000027 13 37 169184166.666667
10 0.000027 13 40 169184166.666667
10 0.000027 13 15 3383683333.333333
10 0.000027 13 30 3383683333.333333
10 0.000027 13 46 169184166.666667
10 0.000027 13 31 169184166.666667
10 0.000027 13 15 3383683333.333333
10 0.000027 13 29 3383683333.333333
10 0.000027 13 43 169184166.666667
10 0.000027 13 22 169184166.666667
10 0.000027 13 14 3383683333.333333
10 0.000027 13 25 3383683333.333333
10 0.000027 13 31 169184166.666667
10 0.000027 13 14 3383683333.333333
10 0.000027 13 26 3383683333.333333
10 0.000027 13 34 169184166.666667
10 0.000027 13 22 169184166.666667
13 0.000027 2 58
13 0.000027 2 57
13 0.000027 2 60
13 0.000027 2 59
13 0.000027 2 55
13 0.000027 2 56
12 0.000027 2 56 22
13 0.000027 2 56
7 0.000027 1 56
12 0.000027 2 55 22
13 0.000027 2 55
7 0.000027 1 55
12 0.000027 2 60 22
13 0.000027 2 60
7 0.000027 1 60
9 0.000027 9 3 100000000000.000000
9 0.000027 9 10 100000000000.000000
9 0.000027 9 2 100000000000.000000
10 0.000027 9 10 100000000000.000000
10 0.000027 9 3 100000000000.000000
10 0.000027 9 2 100000000000.000000
12 0.000027 2 58 22
13 0.000027 2 58
7 0.000027 1 58
12 0.000027 2 50 22
13 0.000027 2 50
7 0.000027 1 50
9 0.000027 9 11 100000000000.000000
10 0.000027 9 11 100000000000.000000
12 0.000027 2 59 22
13 0.000027 2 59
7 0.000027 1 59
9 0.000027 9 9 100000000000.000000
10 0.000027 9 9 100000000000.000000
12 0.000027 2 57 22
13 0.000027 2 57
7 0.000027 1 57
9 0.000027 9 3 100000000000.000000
10 0.000027 9 3 100000000000.000000
12 0.000027 2 51 22
13 0.000027 2 51
7 0.000027 1 51
7 0.000027 6 1
7 0.000027 10 13
7 0.000027 10 14
7 0.000027 10 15
7 0.000027 6 2
7 0.000027 10 16
7 0.000027 10 17
7 0.000027 10 18
7 0.000027 6 3
7 0.000027 10 19
7 0.000027 10 20
7 0.000027 10 21
7 0.000027 6 4
7 0.000027 10 22
7 0.000027 10 23
7 0.000027 10 24
7 0.000027 6 5
7 0.000027 10 25
7 0.000027 10 26
7 0.000027 10 27
7 0.000027 6 6
7 0.000027 10 28
7 0.000027 10 29
7 0.000027 10 30
7 0.000027 6 7
7 0.000027 10 31
7 0.000027 10 32
7 0.000027 10 33
7 0.000027 6 8
7 0.000027 10 34
7 0.000027 10 35
7 0.000027 10 36
7 0.000027 6 9
7 0.000027 10 37
7 0.000027 10 38
7 0.000027 10 39
7 0.000027 6 10
7 0.000027 10 40
7 0.000027 10 41
7 0.000027 10 42
7 0.000027 6 11
7 0.000027 10 43
7 0.000027 10 44
7 0.000027 10 45
7 0.000027 6 12
7 0.000027 10 46
7 0.000027 10 47
7 0.000027 10 48
