#This file was generated using SimGrid-3.28.0
#[./alltoallsmpi --cfg=smpi/privatization:1 --cfg=smpi/np:12 --cfg=smpi/hostfile:../hostfiles/kautz/kautz3-2.txt --cfg=tracing:yes --cfg=tracing/filename:conges1024.trace --cfg=tracing/smpi:yes --cfg=tracing/categorized:yes --cfg=tracing/uncategorized:yes --cfg=surf/precision:1e-9 --cfg=network/model:SMPI --cfg=smpi/host-speed:1Gf --log=smpi_coll.:critical --cfg=smpi/tmpdir:/tmp --cfg=tracing/smpi:yes ../platforms/kautz/kautz3-2.xml --num-item 1024 -- algorithm conges ]
%EventDef PajeDefineContainerType 0
%       Alias string
%       Type string
%       Name string
%EndEventDef
%EventDef PajeDefineVariableType 1
%       Alias string
%       Type string
%       Name string
%       Color color
%EndEventDef
%EventDef PajeDefineStateType 2
%       Alias string
%       Type string
%       Name string
%EndEventDef
%EventDef PajeDefineEventType 3
%       Alias string
%       Type string
%       Name string
%EndEventDef
%EventDef PajeDefineLinkType 4
%       Alias string
%       Type string
%       StartContainerType string
%       EndContainerType string
%       Name string
%EndEventDef
%EventDef PajeDefineEntityValue 5
%       Alias string
%       Type string
%       Name string
%       Color color
%EndEventDef
%EventDef PajeCreateContainer 6
%       Time date
%       Alias string
%       Type string
%       Container string
%       Name string
%EndEventDef
%EventDef PajeDestroyContainer 7
%       Time date
%       Type string
%       Name string
%EndEventDef
%EventDef PajeSetVariable 8
%       Time date
%       Type string
%       Container string
%       Value double
%EndEventDef
%EventDef PajeAddVariable 9
%       Time date
%       Type string
%       Container string
%       Value double
%EndEventDef
%EventDef PajeSubVariable 10
%       Time date
%       Type string
%       Container string
%       Value double
%EndEventDef
%EventDef PajeSetState 11
%       Time date
%       Type string
%       Container string
%       Value string
%EndEventDef
%EventDef PajePushState 12
%       Time date
%       Type string
%       Container string
%       Value string
%EndEventDef
%EventDef PajePopState 13
%       Time date
%       Type string
%       Container string
%EndEventDef
%EventDef PajeResetState 14
%       Time date
%       Type string
%       Container string
%EndEventDef
%EventDef PajeStartLink 15
%       Time date
%       Type string
%       Container string
%       Value string
%       StartContainer string
%       Key string
%EndEventDef
%EventDef PajeEndLink 16
%       Time date
%       Type string
%       Container string
%       Value string
%       EndContainer string
%       Key string
%EndEventDef
%EventDef PajeNewEvent 17
%       Time date
%       Type string
%       Container string
%       Value string
%EndEventDef
0 1 0 MPI
2 2 1 MPI_STATE
4 3 0 1 1 MPI_LINK
4 4 0 1 1 MIGRATE_LINK
2 5 1 MIGRATE_STATE
0 6 0 HOST
6 0.000000 1 6 0 "0,1"
1 7 6 speed "1 1 1"
1 8 6 core_count "1 1 1"
1 9 6 speed_used "0.5 0.5 0.5"
6 0.000000 2 6 0 "0,2"
6 0.000000 3 6 0 "0,3"
6 0.000000 4 6 0 "1,0"
6 0.000000 5 6 0 "1,2"
6 0.000000 6 6 0 "1,3"
6 0.000000 7 6 0 "2,0"
6 0.000000 8 6 0 "2,1"
6 0.000000 9 6 0 "2,3"
6 0.000000 10 6 0 "3,0"
6 0.000000 11 6 0 "3,1"
6 0.000000 12 6 0 "3,2"
0 10 0 LINK
6 0.000000 13 10 0 "0,1_to_1,0"
1 11 10 bandwidth "1 1 1"
1 12 10 latency "1 1 1"
1 13 10 bandwidth_used "0.5 0.5 0.5"
6 0.000000 14 10 0 "0,1_to_1,2"
6 0.000000 15 10 0 "0,1_to_1,3"
6 0.000000 16 10 0 "0,2_to_2,0"
6 0.000000 17 10 0 "0,2_to_2,1"
6 0.000000 18 10 0 "0,2_to_2,3"
6 0.000000 19 10 0 "0,3_to_3,0"
6 0.000000 20 10 0 "0,3_to_3,1"
6 0.000000 21 10 0 "0,3_to_3,2"
6 0.000000 22 10 0 "1,0_to_0,1"
6 0.000000 23 10 0 "1,0_to_0,2"
6 0.000000 24 10 0 "1,0_to_0,3"
6 0.000000 25 10 0 "1,2_to_2,0"
6 0.000000 26 10 0 "1,2_to_2,1"
6 0.000000 27 10 0 "1,2_to_2,3"
6 0.000000 28 10 0 "1,3_to_3,0"
6 0.000000 29 10 0 "1,3_to_3,1"
6 0.000000 30 10 0 "1,3_to_3,2"
6 0.000000 31 10 0 "2,0_to_0,1"
6 0.000000 32 10 0 "2,0_to_0,2"
6 0.000000 33 10 0 "2,0_to_0,3"
6 0.000000 34 10 0 "2,1_to_1,0"
6 0.000000 35 10 0 "2,1_to_1,2"
6 0.000000 36 10 0 "2,1_to_1,3"
6 0.000000 37 10 0 "2,3_to_3,0"
6 0.000000 38 10 0 "2,3_to_3,1"
6 0.000000 39 10 0 "2,3_to_3,2"
6 0.000000 40 10 0 "3,0_to_0,1"
6 0.000000 41 10 0 "3,0_to_0,2"
6 0.000000 42 10 0 "3,0_to_0,3"
6 0.000000 43 10 0 "3,1_to_1,0"
6 0.000000 44 10 0 "3,1_to_1,2"
6 0.000000 45 10 0 "3,1_to_1,3"
6 0.000000 46 10 0 "3,2_to_2,0"
6 0.000000 47 10 0 "3,2_to_2,1"
6 0.000000 48 10 0 "3,2_to_2,3"
4 14 0 10 6 0-LINK10-HOST6
4 15 0 6 10 0-HOST6-LINK10
4 16 0 10 10 0-LINK10-LINK10
8 0.000000 7 1 100000000000.000000
8 0.000000 8 1 1.000000
8 0.000000 7 2 100000000000.000000
8 0.000000 8 2 1.000000
8 0.000000 7 3 100000000000.000000
8 0.000000 8 3 1.000000
8 0.000000 7 4 100000000000.000000
8 0.000000 8 4 1.000000
8 0.000000 7 5 100000000000.000000
8 0.000000 8 5 1.000000
8 0.000000 7 6 100000000000.000000
8 0.000000 8 6 1.000000
8 0.000000 7 7 100000000000.000000
8 0.000000 8 7 1.000000
8 0.000000 7 8 100000000000.000000
8 0.000000 8 8 1.000000
8 0.000000 7 9 100000000000.000000
8 0.000000 8 9 1.000000
8 0.000000 7 10 100000000000.000000
8 0.000000 8 10 1.000000
8 0.000000 7 11 100000000000.000000
8 0.000000 8 11 1.000000
8 0.000000 7 12 100000000000.000000
8 0.000000 8 12 1.000000
8 0.000000 11 13 12500000000.000000
8 0.000000 12 13 0.000001
8 0.000000 11 14 12500000000.000000
8 0.000000 12 14 0.000001
8 0.000000 11 15 12500000000.000000
8 0.000000 12 15 0.000001
8 0.000000 11 16 12500000000.000000
8 0.000000 12 16 0.000001
8 0.000000 11 17 12500000000.000000
8 0.000000 12 17 0.000001
8 0.000000 11 18 12500000000.000000
8 0.000000 12 18 0.000001
8 0.000000 11 19 12500000000.000000
8 0.000000 12 19 0.000001
8 0.000000 11 20 12500000000.000000
8 0.000000 12 20 0.000001
8 0.000000 11 21 12500000000.000000
8 0.000000 12 21 0.000001
8 0.000000 11 22 12500000000.000000
8 0.000000 12 22 0.000001
8 0.000000 11 23 12500000000.000000
8 0.000000 12 23 0.000001
8 0.000000 11 24 12500000000.000000
8 0.000000 12 24 0.000001
8 0.000000 11 25 12500000000.000000
8 0.000000 12 25 0.000001
8 0.000000 11 26 12500000000.000000
8 0.000000 12 26 0.000001
8 0.000000 11 27 12500000000.000000
8 0.000000 12 27 0.000001
8 0.000000 11 28 12500000000.000000
8 0.000000 12 28 0.000001
8 0.000000 11 29 12500000000.000000
8 0.000000 12 29 0.000001
8 0.000000 11 30 12500000000.000000
8 0.000000 12 30 0.000001
8 0.000000 11 31 12500000000.000000
8 0.000000 12 31 0.000001
8 0.000000 11 32 12500000000.000000
8 0.000000 12 32 0.000001
8 0.000000 11 33 12500000000.000000
8 0.000000 12 33 0.000001
8 0.000000 11 34 12500000000.000000
8 0.000000 12 34 0.000001
8 0.000000 11 35 12500000000.000000
8 0.000000 12 35 0.000001
8 0.000000 11 36 12500000000.000000
8 0.000000 12 36 0.000001
8 0.000000 11 37 12500000000.000000
8 0.000000 12 37 0.000001
8 0.000000 11 38 12500000000.000000
8 0.000000 12 38 0.000001
8 0.000000 11 39 12500000000.000000
8 0.000000 12 39 0.000001
8 0.000000 11 40 12500000000.000000
8 0.000000 12 40 0.000001
8 0.000000 11 41 12500000000.000000
8 0.000000 12 41 0.000001
8 0.000000 11 42 12500000000.000000
8 0.000000 12 42 0.000001
8 0.000000 11 43 12500000000.000000
8 0.000000 12 43 0.000001
8 0.000000 11 44 12500000000.000000
8 0.000000 12 44 0.000001
8 0.000000 11 45 12500000000.000000
8 0.000000 12 45 0.000001
8 0.000000 11 46 12500000000.000000
8 0.000000 12 46 0.000001
8 0.000000 11 47 12500000000.000000
8 0.000000 12 47 0.000001
8 0.000000 11 48 12500000000.000000
8 0.000000 12 48 0.000001
15 0.000000 14 0 topology 22 0
16 0.000000 14 0 topology 1 0
15 0.000000 14 0 topology 31 1
16 0.000000 14 0 topology 1 1
15 0.000000 14 0 topology 40 2
16 0.000000 14 0 topology 1 2
15 0.000000 15 0 topology 1 3
16 0.000000 15 0 topology 13 3
15 0.000000 16 0 topology 31 4
16 0.000000 16 0 topology 13 4
15 0.000000 16 0 topology 40 5
16 0.000000 16 0 topology 13 5
15 0.000000 15 0 topology 1 6
16 0.000000 15 0 topology 14 6
15 0.000000 16 0 topology 22 7
16 0.000000 16 0 topology 14 7
15 0.000000 16 0 topology 31 8
16 0.000000 16 0 topology 14 8
15 0.000000 16 0 topology 40 9
16 0.000000 16 0 topology 14 9
15 0.000000 15 0 topology 1 10
16 0.000000 15 0 topology 15 10
15 0.000000 16 0 topology 22 11
16 0.000000 16 0 topology 15 11
15 0.000000 16 0 topology 31 12
16 0.000000 16 0 topology 15 12
15 0.000000 16 0 topology 40 13
16 0.000000 16 0 topology 15 13
15 0.000000 14 0 topology 23 14
16 0.000000 14 0 topology 2 14
15 0.000000 14 0 topology 32 15
16 0.000000 14 0 topology 2 15
15 0.000000 14 0 topology 41 16
16 0.000000 14 0 topology 2 16
15 0.000000 15 0 topology 2 17
16 0.000000 15 0 topology 16 17
15 0.000000 16 0 topology 23 18
16 0.000000 16 0 topology 16 18
15 0.000000 16 0 topology 41 19
16 0.000000 16 0 topology 16 19
15 0.000000 15 0 topology 2 20
16 0.000000 15 0 topology 17 20
15 0.000000 16 0 topology 23 21
16 0.000000 16 0 topology 17 21
15 0.000000 16 0 topology 32 22
16 0.000000 16 0 topology 17 22
15 0.000000 16 0 topology 41 23
16 0.000000 16 0 topology 17 23
15 0.000000 15 0 topology 2 24
16 0.000000 15 0 topology 18 24
15 0.000000 16 0 topology 23 25
16 0.000000 16 0 topology 18 25
15 0.000000 16 0 topology 32 26
16 0.000000 16 0 topology 18 26
15 0.000000 16 0 topology 41 27
16 0.000000 16 0 topology 18 27
15 0.000000 14 0 topology 24 28
16 0.000000 14 0 topology 3 28
15 0.000000 14 0 topology 33 29
16 0.000000 14 0 topology 3 29
15 0.000000 14 0 topology 42 30
16 0.000000 14 0 topology 3 30
15 0.000000 15 0 topology 3 31
16 0.000000 15 0 topology 19 31
15 0.000000 16 0 topology 24 32
16 0.000000 16 0 topology 19 32
15 0.000000 16 0 topology 33 33
16 0.000000 16 0 topology 19 33
15 0.000000 15 0 topology 3 34
16 0.000000 15 0 topology 20 34
15 0.000000 16 0 topology 24 35
16 0.000000 16 0 topology 20 35
15 0.000000 16 0 topology 33 36
16 0.000000 16 0 topology 20 36
15 0.000000 16 0 topology 42 37
16 0.000000 16 0 topology 20 37
15 0.000000 15 0 topology 3 38
16 0.000000 15 0 topology 21 38
15 0.000000 16 0 topology 24 39
16 0.000000 16 0 topology 21 39
15 0.000000 16 0 topology 33 40
16 0.000000 16 0 topology 21 40
15 0.000000 16 0 topology 42 41
16 0.000000 16 0 topology 21 41
15 0.000000 14 0 topology 13 42
16 0.000000 14 0 topology 4 42
15 0.000000 14 0 topology 34 43
16 0.000000 14 0 topology 4 43
15 0.000000 14 0 topology 43 44
16 0.000000 14 0 topology 4 44
15 0.000000 15 0 topology 4 45
16 0.000000 15 0 topology 22 45
15 0.000000 16 0 topology 34 46
16 0.000000 16 0 topology 22 46
15 0.000000 16 0 topology 43 47
16 0.000000 16 0 topology 22 47
15 0.000000 16 0 topology 13 48
16 0.000000 16 0 topology 23 48
15 0.000000 15 0 topology 4 49
16 0.000000 15 0 topology 23 49
15 0.000000 16 0 topology 34 50
16 0.000000 16 0 topology 23 50
15 0.000000 16 0 topology 43 51
16 0.000000 16 0 topology 23 51
15 0.000000 16 0 topology 13 52
16 0.000000 16 0 topology 24 52
15 0.000000 15 0 topology 4 53
16 0.000000 15 0 topology 24 53
15 0.000000 16 0 topology 34 54
16 0.000000 16 0 topology 24 54
15 0.000000 16 0 topology 43 55
16 0.000000 16 0 topology 24 55
15 0.000000 14 0 topology 14 56
16 0.000000 14 0 topology 5 56
15 0.000000 14 0 topology 35 57
16 0.000000 14 0 topology 5 57
15 0.000000 14 0 topology 44 58
16 0.000000 14 0 topology 5 58
15 0.000000 16 0 topology 14 59
16 0.000000 16 0 topology 25 59
15 0.000000 15 0 topology 5 60
16 0.000000 15 0 topology 25 60
15 0.000000 16 0 topology 35 61
16 0.000000 16 0 topology 25 61
15 0.000000 16 0 topology 44 62
16 0.000000 16 0 topology 25 62
15 0.000000 16 0 topology 14 63
16 0.000000 16 0 topology 26 63
15 0.000000 15 0 topology 5 64
16 0.000000 15 0 topology 26 64
15 0.000000 16 0 topology 44 65
16 0.000000 16 0 topology 26 65
15 0.000000 16 0 topology 14 66
16 0.000000 16 0 topology 27 66
15 0.000000 15 0 topology 5 67
16 0.000000 15 0 topology 27 67
15 0.000000 16 0 topology 35 68
16 0.000000 16 0 topology 27 68
15 0.000000 16 0 topology 44 69
16 0.000000 16 0 topology 27 69
15 0.000000 14 0 topology 15 70
16 0.000000 14 0 topology 6 70
15 0.000000 14 0 topology 36 71
16 0.000000 14 0 topology 6 71
15 0.000000 14 0 topology 45 72
16 0.000000 14 0 topology 6 72
15 0.000000 16 0 topology 15 73
16 0.000000 16 0 topology 28 73
15 0.000000 15 0 topology 6 74
16 0.000000 15 0 topology 28 74
15 0.000000 16 0 topology 36 75
16 0.000000 16 0 topology 28 75
15 0.000000 16 0 topology 45 76
16 0.000000 16 0 topology 28 76
15 0.000000 16 0 topology 15 77
16 0.000000 16 0 topology 29 77
15 0.000000 15 0 topology 6 78
16 0.000000 15 0 topology 29 78
15 0.000000 16 0 topology 36 79
16 0.000000 16 0 topology 29 79
15 0.000000 16 0 topology 15 80
16 0.000000 16 0 topology 30 80
15 0.000000 15 0 topology 6 81
16 0.000000 15 0 topology 30 81
15 0.000000 16 0 topology 36 82
16 0.000000 16 0 topology 30 82
15 0.000000 16 0 topology 45 83
16 0.000000 16 0 topology 30 83
15 0.000000 14 0 topology 16 84
16 0.000000 14 0 topology 7 84
15 0.000000 14 0 topology 25 85
16 0.000000 14 0 topology 7 85
15 0.000000 14 0 topology 46 86
16 0.000000 14 0 topology 7 86
15 0.000000 16 0 topology 16 87
16 0.000000 16 0 topology 31 87
15 0.000000 16 0 topology 25 88
16 0.000000 16 0 topology 31 88
15 0.000000 15 0 topology 7 89
16 0.000000 15 0 topology 31 89
15 0.000000 16 0 topology 46 90
16 0.000000 16 0 topology 31 90
15 0.000000 16 0 topology 25 91
16 0.000000 16 0 topology 32 91
15 0.000000 15 0 topology 7 92
16 0.000000 15 0 topology 32 92
15 0.000000 16 0 topology 46 93
16 0.000000 16 0 topology 32 93
15 0.000000 16 0 topology 16 94
16 0.000000 16 0 topology 33 94
15 0.000000 16 0 topology 25 95
16 0.000000 16 0 topology 33 95
15 0.000000 15 0 topology 7 96
16 0.000000 15 0 topology 33 96
15 0.000000 16 0 topology 46 97
16 0.000000 16 0 topology 33 97
15 0.000000 14 0 topology 17 98
16 0.000000 14 0 topology 8 98
15 0.000000 14 0 topology 26 99
16 0.000000 14 0 topology 8 99
15 0.000000 14 0 topology 47 100
16 0.000000 14 0 topology 8 100
15 0.000000 16 0 topology 17 101
16 0.000000 16 0 topology 34 101
15 0.000000 16 0 topology 26 102
16 0.000000 16 0 topology 34 102
15 0.000000 15 0 topology 8 103
16 0.000000 15 0 topology 34 103
15 0.000000 16 0 topology 47 104
16 0.000000 16 0 topology 34 104
15 0.000000 16 0 topology 17 105
16 0.000000 16 0 topology 35 105
15 0.000000 15 0 topology 8 106
16 0.000000 15 0 topology 35 106
15 0.000000 16 0 topology 47 107
16 0.000000 16 0 topology 35 107
15 0.000000 16 0 topology 17 108
16 0.000000 16 0 topology 36 108
15 0.000000 16 0 topology 26 109
16 0.000000 16 0 topology 36 109
15 0.000000 15 0 topology 8 110
16 0.000000 15 0 topology 36 110
15 0.000000 16 0 topology 47 111
16 0.000000 16 0 topology 36 111
15 0.000000 14 0 topology 18 112
16 0.000000 14 0 topology 9 112
15 0.000000 14 0 topology 27 113
16 0.000000 14 0 topology 9 113
15 0.000000 14 0 topology 48 114
16 0.000000 14 0 topology 9 114
15 0.000000 16 0 topology 18 115
16 0.000000 16 0 topology 37 115
15 0.000000 16 0 topology 27 116
16 0.000000 16 0 topology 37 116
15 0.000000 15 0 topology 9 117
16 0.000000 15 0 topology 37 117
15 0.000000 16 0 topology 48 118
16 0.000000 16 0 topology 37 118
15 0.000000 16 0 topology 18 119
16 0.000000 16 0 topology 38 119
15 0.000000 16 0 topology 27 120
16 0.000000 16 0 topology 38 120
15 0.000000 15 0 topology 9 121
16 0.000000 15 0 topology 38 121
15 0.000000 16 0 topology 48 122
16 0.000000 16 0 topology 38 122
15 0.000000 16 0 topology 18 123
16 0.000000 16 0 topology 39 123
15 0.000000 16 0 topology 27 124
16 0.000000 16 0 topology 39 124
15 0.000000 15 0 topology 9 125
16 0.000000 15 0 topology 39 125
15 0.000000 14 0 topology 19 126
16 0.000000 14 0 topology 10 126
15 0.000000 14 0 topology 28 127
16 0.000000 14 0 topology 10 127
15 0.000000 14 0 topology 37 128
16 0.000000 14 0 topology 10 128
15 0.000000 16 0 topology 19 129
16 0.000000 16 0 topology 40 129
15 0.000000 16 0 topology 28 130
16 0.000000 16 0 topology 40 130
15 0.000000 16 0 topology 37 131
16 0.000000 16 0 topology 40 131
15 0.000000 15 0 topology 10 132
16 0.000000 15 0 topology 40 132
15 0.000000 16 0 topology 19 133
16 0.000000 16 0 topology 41 133
15 0.000000 16 0 topology 28 134
16 0.000000 16 0 topology 41 134
15 0.000000 16 0 topology 37 135
16 0.000000 16 0 topology 41 135
15 0.000000 15 0 topology 10 136
16 0.000000 15 0 topology 41 136
15 0.000000 16 0 topology 28 137
16 0.000000 16 0 topology 42 137
15 0.000000 16 0 topology 37 138
16 0.000000 16 0 topology 42 138
15 0.000000 15 0 topology 10 139
16 0.000000 15 0 topology 42 139
15 0.000000 14 0 topology 20 140
16 0.000000 14 0 topology 11 140
15 0.000000 14 0 topology 29 141
16 0.000000 14 0 topology 11 141
15 0.000000 14 0 topology 38 142
16 0.000000 14 0 topology 11 142
15 0.000000 16 0 topology 20 143
16 0.000000 16 0 topology 43 143
15 0.000000 16 0 topology 29 144
16 0.000000 16 0 topology 43 144
15 0.000000 16 0 topology 38 145
16 0.000000 16 0 topology 43 145
15 0.000000 15 0 topology 11 146
16 0.000000 15 0 topology 43 146
15 0.000000 16 0 topology 20 147
16 0.000000 16 0 topology 44 147
15 0.000000 16 0 topology 29 148
16 0.000000 16 0 topology 44 148
15 0.000000 16 0 topology 38 149
16 0.000000 16 0 topology 44 149
15 0.000000 15 0 topology 11 150
16 0.000000 15 0 topology 44 150
15 0.000000 16 0 topology 20 151
16 0.000000 16 0 topology 45 151
15 0.000000 16 0 topology 38 152
16 0.000000 16 0 topology 45 152
15 0.000000 15 0 topology 11 153
16 0.000000 15 0 topology 45 153
15 0.000000 14 0 topology 21 154
16 0.000000 14 0 topology 12 154
15 0.000000 14 0 topology 30 155
16 0.000000 14 0 topology 12 155
15 0.000000 14 0 topology 39 156
16 0.000000 14 0 topology 12 156
15 0.000000 16 0 topology 21 157
16 0.000000 16 0 topology 46 157
15 0.000000 16 0 topology 30 158
16 0.000000 16 0 topology 46 158
15 0.000000 16 0 topology 39 159
16 0.000000 16 0 topology 46 159
15 0.000000 15 0 topology 12 160
16 0.000000 15 0 topology 46 160
15 0.000000 16 0 topology 21 161
16 0.000000 16 0 topology 47 161
15 0.000000 16 0 topology 30 162
16 0.000000 16 0 topology 47 162
15 0.000000 16 0 topology 39 163
16 0.000000 16 0 topology 47 163
15 0.000000 15 0 topology 12 164
16 0.000000 15 0 topology 47 164
15 0.000000 16 0 topology 21 165
16 0.000000 16 0 topology 48 165
15 0.000000 16 0 topology 30 166
16 0.000000 16 0 topology 48 166
15 0.000000 15 0 topology 12 167
16 0.000000 15 0 topology 48 167
6 0.000000 49 1 0 "rank-0"
6 0.000000 50 1 0 "rank-1"
6 0.000000 51 1 0 "rank-2"
6 0.000000 52 1 0 "rank-3"
6 0.000000 53 1 0 "rank-4"
6 0.000000 54 1 0 "rank-5"
6 0.000000 55 1 0 "rank-6"
6 0.000000 56 1 0 "rank-7"
6 0.000000 57 1 0 "rank-8"
6 0.000000 58 1 0 "rank-9"
6 0.000000 59 1 0 "rank-10"
6 0.000000 60 1 0 "rank-11"
5 17 2 PMPI_Init "0 1 0"
12 0.000000 2 49 17
13 0.000000 2 49
12 0.000000 2 50 17
13 0.000000 2 50
12 0.000000 2 51 17
13 0.000000 2 51
12 0.000000 2 52 17
13 0.000000 2 52
12 0.000000 2 53 17
13 0.000000 2 53
12 0.000000 2 54 17
13 0.000000 2 54
12 0.000000 2 55 17
13 0.000000 2 55
12 0.000000 2 56 17
13 0.000000 2 56
12 0.000000 2 57 17
13 0.000000 2 57
12 0.000000 2 58 17
13 0.000000 2 58
12 0.000000 2 59 17
13 0.000000 2 59
12 0.000000 2 60 17
13 0.000000 2 60
8 0.000000 9 10 0.000000
9 0.000000 9 10 100000000000.000000
5 18 2 PMPI_Barrier "0 0.39 0.78"
8 0.000000 9 8 0.000000
9 0.000000 9 8 100000000000.000000
8 0.000000 9 7 0.000000
9 0.000000 9 7 100000000000.000000
8 0.000000 9 11 0.000000
9 0.000000 9 11 100000000000.000000
8 0.000000 9 5 0.000000
9 0.000000 9 5 100000000000.000000
8 0.000000 9 6 0.000000
9 0.000000 9 6 100000000000.000000
8 0.000000 9 9 0.000000
9 0.000000 9 9 100000000000.000000
8 0.000000 9 4 0.000000
9 0.000000 9 4 100000000000.000000
8 0.000000 9 3 0.000000
9 0.000000 9 3 100000000000.000000
8 0.000000 9 1 0.000000
9 0.000000 9 1 100000000000.000000
8 0.000000 9 2 0.000000
9 0.000000 9 2 100000000000.000000
8 0.000000 9 12 0.000000
9 0.000000 9 12 100000000000.000000
5 19 2 PMPI_Irecv "1 0.52 0.52"
5 20 2 PMPI_Isend "0.52 0.52 1"
5 21 2 PMPI_Wait "1 1 0"
5 22 2 PMPI_Finalize "0 1 0"
10 0.000001 9 10 100000000000.000000
12 0.000001 2 58 18
10 0.000001 9 8 100000000000.000000
12 0.000001 2 56 18
10 0.000001 9 7 100000000000.000000
10 0.000001 9 11 100000000000.000000
12 0.000001 2 55 18
12 0.000001 2 59 18
10 0.000001 9 5 100000000000.000000
12 0.000001 2 53 18
10 0.000001 9 6 100000000000.000000
12 0.000001 2 54 18
10 0.000001 9 9 100000000000.000000
12 0.000001 2 57 18
10 0.000001 9 4 100000000000.000000
12 0.000001 2 52 18
10 0.000001 9 3 100000000000.000000
12 0.000001 2 51 18
10 0.000001 9 1 100000000000.000000
12 0.000001 2 49 18
10 0.000001 9 2 100000000000.000000
12 0.000001 2 50 18
10 0.000002 9 12 100000000000.000000
12 0.000002 2 60 18
8 0.000003 13 22 0.000000
9 0.000003 13 22 10151050000.000000
8 0.000003 13 13 0.000000
9 0.000003 13 13 507552500.000000
8 0.000003 13 31 0.000000
9 0.000003 13 31 10151050000.000000
8 0.000003 13 14 0.000000
9 0.000003 13 14 507552500.000000
8 0.000003 13 25 0.000000
9 0.000003 13 25 507552500.000000
8 0.000003 13 40 0.000000
9 0.000003 13 40 10151050000.000000
8 0.000003 13 15 0.000000
9 0.000003 13 15 507552500.000000
8 0.000003 13 28 0.000000
9 0.000003 13 28 507552500.000000
10 0.000003 13 22 10151050000.000000
10 0.000003 13 13 507552500.000000
10 0.000003 13 31 10151050000.000000
10 0.000003 13 14 507552500.000000
10 0.000003 13 25 507552500.000000
10 0.000003 13 40 10151050000.000000
10 0.000003 13 15 507552500.000000
10 0.000003 13 28 507552500.000000
9 0.000005 13 25 10151050000.000000
9 0.000005 13 31 10151050000.000000
9 0.000005 13 14 507552500.000000
10 0.000005 13 25 10151050000.000000
10 0.000005 13 31 10151050000.000000
10 0.000005 13 14 507552500.000000
8 0.000005 13 34 0.000000
9 0.000005 13 34 5075525000.000000
9 0.000005 13 22 5075525000.000000
9 0.000005 13 14 253776250.000000
8 0.000005 13 26 0.000000
9 0.000005 13 26 253776250.000000
8 0.000005 13 43 0.000000
9 0.000005 13 43 5075525000.000000
9 0.000005 13 22 5075525000.000000
9 0.000005 13 15 253776250.000000
8 0.000005 13 29 0.000000
9 0.000005 13 29 253776250.000000
10 0.000005 13 34 5075525000.000000
10 0.000005 13 22 5075525000.000000
10 0.000005 13 14 253776250.000000
10 0.000005 13 26 253776250.000000
10 0.000005 13 43 5075525000.000000
10 0.000005 13 22 5075525000.000000
10 0.000005 13 15 253776250.000000
10 0.000005 13 29 253776250.000000
9 0.000005 13 28 3383683333.333333
9 0.000005 13 40 3383683333.333333
9 0.000005 13 15 169184166.666667
8 0.000005 13 37 0.000000
9 0.000005 13 37 3383683333.333333
9 0.000005 13 40 3383683333.333333
9 0.000005 13 14 169184166.666667
8 0.000005 13 27 0.000000
9 0.000005 13 27 169184166.666667
8 0.000005 13 19 0.000000
9 0.000005 13 19 3383683333.333333
9 0.000005 13 40 3383683333.333333
9 0.000005 13 13 169184166.666667
8 0.000005 13 24 0.000000
9 0.000005 13 24 169184166.666667
10 0.000005 13 28 3383683333.333333
10 0.000005 13 40 3383683333.333333
10 0.000005 13 15 169184166.666667
10 0.000005 13 37 3383683333.333333
10 0.000005 13 40 3383683333.333333
10 0.000005 13 14 169184166.666667
10 0.000005 13 27 169184166.666667
10 0.000005 13 19 3383683333.333333
10 0.000005 13 40 3383683333.333333
10 0.000005 13 13 169184166.666667
10 0.000005 13 24 169184166.666667
8 0.000005 13 16 0.000000
9 0.000005 13 16 10151050000.000000
9 0.000005 13 31 10151050000.000000
9 0.000005 13 13 507552500.000000
8 0.000005 13 23 0.000000
9 0.000005 13 23 507552500.000000
10 0.000005 13 16 10151050000.000000
10 0.000005 13 31 10151050000.000000
10 0.000005 13 13 507552500.000000
10 0.000005 13 23 507552500.000000
8 0.000006 13 46 0.000000
9 0.000006 13 46 10151050000.000000
9 0.000006 13 31 10151050000.000000
9 0.000006 13 15 507552500.000000
8 0.000006 13 30 0.000000
9 0.000006 13 30 507552500.000000
10 0.000006 13 46 10151050000.000000
10 0.000006 13 31 10151050000.000000
10 0.000006 13 15 507552500.000000
10 0.000006 13 30 507552500.000000
13 0.000006 2 49
9 0.000006 9 1 100000000000.000000
10 0.000006 9 1 100000000000.000000
9 0.000006 9 1 100000000000.000000
10 0.000006 9 1 100000000000.000000
12 0.000006 2 49 19
13 0.000006 2 49
9 0.000006 9 1 100000000000.000000
10 0.000006 9 1 100000000000.000000
12 0.000006 2 49 19
13 0.000006 2 49
12 0.000006 2 49 19
13 0.000006 2 49
9 0.000006 9 1 100000000000.000000
10 0.000006 9 1 100000000000.000000
12 0.000006 2 49 20
15 0.000006 3 0 PTP 49 1_4_1_1
13 0.000006 2 49
9 0.000006 9 1 100000000000.000000
10 0.000006 9 1 100000000000.000000
12 0.000006 2 49 20
15 0.000006 3 0 PTP 49 1_5_18_2
13 0.000006 2 49
9 0.000006 9 1 100000000000.000000
10 0.000006 9 1 100000000000.000000
12 0.000006 2 49 20
15 0.000006 3 0 PTP 49 1_6_18_3
13 0.000006 2 49
9 0.000006 9 1 100000000000.000000
10 0.000006 9 1 100000000000.000000
12 0.000006 2 49 21
9 0.000008 13 13 10151050000.000000
9 0.000008 13 22 507552500.000000
9 0.000008 13 14 10151050000.000000
9 0.000008 13 25 507552500.000000
9 0.000008 13 31 507552500.000000
9 0.000008 13 15 10151050000.000000
9 0.000008 13 28 507552500.000000
9 0.000008 13 40 507552500.000000
10 0.000008 13 13 10151050000.000000
10 0.000008 13 22 507552500.000000
10 0.000008 13 14 10151050000.000000
10 0.000008 13 25 507552500.000000
10 0.000008 13 31 507552500.000000
10 0.000008 13 15 10151050000.000000
10 0.000008 13 28 507552500.000000
10 0.000008 13 40 507552500.000000
13 0.000008 2 52
13 0.000008 2 53
13 0.000008 2 54
9 0.000008 9 6 100000000000.000000
9 0.000008 9 5 100000000000.000000
9 0.000008 9 4 100000000000.000000
10 0.000008 9 6 100000000000.000000
12 0.000008 2 54 19
13 0.000008 2 54
12 0.000008 2 54 19
13 0.000008 2 54
12 0.000008 2 54 19
13 0.000008 2 54
9 0.000008 9 6 100000000000.000000
10 0.000008 9 5 100000000000.000000
12 0.000008 2 53 19
13 0.000008 2 53
12 0.000008 2 53 19
13 0.000008 2 53
12 0.000008 2 53 19
13 0.000008 2 53
9 0.000008 9 5 100000000000.000000
10 0.000008 9 6 100000000000.000000
12 0.000008 2 54 20
15 0.000008 3 0 PTP 54 6_11_1_4
13 0.000008 2 54
9 0.000008 9 6 100000000000.000000
10 0.000008 9 5 100000000000.000000
12 0.000008 2 53 20
15 0.000008 3 0 PTP 53 5_8_1_5
13 0.000008 2 53
9 0.000008 9 5 100000000000.000000
10 0.000008 9 4 100000000000.000000
12 0.000008 2 52 19
13 0.000008 2 52
12 0.000008 2 52 19
13 0.000008 2 52
12 0.000008 2 52 19
13 0.000008 2 52
9 0.000008 9 4 100000000000.000000
10 0.000008 9 6 100000000000.000000
12 0.000008 2 54 20
15 0.000008 3 0 PTP 54 6_12_22_6
13 0.000008 2 54
9 0.000008 9 6 100000000000.000000
10 0.000008 9 4 100000000000.000000
10 0.000008 9 5 100000000000.000000
12 0.000008 2 52 20
15 0.000008 3 0 PTP 52 4_1_1_7
12 0.000008 2 53 20
15 0.000008 3 0 PTP 53 5_9_21_8
13 0.000008 2 52
13 0.000008 2 53
9 0.000008 9 5 100000000000.000000
9 0.000008 9 4 100000000000.000000
10 0.000008 9 6 100000000000.000000
12 0.000008 2 54 20
15 0.000008 3 0 PTP 54 6_10_22_9
13 0.000008 2 54
12 0.000008 2 54 21
10 0.000008 9 5 100000000000.000000
12 0.000008 2 53 20
15 0.000008 3 0 PTP 53 5_7_21_10
13 0.000008 2 53
12 0.000008 2 53 21
10 0.000008 9 4 100000000000.000000
12 0.000008 2 52 20
15 0.000008 3 0 PTP 52 4_2_20_11
13 0.000008 2 52
9 0.000008 9 4 100000000000.000000
10 0.000008 9 4 100000000000.000000
12 0.000008 2 52 20
15 0.000008 3 0 PTP 52 4_3_20_12
13 0.000008 2 52
12 0.000008 2 52 21
9 0.000010 13 13 5075525000.000000
9 0.000010 13 24 5075525000.000000
9 0.000010 13 19 253776250.000000
9 0.000010 13 40 253776250.000000
9 0.000010 13 13 5075525000.000000
9 0.000010 13 23 5075525000.000000
9 0.000010 13 16 253776250.000000
9 0.000010 13 31 253776250.000000
10 0.000010 13 13 5075525000.000000
10 0.000010 13 24 5075525000.000000
10 0.000010 13 19 253776250.000000
10 0.000010 13 40 253776250.000000
10 0.000010 13 13 5075525000.000000
10 0.000010 13 23 5075525000.000000
10 0.000010 13 16 253776250.000000
10 0.000010 13 31 253776250.000000
13 0.000010 2 51
13 0.000010 2 50
9 0.000010 13 15 3383683333.333333
9 0.000010 13 28 3383683333.333333
9 0.000010 13 40 169184166.666667
9 0.000010 13 14 3383683333.333333
9 0.000010 13 27 3383683333.333333
9 0.000010 13 37 169184166.666667
9 0.000010 13 40 169184166.666667
9 0.000010 13 15 3383683333.333333
9 0.000010 13 30 3383683333.333333
9 0.000010 13 46 169184166.666667
9 0.000010 13 31 169184166.666667
9 0.000010 13 15 3383683333.333333
9 0.000010 13 29 3383683333.333333
9 0.000010 13 43 169184166.666667
9 0.000010 13 22 169184166.666667
9 0.000010 13 14 3383683333.333333
9 0.000010 13 25 3383683333.333333
9 0.000010 13 31 169184166.666667
9 0.000010 13 14 3383683333.333333
9 0.000010 13 26 3383683333.333333
9 0.000010 13 34 169184166.666667
9 0.000010 13 22 169184166.666667
9 0.000010 9 2 100000000000.000000
9 0.000010 9 3 100000000000.000000
10 0.000010 13 15 3383683333.333333
10 0.000010 13 28 3383683333.333333
10 0.000010 13 40 169184166.666667
10 0.000010 13 14 3383683333.333333
10 0.000010 13 27 3383683333.333333
10 0.000010 13 37 169184166.666667
10 0.000010 13 40 169184166.666667
10 0.000010 13 15 3383683333.333333
10 0.000010 13 30 3383683333.333333
10 0.000010 13 46 169184166.666667
10 0.000010 13 31 169184166.666667
10 0.000010 13 15 3383683333.333333
10 0.000010 13 29 3383683333.333333
10 0.000010 13 43 169184166.666667
10 0.000010 13 22 169184166.666667
10 0.000010 13 14 3383683333.333333
10 0.000010 13 25 3383683333.333333
10 0.000010 13 31 169184166.666667
10 0.000010 13 14 3383683333.333333
10 0.000010 13 26 3383683333.333333
10 0.000010 13 34 169184166.666667
10 0.000010 13 22 169184166.666667
13 0.000010 2 58
13 0.000010 2 57
13 0.000010 2 60
13 0.000010 2 59
13 0.000010 2 55
13 0.000010 2 56
9 0.000010 9 12 100000000000.000000
9 0.000010 9 7 100000000000.000000
9 0.000010 9 11 100000000000.000000
9 0.000010 9 10 100000000000.000000
9 0.000010 9 8 100000000000.000000
9 0.000010 9 9 100000000000.000000
10 0.000010 9 12 100000000000.000000
12 0.000010 2 60 19
13 0.000010 2 60
12 0.000010 2 60 19
13 0.000010 2 60
12 0.000010 2 60 19
13 0.000010 2 60
9 0.000010 9 12 100000000000.000000
10 0.000010 9 2 100000000000.000000
12 0.000010 2 50 19
13 0.000010 2 50
12 0.000010 2 50 19
13 0.000010 2 50
12 0.000010 2 50 19
13 0.000010 2 50
9 0.000010 9 2 100000000000.000000
10 0.000010 9 7 100000000000.000000
12 0.000010 2 55 19
13 0.000010 2 55
12 0.000010 2 55 19
13 0.000010 2 55
12 0.000010 2 55 19
13 0.000010 2 55
9 0.000010 9 7 100000000000.000000
10 0.000010 9 11 100000000000.000000
12 0.000010 2 59 19
13 0.000010 2 59
12 0.000010 2 59 19
13 0.000010 2 59
12 0.000010 2 59 19
13 0.000010 2 59
9 0.000010 9 11 100000000000.000000
10 0.000010 9 10 100000000000.000000
12 0.000010 2 58 19
13 0.000010 2 58
12 0.000010 2 58 19
13 0.000010 2 58
12 0.000010 2 58 19
13 0.000010 2 58
9 0.000010 9 10 100000000000.000000
10 0.000010 9 8 100000000000.000000
12 0.000010 2 56 19
13 0.000010 2 56
12 0.000010 2 56 19
13 0.000010 2 56
12 0.000010 2 56 19
13 0.000010 2 56
9 0.000010 9 8 100000000000.000000
10 0.000010 9 3 100000000000.000000
12 0.000010 2 51 19
13 0.000010 2 51
12 0.000010 2 51 19
13 0.000010 2 51
12 0.000010 2 51 19
13 0.000010 2 51
9 0.000010 9 3 100000000000.000000
10 0.000010 9 12 100000000000.000000
12 0.000010 2 60 20
15 0.000010 3 0 PTP 60 12_9_1_13
13 0.000010 2 60
9 0.000010 9 12 100000000000.000000
10 0.000010 9 2 100000000000.000000
12 0.000010 2 50 20
15 0.000010 3 0 PTP 50 2_7_1_14
13 0.000010 2 50
9 0.000010 9 2 100000000000.000000
10 0.000010 9 11 100000000000.000000
12 0.000010 2 59 20
15 0.000010 3 0 PTP 59 11_6_1_15
13 0.000010 2 59
9 0.000010 9 11 100000000000.000000
10 0.000010 9 7 100000000000.000000
12 0.000010 2 55 20
15 0.000010 3 0 PTP 55 7_2_1_16
13 0.000010 2 55
9 0.000010 9 7 100000000000.000000
10 0.000010 9 10 100000000000.000000
12 0.000010 2 58 20
15 0.000010 3 0 PTP 58 10_3_1_17
13 0.000010 2 58
9 0.000010 9 10 100000000000.000000
10 0.000010 9 3 100000000000.000000
12 0.000010 2 51 20
15 0.000010 3 0 PTP 51 3_10_1_18
13 0.000010 2 51
9 0.000010 9 3 100000000000.000000
10 0.000010 9 8 100000000000.000000
12 0.000010 2 56 20
15 0.000010 3 0 PTP 56 8_5_1_19
13 0.000010 2 56
9 0.000010 9 8 100000000000.000000
10 0.000010 9 12 100000000000.000000
12 0.000010 2 60 20
15 0.000010 3 0 PTP 60 12_7_26_20
13 0.000010 2 60
9 0.000010 9 12 100000000000.000000
10 0.000010 9 2 100000000000.000000
12 0.000010 2 50 20
15 0.000010 3 0 PTP 50 2_8_19_21
13 0.000010 2 50
9 0.000010 9 2 100000000000.000000
10 0.000010 9 11 100000000000.000000
12 0.000010 2 59 20
15 0.000010 3 0 PTP 59 11_4_25_22
13 0.000010 2 59
9 0.000010 9 11 100000000000.000000
10 0.000010 9 7 100000000000.000000
12 0.000010 2 55 20
15 0.000010 3 0 PTP 55 7_3_22_23
13 0.000010 2 55
9 0.000010 9 7 100000000000.000000
10 0.000010 9 10 100000000000.000000
12 0.000010 2 58 20
15 0.000010 3 0 PTP 58 10_1_24_24
13 0.000010 2 58
9 0.000010 9 10 100000000000.000000
10 0.000010 9 3 100000000000.000000
12 0.000010 2 51 20
15 0.000010 3 0 PTP 51 3_11_20_25
13 0.000010 2 51
9 0.000010 9 3 100000000000.000000
10 0.000010 9 8 100000000000.000000
12 0.000010 2 56 20
15 0.000010 3 0 PTP 56 8_6_23_26
13 0.000010 2 56
9 0.000010 9 8 100000000000.000000
10 0.000010 9 2 100000000000.000000
12 0.000010 2 50 20
15 0.000010 3 0 PTP 50 2_9_19_27
13 0.000010 2 50
12 0.000010 2 50 21
10 0.000010 9 11 100000000000.000000
12 0.000010 2 59 20
15 0.000010 3 0 PTP 59 11_5_25_28
13 0.000010 2 59
12 0.000010 2 59 21
10 0.000010 9 7 100000000000.000000
12 0.000010 2 55 20
15 0.000010 3 0 PTP 55 7_1_22_29
13 0.000010 2 55
12 0.000010 2 55 21
10 0.000010 9 10 100000000000.000000
12 0.000010 2 58 20
15 0.000010 3 0 PTP 58 10_2_24_30
13 0.000010 2 58
12 0.000010 2 58 21
10 0.000010 9 8 100000000000.000000
12 0.000010 2 56 20
15 0.000010 3 0 PTP 56 8_4_23_31
13 0.000010 2 56
12 0.000010 2 56 21
10 0.000010 9 3 100000000000.000000
10 0.000010 9 9 100000000000.000000
12 0.000010 2 51 20
15 0.000010 3 0 PTP 51 3_12_20_32
12 0.000010 2 57 19
13 0.000010 2 51
12 0.000010 2 51 21
13 0.000010 2 57
12 0.000010 2 57 19
13 0.000010 2 57
12 0.000010 2 57 19
13 0.000010 2 57
9 0.000010 9 9 100000000000.000000
10 0.000010 9 12 100000000000.000000
12 0.000010 2 60 20
15 0.000010 3 0 PTP 60 12_8_26_33
13 0.000010 2 60
12 0.000010 2 60 21
10 0.000010 9 9 100000000000.000000
12 0.000010 2 57 20
15 0.000010 3 0 PTP 57 9_12_1_34
13 0.000010 2 57
9 0.000010 9 9 100000000000.000000
10 0.000010 9 9 100000000000.000000
12 0.000010 2 57 20
15 0.000010 3 0 PTP 57 9_10_24_35
13 0.000010 2 57
9 0.000010 9 9 100000000000.000000
10 0.000011 9 9 100000000000.000000
12 0.000011 2 57 20
15 0.000011 3 0 PTP 57 9_11_24_36
13 0.000011 2 57
9 0.000011 9 9 100000000000.000000
10 0.000011 9 9 100000000000.000000
12 0.000011 2 57 21
9 0.000011 13 13 6991547619.047618
9 0.000011 13 22 349577380.952381
9 0.000012 13 15 8723325000.000000
9 0.000012 13 28 436166250.000000
9 0.000012 13 40 436166250.000000
9 0.000012 13 14 8723325000.000000
9 0.000012 13 25 436166250.000000
9 0.000012 13 31 436166250.000000
10 0.000013 13 13 6991547619.047618
10 0.000013 13 22 349577380.952381
13 0.000013 2 52
16 0.000013 3 0 PTP 52 1_4_1_1
12 0.000013 2 52 21
9 0.000013 13 22 7341125000.000000
9 0.000013 13 13 367056250.000000
10 0.000013 13 22 7341125000.000000
10 0.000013 13 13 367056250.000000
13 0.000013 2 49
16 0.000013 3 0 PTP 49 4_1_1_7
12 0.000013 2 49 21
9 0.000013 13 29 6991547619.047618
8 0.000013 13 45 0.000000
9 0.000013 13 45 349577380.952381
9 0.000013 13 16 6991547619.047618
8 0.000013 13 32 0.000000
9 0.000013 13 32 349577380.952381
8 0.000013 13 42 0.000000
9 0.000013 13 42 6991547619.047618
9 0.000013 13 19 349577380.952381
9 0.000013 13 26 6991547619.047618
8 0.000013 13 35 0.000000
9 0.000013 13 35 349577380.952381
8 0.000013 13 48 0.000000
9 0.000013 13 48 6991547619.047618
8 0.000013 13 39 0.000000
9 0.000013 13 39 349577380.952381
10 0.000013 13 15 8723325000.000000
10 0.000013 13 28 436166250.000000
10 0.000013 13 40 436166250.000000
10 0.000013 13 14 8723325000.000000
10 0.000013 13 25 436166250.000000
10 0.000013 13 31 436166250.000000
9 0.000014 13 28 8307928571.428571
9 0.000014 13 40 415396428.571429
9 0.000014 13 15 415396428.571429
9 0.000014 13 24 7930295454.545453
8 0.000014 13 20 0.000000
9 0.000014 13 20 396514772.727273
9 0.000014 13 43 396514772.727273
9 0.000014 13 25 8307928571.428571
9 0.000014 13 31 415396428.571429
9 0.000014 13 14 415396428.571429
9 0.000014 13 23 7930295454.545453
8 0.000014 13 17 0.000000
9 0.000014 13 17 396514772.727273
9 0.000014 13 34 396514772.727273
9 0.000014 13 46 7930295454.545453
8 0.000014 13 33 0.000000
9 0.000014 13 33 396514772.727273
8 0.000014 13 21 0.000000
9 0.000014 13 21 396514772.727273
9 0.000014 13 30 7930295454.545453
8 0.000014 13 47 0.000000
9 0.000014 13 47 396514772.727273
8 0.000014 13 36 0.000000
9 0.000014 13 36 396514772.727273
8 0.000014 13 41 0.000000
9 0.000014 13 41 7930295454.545453
8 0.000014 13 18 0.000000
9 0.000014 13 18 396514772.727273
9 0.000014 13 37 396514772.727273
8 0.000014 13 44 0.000000
9 0.000014 13 44 7930295454.545453
9 0.000014 13 27 396514772.727273
8 0.000014 13 38 0.000000
9 0.000014 13 38 396514772.727273
10 0.000014 13 29 6991547619.047618
10 0.000014 13 45 349577380.952381
13 0.000014 2 59
16 0.000014 3 0 PTP 59 6_11_1_4
12 0.000014 2 59 21
9 0.000014 13 45 7341125000.000000
9 0.000014 13 29 367056250.000000
10 0.000014 13 26 6991547619.047618
10 0.000014 13 35 349577380.952381
13 0.000014 2 56
16 0.000014 3 0 PTP 56 5_8_1_5
12 0.000014 2 56 21
9 0.000014 13 35 7341125000.000000
9 0.000014 13 26 367056250.000000
10 0.000015 13 16 6991547619.047618
10 0.000015 13 32 349577380.952381
13 0.000015 2 55
16 0.000015 3 0 PTP 55 2_7_1_14
12 0.000015 2 55 21
9 0.000015 13 32 7341125000.000000
9 0.000015 13 16 367056250.000000
10 0.000015 13 45 7341125000.000000
10 0.000015 13 29 367056250.000000
13 0.000015 2 54
16 0.000015 3 0 PTP 54 11_6_1_15
12 0.000015 2 54 21
13 0.000015 2 54
16 0.000015 3 0 PTP 54 1_6_18_3
12 0.000015 2 54 21
10 0.000015 13 32 7341125000.000000
10 0.000015 13 16 367056250.000000
13 0.000015 2 50
16 0.000015 3 0 PTP 50 7_2_1_16
12 0.000015 2 50 21
10 0.000015 13 42 6991547619.047618
10 0.000015 13 19 349577380.952381
13 0.000015 2 51
16 0.000015 3 0 PTP 51 10_3_1_17
12 0.000015 2 51 21
9 0.000015 13 19 7341125000.000000
9 0.000015 13 42 367056250.000000
10 0.000015 13 19 7341125000.000000
10 0.000015 13 42 367056250.000000
13 0.000015 2 58
16 0.000015 3 0 PTP 58 3_10_1_18
12 0.000015 2 58 21
10 0.000015 13 35 7341125000.000000
10 0.000015 13 26 367056250.000000
13 0.000015 2 53
16 0.000015 3 0 PTP 53 8_5_1_19
12 0.000015 2 53 21
10 0.000015 13 48 6991547619.047618
10 0.000015 13 39 349577380.952381
13 0.000015 2 57
16 0.000015 3 0 PTP 57 12_9_1_13
12 0.000015 2 57 21
9 0.000015 13 39 7341125000.000000
9 0.000015 13 48 367056250.000000
10 0.000015 13 39 7341125000.000000
10 0.000015 13 48 367056250.000000
13 0.000015 2 60
16 0.000015 3 0 PTP 60 9_12_1_34
12 0.000015 2 60 21
10 0.000016 13 25 8307928571.428571
10 0.000016 13 31 415396428.571429
10 0.000016 13 14 415396428.571429
13 0.000016 2 55
16 0.000016 3 0 PTP 55 5_7_21_10
12 0.000016 2 55 21
9 0.000016 13 31 8723325000.000000
9 0.000016 13 14 436166250.000000
9 0.000016 13 25 436166250.000000
10 0.000016 13 28 8307928571.428571
10 0.000016 13 40 415396428.571429
10 0.000016 13 15 415396428.571429
13 0.000016 2 58
16 0.000016 3 0 PTP 58 6_10_22_9
12 0.000016 2 58 21
9 0.000016 13 40 8723325000.000000
9 0.000016 13 15 436166250.000000
9 0.000016 13 28 436166250.000000
10 0.000016 13 30 7930295454.545453
10 0.000016 13 47 396514772.727273
10 0.000016 13 36 396514772.727273
9 0.000016 13 36 8307928571.428571
9 0.000016 13 30 415396428.571429
9 0.000016 13 47 415396428.571429
10 0.000016 13 23 7930295454.545453
10 0.000016 13 17 396514772.727273
10 0.000016 13 34 396514772.727273
9 0.000016 13 17 8307928571.428571
9 0.000016 13 34 415396428.571429
9 0.000016 13 23 415396428.571429
10 0.000016 13 24 7930295454.545453
10 0.000016 13 20 396514772.727273
10 0.000016 13 43 396514772.727273
13 0.000016 2 51
16 0.000016 3 0 PTP 51 4_3_20_12
12 0.000016 2 51 21
9 0.000016 13 43 8307928571.428571
9 0.000016 13 24 415396428.571429
9 0.000016 13 20 415396428.571429
10 0.000016 13 40 8723325000.000000
10 0.000016 13 15 436166250.000000
10 0.000016 13 28 436166250.000000
10 0.000016 13 31 8723325000.000000
10 0.000016 13 14 436166250.000000
10 0.000016 13 25 436166250.000000
13 0.000016 2 49
16 0.000016 3 0 PTP 49 7_1_22_29
12 0.000016 2 49 21
13 0.000016 2 49
16 0.000016 3 0 PTP 49 10_1_24_24
12 0.000016 2 49 21
13 0.000016 2 49
12 0.000016 2 49 21
13 0.000016 2 49
12 0.000016 2 49 21
13 0.000016 2 49
9 0.000016 9 1 100000000000.000000
10 0.000016 13 46 7930295454.545453
10 0.000016 13 33 396514772.727273
10 0.000016 13 21 396514772.727273
13 0.000016 2 55
16 0.000016 3 0 PTP 55 12_7_26_20
12 0.000016 2 55 21
13 0.000016 2 55
12 0.000016 2 55 21
13 0.000016 2 55
12 0.000016 2 55 21
13 0.000016 2 55
9 0.000016 13 33 8307928571.428571
9 0.000016 13 21 415396428.571429
9 0.000016 13 46 415396428.571429
9 0.000016 9 7 100000000000.000000
10 0.000016 13 17 8307928571.428571
10 0.000016 13 34 415396428.571429
10 0.000016 13 23 415396428.571429
9 0.000016 13 34 8723325000.000000
9 0.000016 13 23 436166250.000000
9 0.000016 13 17 436166250.000000
10 0.000016 13 43 8307928571.428571
10 0.000016 13 24 415396428.571429
10 0.000016 13 20 415396428.571429
9 0.000016 13 20 8723325000.000000
9 0.000016 13 43 436166250.000000
9 0.000016 13 24 436166250.000000
10 0.000016 9 1 100000000000.000000
10 0.000016 13 33 8307928571.428571
10 0.000016 13 21 415396428.571429
10 0.000016 13 46 415396428.571429
13 0.000016 2 51
16 0.000016 3 0 PTP 51 7_3_22_23
12 0.000016 2 51 21
13 0.000016 2 51
12 0.000016 2 51 21
13 0.000016 2 51
12 0.000016 2 51 21
13 0.000016 2 51
9 0.000016 13 21 8723325000.000000
9 0.000016 13 46 436166250.000000
9 0.000016 13 33 436166250.000000
9 0.000016 9 3 100000000000.000000
9 0.000016 9 1 100000000000.000000
10 0.000016 13 36 8307928571.428571
10 0.000016 13 30 415396428.571429
10 0.000016 13 47 415396428.571429
10 0.000016 13 20 8723325000.000000
10 0.000016 13 43 436166250.000000
10 0.000016 13 24 436166250.000000
13 0.000016 2 54
16 0.000016 3 0 PTP 54 8_6_23_26
12 0.000016 2 54 21
13 0.000016 2 54
12 0.000016 2 54 21
13 0.000016 2 54
12 0.000016 2 54 21
13 0.000016 2 54
9 0.000016 13 47 8723325000.000000
9 0.000016 13 36 436166250.000000
9 0.000016 13 30 436166250.000000
9 0.000016 9 6 100000000000.000000
10 0.000016 13 44 7930295454.545453
10 0.000016 13 27 396514772.727273
10 0.000016 13 38 396514772.727273
13 0.000016 2 53
16 0.000016 3 0 PTP 53 11_5_25_28
12 0.000016 2 53 21
13 0.000016 2 53
16 0.000016 3 0 PTP 53 1_5_18_2
12 0.000016 2 53 21
13 0.000016 2 53
12 0.000016 2 53 21
13 0.000016 2 53
12 0.000016 2 53 21
13 0.000016 2 53
9 0.000016 13 27 8307928571.428571
9 0.000016 13 38 415396428.571429
9 0.000016 13 44 415396428.571429
9 0.000016 9 5 100000000000.000000
10 0.000016 13 41 7930295454.545453
10 0.000016 13 18 396514772.727273
10 0.000016 13 37 396514772.727273
13 0.000016 2 50
16 0.000016 3 0 PTP 50 10_2_24_30
12 0.000016 2 50 21
13 0.000016 2 50
16 0.000016 3 0 PTP 50 4_2_20_11
12 0.000016 2 50 21
13 0.000016 2 50
12 0.000016 2 50 21
13 0.000016 2 50
12 0.000016 2 50 21
13 0.000016 2 50
9 0.000016 13 18 8307928571.428571
9 0.000016 13 37 415396428.571429
9 0.000016 13 41 415396428.571429
9 0.000016 9 2 100000000000.000000
10 0.000016 13 34 8723325000.000000
10 0.000016 13 23 436166250.000000
10 0.000016 13 17 436166250.000000
13 0.000016 2 52
16 0.000016 3 0 PTP 52 8_4_23_31
12 0.000016 2 52 21
13 0.000016 2 52
16 0.000016 3 0 PTP 52 11_4_25_22
12 0.000016 2 52 21
13 0.000016 2 52
12 0.000016 2 52 21
13 0.000016 2 52
12 0.000016 2 52 21
13 0.000016 2 52
9 0.000016 9 4 100000000000.000000
10 0.000016 13 27 8307928571.428571
10 0.000016 13 38 415396428.571429
10 0.000016 13 44 415396428.571429
9 0.000016 13 38 8723325000.000000
9 0.000016 13 44 436166250.000000
9 0.000016 13 27 436166250.000000
10 0.000016 13 21 8723325000.000000
10 0.000016 13 46 436166250.000000
10 0.000016 13 33 436166250.000000
13 0.000016 2 60
16 0.000016 3 0 PTP 60 3_12_20_32
12 0.000016 2 60 21
13 0.000016 2 60
16 0.000016 3 0 PTP 60 6_12_22_6
12 0.000016 2 60 21
13 0.000016 2 60
12 0.000016 2 60 21
13 0.000016 2 60
12 0.000016 2 60 21
13 0.000016 2 60
9 0.000016 9 12 100000000000.000000
10 0.000016 13 18 8307928571.428571
10 0.000016 13 37 415396428.571429
10 0.000016 13 41 415396428.571429
13 0.000016 2 57
16 0.000016 3 0 PTP 57 2_9_19_27
12 0.000016 2 57 21
13 0.000016 2 57
16 0.000016 3 0 PTP 57 5_9_21_8
12 0.000016 2 57 21
13 0.000016 2 57
12 0.000016 2 57 21
13 0.000016 2 57
12 0.000016 2 57 21
13 0.000016 2 57
9 0.000016 9 9 100000000000.000000
9 0.000016 13 37 8723325000.000000
9 0.000016 13 41 436166250.000000
9 0.000016 13 18 436166250.000000
10 0.000016 9 1 100000000000.000000
12 0.000016 2 49 19
13 0.000016 2 49
12 0.000016 2 49 19
13 0.000016 2 49
12 0.000016 2 49 19
13 0.000016 2 49
9 0.000016 9 1 100000000000.000000
10 0.000016 9 3 100000000000.000000
12 0.000016 2 51 19
13 0.000016 2 51
12 0.000016 2 51 19
13 0.000016 2 51
12 0.000016 2 51 19
13 0.000016 2 51
9 0.000016 9 3 100000000000.000000
10 0.000016 13 47 8723325000.000000
10 0.000016 13 36 436166250.000000
10 0.000016 13 30 436166250.000000
13 0.000016 2 56
16 0.000016 3 0 PTP 56 12_8_26_33
12 0.000016 2 56 21
13 0.000016 2 56
16 0.000016 3 0 PTP 56 2_8_19_21
12 0.000016 2 56 21
13 0.000016 2 56
12 0.000016 2 56 21
13 0.000016 2 56
12 0.000016 2 56 21
13 0.000016 2 56
9 0.000016 9 8 100000000000.000000
10 0.000016 9 6 100000000000.000000
12 0.000016 2 54 19
13 0.000016 2 54
12 0.000016 2 54 19
13 0.000016 2 54
12 0.000016 2 54 19
13 0.000016 2 54
9 0.000016 9 6 100000000000.000000
10 0.000016 9 1 100000000000.000000
12 0.000016 2 49 20
15 0.000016 3 0 PTP 49 1_4_100_37
13 0.000016 2 49
9 0.000016 9 1 100000000000.000000
10 0.000016 9 3 100000000000.000000
12 0.000016 2 51 20
15 0.000016 3 0 PTP 51 3_10_100_38
13 0.000016 2 51
9 0.000016 9 3 100000000000.000000
10 0.000016 9 6 100000000000.000000
10 0.000016 9 4 100000000000.000000
12 0.000016 2 54 20
15 0.000016 3 0 PTP 54 6_11_100_39
12 0.000016 2 52 19
13 0.000016 2 54
13 0.000016 2 52
12 0.000016 2 52 19
13 0.000016 2 52
12 0.000016 2 52 19
13 0.000016 2 52
9 0.000016 9 4 100000000000.000000
9 0.000016 9 6 100000000000.000000
10 0.000016 9 12 100000000000.000000
12 0.000016 2 60 19
13 0.000016 2 60
12 0.000016 2 60 19
13 0.000016 2 60
12 0.000016 2 60 19
13 0.000016 2 60
9 0.000016 9 12 100000000000.000000
10 0.000016 9 7 100000000000.000000
12 0.000016 2 55 19
13 0.000016 2 55
12 0.000016 2 55 19
13 0.000016 2 55
12 0.000016 2 55 19
13 0.000016 2 55
9 0.000016 9 7 100000000000.000000
10 0.000016 9 3 100000000000.000000
12 0.000016 2 51 20
15 0.000016 3 0 PTP 51 3_11_0_40
13 0.000016 2 51
9 0.000016 9 3 100000000000.000000
10 0.000016 9 1 100000000000.000000
12 0.000016 2 49 20
15 0.000016 3 0 PTP 49 1_5_0_41
13 0.000016 2 49
9 0.000016 9 1 100000000000.000000
10 0.000016 9 9 100000000000.000000
10 0.000016 9 2 100000000000.000000
12 0.000016 2 57 19
12 0.000016 2 50 19
13 0.000016 2 57
12 0.000016 2 57 19
13 0.000016 2 50
12 0.000016 2 50 19
13 0.000016 2 57
12 0.000016 2 57 19
13 0.000016 2 50
12 0.000016 2 50 19
13 0.000016 2 57
13 0.000016 2 50
9 0.000016 9 2 100000000000.000000
9 0.000016 9 9 100000000000.000000
10 0.000016 13 37 8723325000.000000
10 0.000016 13 41 436166250.000000
10 0.000016 13 18 436166250.000000
13 0.000016 2 58
16 0.000016 3 0 PTP 58 9_10_24_35
12 0.000016 2 58 21
13 0.000016 2 58
12 0.000016 2 58 21
13 0.000016 2 58
12 0.000016 2 58 21
13 0.000016 2 58
9 0.000016 9 10 100000000000.000000
10 0.000016 9 8 100000000000.000000
12 0.000016 2 56 19
13 0.000016 2 56
12 0.000016 2 56 19
13 0.000016 2 56
12 0.000016 2 56 19
13 0.000016 2 56
9 0.000016 9 8 100000000000.000000
10 0.000016 9 4 100000000000.000000
12 0.000016 2 52 20
15 0.000016 3 0 PTP 52 4_1_100_42
13 0.000016 2 52
9 0.000016 9 4 100000000000.000000
10 0.000016 9 12 100000000000.000000
12 0.000016 2 60 20
15 0.000016 3 0 PTP 60 12_9_100_43
13 0.000016 2 60
9 0.000016 9 12 100000000000.000000
10 0.000016 9 7 100000000000.000000
12 0.000016 2 55 20
15 0.000016 3 0 PTP 55 7_2_100_44
13 0.000016 2 55
9 0.000016 9 7 100000000000.000000
10 0.000016 9 6 100000000000.000000
12 0.000016 2 54 20
15 0.000016 3 0 PTP 54 6_12_0_45
13 0.000016 2 54
9 0.000016 9 6 100000000000.000000
10 0.000016 9 2 100000000000.000000
10 0.000016 9 9 100000000000.000000
12 0.000016 2 50 20
15 0.000016 3 0 PTP 50 2_7_100_46
12 0.000016 2 57 20
15 0.000016 3 0 PTP 57 9_12_100_47
13 0.000016 2 50
13 0.000016 2 57
9 0.000016 9 9 100000000000.000000
9 0.000016 9 2 100000000000.000000
10 0.000016 9 3 100000000000.000000
12 0.000016 2 51 20
15 0.000016 3 0 PTP 51 3_12_0_48
13 0.000016 2 51
9 0.000016 9 3 100000000000.000000
10 0.000016 9 1 100000000000.000000
12 0.000016 2 49 20
15 0.000016 3 0 PTP 49 1_6_0_49
13 0.000016 2 49
12 0.000016 2 49 21
13 0.000016 2 49
12 0.000016 2 49 21
13 0.000016 2 49
12 0.000016 2 49 21
13 0.000016 2 49
12 0.000016 2 49 21
10 0.000016 9 8 100000000000.000000
12 0.000016 2 56 20
15 0.000016 3 0 PTP 56 8_5_100_50
13 0.000016 2 56
9 0.000016 9 8 100000000000.000000
10 0.000016 9 3 100000000000.000000
12 0.000016 2 51 21
13 0.000016 2 51
12 0.000016 2 51 21
13 0.000016 2 51
12 0.000016 2 51 21
13 0.000016 2 51
12 0.000016 2 51 21
10 0.000016 13 38 8723325000.000000
10 0.000016 13 44 436166250.000000
10 0.000016 13 27 436166250.000000
13 0.000016 2 59
16 0.000016 3 0 PTP 59 9_11_24_36
12 0.000016 2 59 21
13 0.000016 2 59
16 0.000016 3 0 PTP 59 3_11_20_25
12 0.000016 2 59 21
13 0.000016 2 59
12 0.000016 2 59 21
13 0.000016 2 59
12 0.000016 2 59 21
13 0.000016 2 59
9 0.000016 9 11 100000000000.000000
10 0.000016 9 4 100000000000.000000
10 0.000016 9 9 100000000000.000000
12 0.000016 2 52 20
15 0.000016 3 0 PTP 52 4_2_0_51
12 0.000016 2 57 20
15 0.000016 3 0 PTP 57 9_10_0_52
13 0.000016 2 52
13 0.000016 2 57
9 0.000016 9 4 100000000000.000000
9 0.000016 9 9 100000000000.000000
10 0.000016 9 7 100000000000.000000
10 0.000016 9 2 100000000000.000000
12 0.000016 2 55 20
15 0.000016 3 0 PTP 55 7_3_0_53
12 0.000016 2 50 20
15 0.000016 3 0 PTP 50 2_8_0_54
13 0.000016 2 55
13 0.000016 2 50
9 0.000016 9 7 100000000000.000000
9 0.000016 9 2 100000000000.000000
10 0.000016 9 6 100000000000.000000
12 0.000016 2 54 20
15 0.000016 3 0 PTP 54 6_10_0_55
13 0.000016 2 54
12 0.000016 2 54 21
13 0.000016 2 54
12 0.000016 2 54 21
13 0.000016 2 54
12 0.000016 2 54 21
13 0.000016 2 54
12 0.000016 2 54 21
10 0.000016 9 8 100000000000.000000
12 0.000016 2 56 20
15 0.000016 3 0 PTP 56 8_6_0_56
13 0.000016 2 56
9 0.000016 9 8 100000000000.000000
10 0.000016 9 4 100000000000.000000
12 0.000016 2 52 20
15 0.000016 3 0 PTP 52 4_3_0_57
13 0.000016 2 52
12 0.000016 2 52 21
13 0.000016 2 52
12 0.000016 2 52 21
13 0.000016 2 52
12 0.000016 2 52 21
13 0.000016 2 52
12 0.000016 2 52 21
10 0.000016 9 9 100000000000.000000
12 0.000016 2 57 20
15 0.000016 3 0 PTP 57 9_11_0_58
13 0.000016 2 57
12 0.000016 2 57 21
13 0.000016 2 57
12 0.000016 2 57 21
13 0.000016 2 57
12 0.000016 2 57 21
13 0.000016 2 57
12 0.000016 2 57 21
10 0.000016 9 7 100000000000.000000
10 0.000016 9 2 100000000000.000000
12 0.000016 2 55 20
15 0.000016 3 0 PTP 55 7_1_0_59
12 0.000016 2 50 20
15 0.000016 3 0 PTP 50 2_9_0_60
13 0.000016 2 55
12 0.000016 2 55 21
13 0.000016 2 55
12 0.000016 2 55 21
13 0.000016 2 55
12 0.000016 2 55 21
13 0.000016 2 55
12 0.000016 2 55 21
13 0.000016 2 50
12 0.000016 2 50 21
13 0.000016 2 50
12 0.000016 2 50 21
13 0.000016 2 50
12 0.000016 2 50 21
13 0.000016 2 50
12 0.000016 2 50 21
10 0.000016 9 8 100000000000.000000
12 0.000016 2 56 20
15 0.000016 3 0 PTP 56 8_4_0_61
13 0.000016 2 56
12 0.000016 2 56 21
13 0.000016 2 56
12 0.000016 2 56 21
13 0.000016 2 56
12 0.000016 2 56 21
13 0.000016 2 56
12 0.000016 2 56 21
10 0.000016 9 12 100000000000.000000
10 0.000016 9 10 100000000000.000000
12 0.000016 2 60 20
15 0.000016 3 0 PTP 60 12_7_0_62
12 0.000016 2 58 19
13 0.000016 2 60
13 0.000016 2 58
12 0.000016 2 58 19
13 0.000016 2 58
12 0.000016 2 58 19
13 0.000016 2 58
9 0.000016 9 10 100000000000.000000
9 0.000016 9 12 100000000000.000000
10 0.000016 9 11 100000000000.000000
12 0.000016 2 59 19
13 0.000016 2 59
12 0.000016 2 59 19
13 0.000016 2 59
12 0.000016 2 59 19
13 0.000016 2 59
9 0.000016 9 11 100000000000.000000
10 0.000016 9 10 100000000000.000000
12 0.000016 2 58 20
15 0.000016 3 0 PTP 58 10_3_100_63
13 0.000016 2 58
9 0.000016 9 10 100000000000.000000
10 0.000016 9 11 100000000000.000000
12 0.000016 2 59 20
15 0.000016 3 0 PTP 59 11_6_100_64
13 0.000016 2 59
9 0.000016 9 11 100000000000.000000
10 0.000016 9 12 100000000000.000000
12 0.000016 2 60 20
15 0.000016 3 0 PTP 60 12_8_0_65
13 0.000016 2 60
12 0.000016 2 60 21
13 0.000016 2 60
12 0.000016 2 60 21
13 0.000016 2 60
12 0.000016 2 60 21
13 0.000016 2 60
12 0.000016 2 60 21
10 0.000016 9 10 100000000000.000000
12 0.000016 2 58 20
15 0.000016 3 0 PTP 58 10_1_0_66
13 0.000016 2 58
9 0.000016 9 10 100000000000.000000
10 0.000016 9 11 100000000000.000000
12 0.000016 2 59 20
15 0.000016 3 0 PTP 59 11_4_0_67
13 0.000016 2 59
9 0.000016 9 11 100000000000.000000
10 0.000016 9 10 100000000000.000000
12 0.000016 2 58 20
15 0.000016 3 0 PTP 58 10_2_0_68
13 0.000016 2 58
12 0.000016 2 58 21
13 0.000016 2 58
12 0.000016 2 58 21
13 0.000016 2 58
12 0.000016 2 58 21
13 0.000016 2 58
12 0.000016 2 58 21
10 0.000016 9 11 100000000000.000000
12 0.000016 2 59 20
15 0.000016 3 0 PTP 59 11_5_0_69
13 0.000016 2 59
12 0.000016 2 59 21
13 0.000016 2 59
12 0.000016 2 59 21
13 0.000016 2 59
12 0.000016 2 59 21
13 0.000016 2 59
12 0.000016 2 59 21
10 0.000017 9 5 100000000000.000000
12 0.000017 2 53 19
13 0.000017 2 53
12 0.000017 2 53 19
13 0.000017 2 53
12 0.000017 2 53 19
13 0.000017 2 53
9 0.000017 9 5 100000000000.000000
10 0.000017 9 5 100000000000.000000
12 0.000017 2 53 20
15 0.000017 3 0 PTP 53 5_8_100_70
13 0.000017 2 53
9 0.000017 9 5 100000000000.000000
10 0.000017 9 5 100000000000.000000
12 0.000017 2 53 20
15 0.000017 3 0 PTP 53 5_9_0_71
13 0.000017 2 53
9 0.000017 9 5 100000000000.000000
10 0.000017 9 5 100000000000.000000
12 0.000017 2 53 20
15 0.000017 3 0 PTP 53 5_7_0_72
13 0.000017 2 53
12 0.000017 2 53 21
13 0.000017 2 53
12 0.000017 2 53 21
13 0.000017 2 53
12 0.000017 2 53 21
13 0.000017 2 53
12 0.000017 2 53 21
9 0.000018 13 13 12945119047.619047
9 0.000018 13 22 647255952.380952
9 0.000018 13 48 12945119047.619047
9 0.000018 13 39 647255952.380952
9 0.000018 13 32 12945119047.619047
9 0.000018 13 16 647255952.380952
9 0.000018 13 19 12945119047.619047
9 0.000018 13 42 647255952.380952
9 0.000018 13 29 12945119047.619047
9 0.000018 13 45 647255952.380952
9 0.000019 13 23 6673749999.999999
9 0.000019 13 17 333687500.000000
9 0.000019 13 34 333687500.000000
9 0.000019 13 21 6673749999.999999
9 0.000019 13 46 333687500.000000
9 0.000019 13 33 333687500.000000
10 0.000019 13 13 12945119047.619047
10 0.000019 13 22 647255952.380952
13 0.000019 2 52
16 0.000019 3 0 PTP 52 1_4_100_37
12 0.000019 2 52 21
9 0.000019 13 22 13592375000.000002
9 0.000019 13 13 679618750.000000
9 0.000019 13 30 6673749999.999999
9 0.000019 13 47 333687500.000000
9 0.000019 13 36 333687500.000000
10 0.000019 13 22 13592375000.000002
10 0.000019 13 13 679618750.000000
13 0.000019 2 49
16 0.000019 3 0 PTP 49 4_1_100_42
12 0.000019 2 49 21
10 0.000019 13 48 12945119047.619047
10 0.000019 13 39 647255952.380952
13 0.000019 2 57
16 0.000019 3 0 PTP 57 12_9_100_43
12 0.000019 2 57 21
9 0.000019 13 39 13592375000.000002
9 0.000019 13 48 679618750.000000
10 0.000019 13 32 12945119047.619047
10 0.000019 13 16 647255952.380952
13 0.000019 2 50
16 0.000019 3 0 PTP 50 7_2_100_44
12 0.000019 2 50 21
9 0.000019 13 16 13592375000.000002
9 0.000019 13 32 679618750.000000
10 0.000019 13 39 13592375000.000002
10 0.000019 13 48 679618750.000000
10 0.000019 13 16 13592375000.000002
10 0.000019 13 32 679618750.000000
13 0.000019 2 60
16 0.000019 3 0 PTP 60 9_12_100_47
12 0.000019 2 60 21
13 0.000019 2 55
16 0.000019 3 0 PTP 55 2_7_100_46
12 0.000019 2 55 21
9 0.000019 13 15 6673749999.999999
9 0.000019 13 28 333687500.000000
9 0.000019 13 40 333687500.000000
9 0.000019 13 24 6673749999.999999
9 0.000019 13 20 333687500.000000
9 0.000019 13 43 333687500.000000
9 0.000019 13 18 6673749999.999999
9 0.000019 13 37 333687500.000000
9 0.000019 13 41 333687500.000000
9 0.000019 13 35 12945119047.619047
9 0.000019 13 26 647255952.380952
10 0.000019 13 19 12945119047.619047
10 0.000019 13 42 647255952.380952
13 0.000019 2 58
16 0.000019 3 0 PTP 58 3_10_100_38
12 0.000019 2 58 21
9 0.000019 13 42 13592375000.000002
9 0.000019 13 19 679618750.000000
10 0.000019 13 29 12945119047.619047
10 0.000019 13 45 647255952.380952
13 0.000019 2 59
16 0.000019 3 0 PTP 59 6_11_100_39
12 0.000019 2 59 21
9 0.000019 13 45 13592375000.000002
9 0.000019 13 29 679618750.000000
10 0.000019 13 42 13592375000.000002
10 0.000019 13 19 679618750.000000
13 0.000019 2 51
16 0.000019 3 0 PTP 51 10_3_100_63
12 0.000019 2 51 21
10 0.000019 13 45 13592375000.000002
10 0.000019 13 29 679618750.000000
13 0.000019 2 54
16 0.000019 3 0 PTP 54 11_6_100_64
12 0.000019 2 54 21
9 0.000019 13 38 6673749999.999999
9 0.000019 13 44 333687500.000000
9 0.000019 13 27 333687500.000000
9 0.000019 13 31 6673749999.999999
9 0.000019 13 14 333687500.000000
9 0.000019 13 25 333687500.000000
10 0.000020 13 35 12945119047.619047
10 0.000020 13 26 647255952.380952
13 0.000020 2 53
16 0.000020 3 0 PTP 53 8_5_100_50
12 0.000020 2 53 21
9 0.000020 13 26 13592375000.000002
9 0.000020 13 35 679618750.000000
10 0.000020 13 26 13592375000.000002
10 0.000020 13 35 679618750.000000
13 0.000020 2 56
16 0.000020 3 0 PTP 56 5_8_100_70
12 0.000020 2 56 21
10 0.000020 13 30 6673749999.999999
10 0.000020 13 47 333687500.000000
10 0.000020 13 36 333687500.000000
9 0.000020 13 36 6991547619.047618
9 0.000020 13 30 349577380.952381
9 0.000020 13 47 349577380.952381
10 0.000020 13 15 6673749999.999999
10 0.000020 13 28 333687500.000000
10 0.000020 13 40 333687500.000000
13 0.000020 2 54
16 0.000020 3 0 PTP 54 1_6_0_49
12 0.000020 2 54 21
9 0.000020 13 28 6991547619.047618
9 0.000020 13 40 349577380.952381
9 0.000020 13 15 349577380.952381
10 0.000020 13 21 6673749999.999999
10 0.000020 13 46 333687500.000000
10 0.000020 13 33 333687500.000000
13 0.000020 2 60
16 0.000020 3 0 PTP 60 3_12_0_48
12 0.000020 2 60 21
13 0.000020 2 60
16 0.000020 3 0 PTP 60 6_12_0_45
9 0.000020 9 12 100000000000.000000
9 0.000020 13 33 6991547619.047618
9 0.000020 13 21 349577380.952381
9 0.000020 13 46 349577380.952381
10 0.000020 13 23 6673749999.999999
10 0.000020 13 17 333687500.000000
10 0.000020 13 34 333687500.000000
9 0.000020 13 17 6991547619.047618
9 0.000020 13 34 349577380.952381
9 0.000020 13 23 349577380.952381
10 0.000020 13 31 6673749999.999999
10 0.000020 13 14 333687500.000000
10 0.000020 13 25 333687500.000000
13 0.000020 2 49
16 0.000020 3 0 PTP 49 7_1_0_59
12 0.000020 2 49 21
10 0.000020 9 12 100000000000.000000
12 0.000020 2 60 18
10 0.000020 13 33 6991547619.047618
10 0.000020 13 21 349577380.952381
10 0.000020 13 46 349577380.952381
9 0.000020 13 46 7341125000.000000
9 0.000020 13 33 367056250.000000
9 0.000020 13 21 367056250.000000
10 0.000020 13 17 6991547619.047618
10 0.000020 13 34 349577380.952381
10 0.000020 13 23 349577380.952381
9 0.000020 13 34 7341125000.000000
9 0.000020 13 23 367056250.000000
9 0.000020 13 17 367056250.000000
10 0.000021 13 36 6991547619.047618
10 0.000021 13 30 349577380.952381
10 0.000021 13 47 349577380.952381
13 0.000021 2 54
16 0.000021 3 0 PTP 54 8_6_0_56
9 0.000021 9 6 100000000000.000000
9 0.000021 13 47 7341125000.000000
9 0.000021 13 36 367056250.000000
9 0.000021 13 30 367056250.000000
10 0.000021 13 24 6673749999.999999
10 0.000021 13 20 333687500.000000
10 0.000021 13 43 333687500.000000
13 0.000021 2 51
16 0.000021 3 0 PTP 51 4_3_0_57
12 0.000021 2 51 21
13 0.000021 2 51
16 0.000021 3 0 PTP 51 7_3_0_53
9 0.000021 9 3 100000000000.000000
9 0.000021 13 20 6991547619.047618
9 0.000021 13 43 349577380.952381
9 0.000021 13 24 349577380.952381
10 0.000021 13 38 6673749999.999999
10 0.000021 13 44 333687500.000000
10 0.000021 13 27 333687500.000000
13 0.000021 2 59
16 0.000021 3 0 PTP 59 9_11_0_58
12 0.000021 2 59 21
9 0.000021 13 44 6991547619.047618
9 0.000021 13 27 349577380.952381
9 0.000021 13 38 349577380.952381
10 0.000021 13 18 6673749999.999999
10 0.000021 13 37 333687500.000000
10 0.000021 13 41 333687500.000000
13 0.000021 2 57
16 0.000021 3 0 PTP 57 2_9_0_60
12 0.000021 2 57 21
9 0.000021 13 37 6991547619.047618
9 0.000021 13 41 349577380.952381
9 0.000021 13 18 349577380.952381
10 0.000021 9 6 100000000000.000000
12 0.000021 2 54 18
10 0.000021 13 34 7341125000.000000
10 0.000021 13 23 367056250.000000
10 0.000021 13 17 367056250.000000
13 0.000021 2 52
16 0.000021 3 0 PTP 52 8_4_0_61
12 0.000021 2 52 21
10 0.000021 9 3 100000000000.000000
12 0.000021 2 51 18
10 0.000021 13 28 6991547619.047618
10 0.000021 13 40 349577380.952381
10 0.000021 13 15 349577380.952381
10 0.000021 13 46 7341125000.000000
10 0.000021 13 33 367056250.000000
10 0.000021 13 21 367056250.000000
13 0.000021 2 58
16 0.000021 3 0 PTP 58 6_10_0_55
12 0.000021 2 58 21
9 0.000021 13 40 7341125000.000000
9 0.000021 13 15 367056250.000000
9 0.000021 13 28 367056250.000000
10 0.000021 13 37 6991547619.047618
10 0.000021 13 41 349577380.952381
10 0.000021 13 18 349577380.952381
13 0.000021 2 58
16 0.000021 3 0 PTP 58 9_10_0_52
9 0.000021 9 10 100000000000.000000
9 0.000021 13 41 7341125000.000000
9 0.000021 13 18 367056250.000000
9 0.000021 13 37 367056250.000000
10 0.000021 13 20 6991547619.047618
10 0.000021 13 43 349577380.952381
10 0.000021 13 24 349577380.952381
13 0.000021 2 59
16 0.000021 3 0 PTP 59 3_11_0_40
9 0.000021 9 11 100000000000.000000
9 0.000021 13 43 7341125000.000000
9 0.000021 13 24 367056250.000000
9 0.000021 13 20 367056250.000000
10 0.000021 9 10 100000000000.000000
12 0.000021 2 58 18
10 0.000021 13 47 7341125000.000000
10 0.000021 13 36 367056250.000000
10 0.000021 13 30 367056250.000000
13 0.000021 2 56
16 0.000021 3 0 PTP 56 12_8_0_65
12 0.000021 2 56 21
13 0.000021 2 56
16 0.000021 3 0 PTP 56 2_8_0_54
9 0.000021 9 8 100000000000.000000
10 0.000021 9 11 100000000000.000000
12 0.000021 2 59 18
10 0.000021 13 40 7341125000.000000
10 0.000021 13 15 367056250.000000
10 0.000021 13 28 367056250.000000
13 0.000021 2 49
16 0.000021 3 0 PTP 49 10_1_0_66
9 0.000021 9 1 100000000000.000000
10 0.000021 9 8 100000000000.000000
12 0.000021 2 56 18
10 0.000021 13 43 7341125000.000000
10 0.000021 13 24 367056250.000000
10 0.000021 13 20 367056250.000000
13 0.000021 2 52
16 0.000021 3 0 PTP 52 11_4_0_67
9 0.000021 9 4 100000000000.000000
10 0.000021 9 1 100000000000.000000
10 0.000021 13 41 7341125000.000000
10 0.000021 13 18 367056250.000000
10 0.000021 13 37 367056250.000000
13 0.000021 2 50
16 0.000021 3 0 PTP 50 10_2_0_68
12 0.000021 2 50 21
13 0.000021 2 50
16 0.000021 3 0 PTP 50 4_2_0_51
9 0.000021 9 2 100000000000.000000
10 0.000021 9 4 100000000000.000000
12 0.000021 2 52 18
12 0.000021 2 49 18
10 0.000021 9 2 100000000000.000000
12 0.000021 2 50 18
9 0.000021 13 14 6991547619.047618
9 0.000021 13 25 349577380.952381
9 0.000021 13 31 349577380.952381
10 0.000021 13 14 6991547619.047618
10 0.000021 13 25 349577380.952381
10 0.000021 13 31 349577380.952381
10 0.000021 13 44 6991547619.047618
10 0.000021 13 27 349577380.952381
10 0.000021 13 38 349577380.952381
13 0.000021 2 53
16 0.000021 3 0 PTP 53 11_5_0_69
12 0.000021 2 53 21
13 0.000021 2 53
16 0.000021 3 0 PTP 53 1_5_0_41
9 0.000021 9 5 100000000000.000000
9 0.000021 13 27 7341125000.000000
9 0.000021 13 38 367056250.000000
9 0.000021 13 44 367056250.000000
10 0.000021 9 5 100000000000.000000
12 0.000021 2 53 18
10 0.000021 13 27 7341125000.000000
10 0.000021 13 38 367056250.000000
10 0.000021 13 44 367056250.000000
13 0.000021 2 57
16 0.000021 3 0 PTP 57 5_9_0_71
9 0.000021 9 9 100000000000.000000
10 0.000021 9 9 100000000000.000000
12 0.000021 2 57 18
9 0.000021 13 25 7341125000.000000
9 0.000021 13 31 367056250.000000
9 0.000021 13 14 367056250.000000
10 0.000021 13 25 7341125000.000000
10 0.000021 13 31 367056250.000000
10 0.000021 13 14 367056250.000000
13 0.000021 2 55
16 0.000021 3 0 PTP 55 5_7_0_72
12 0.000021 2 55 21
13 0.000021 2 55
16 0.000021 3 0 PTP 55 12_7_0_62
9 0.000021 9 7 100000000000.000000
10 0.000021 9 7 100000000000.000000
12 0.000021 2 55 18
9 0.000023 13 22 10151050000.000000
9 0.000023 13 13 507552500.000000
9 0.000023 13 40 10151050000.000000
9 0.000023 13 15 507552500.000000
9 0.000023 13 28 507552500.000000
10 0.000023 13 22 10151050000.000000
10 0.000023 13 13 507552500.000000
10 0.000023 13 40 10151050000.000000
10 0.000023 13 15 507552500.000000
10 0.000023 13 28 507552500.000000
9 0.000023 13 31 10151050000.000000
9 0.000023 13 14 507552500.000000
9 0.000023 13 25 507552500.000000
10 0.000023 13 31 10151050000.000000
10 0.000023 13 14 507552500.000000
10 0.000023 13 25 507552500.000000
9 0.000025 13 46 10151050000.000000
9 0.000025 13 31 10151050000.000000
9 0.000025 13 15 507552500.000000
9 0.000025 13 30 507552500.000000
10 0.000025 13 46 10151050000.000000
10 0.000025 13 31 10151050000.000000
10 0.000025 13 15 507552500.000000
10 0.000025 13 30 507552500.000000
9 0.000025 13 43 5075525000.000000
9 0.000025 13 22 5075525000.000000
9 0.000025 13 15 253776250.000000
9 0.000025 13 29 253776250.000000
9 0.000025 13 28 5075525000.000000
9 0.000025 13 40 5075525000.000000
9 0.000025 13 15 253776250.000000
9 0.000025 13 34 5075525000.000000
9 0.000025 13 22 5075525000.000000
9 0.000025 13 14 253776250.000000
9 0.000025 13 26 253776250.000000
9 0.000025 13 19 5075525000.000000
9 0.000025 13 40 5075525000.000000
9 0.000025 13 13 253776250.000000
9 0.000025 13 24 253776250.000000
10 0.000025 13 43 5075525000.000000
10 0.000025 13 22 5075525000.000000
10 0.000025 13 15 253776250.000000
10 0.000025 13 29 253776250.000000
10 0.000025 13 28 5075525000.000000
10 0.000025 13 40 5075525000.000000
10 0.000025 13 15 253776250.000000
10 0.000025 13 34 5075525000.000000
10 0.000025 13 22 5075525000.000000
10 0.000025 13 14 253776250.000000
10 0.000025 13 26 253776250.000000
10 0.000025 13 19 5075525000.000000
10 0.000025 13 40 5075525000.000000
10 0.000025 13 13 253776250.000000
10 0.000025 13 24 253776250.000000
9 0.000025 13 16 10151050000.000000
9 0.000025 13 31 10151050000.000000
9 0.000025 13 13 507552500.000000
9 0.000025 13 23 507552500.000000
10 0.000025 13 16 10151050000.000000
10 0.000025 13 31 10151050000.000000
10 0.000025 13 13 507552500.000000
10 0.000025 13 23 507552500.000000
9 0.000025 13 25 10151050000.000000
9 0.000025 13 31 10151050000.000000
9 0.000025 13 14 507552500.000000
10 0.000025 13 25 10151050000.000000
10 0.000025 13 31 10151050000.000000
10 0.000025 13 14 507552500.000000
9 0.000025 13 37 10151050000.000000
9 0.000025 13 40 10151050000.000000
9 0.000025 13 14 507552500.000000
9 0.000025 13 27 507552500.000000
10 0.000025 13 37 10151050000.000000
10 0.000025 13 40 10151050000.000000
10 0.000025 13 14 507552500.000000
10 0.000025 13 27 507552500.000000
13 0.000025 2 49
9 0.000025 9 1 100000000000.000000
10 0.000025 9 1 100000000000.000000
9 0.000025 9 1 100000000000.000000
10 0.000026 9 1 100000000000.000000
12 0.000026 2 49 22
13 0.000026 2 49
7 0.000026 1 49
9 0.000027 13 13 10151050000.000000
9 0.000027 13 22 507552500.000000
9 0.000027 13 14 10151050000.000000
9 0.000027 13 25 507552500.000000
9 0.000027 13 31 507552500.000000
9 0.000027 13 15 10151050000.000000
9 0.000027 13 28 507552500.000000
9 0.000027 13 40 507552500.000000
10 0.000027 13 13 10151050000.000000
10 0.000027 13 22 507552500.000000
10 0.000027 13 14 10151050000.000000
10 0.000027 13 25 507552500.000000
10 0.000027 13 31 507552500.000000
10 0.000027 13 15 10151050000.000000
10 0.000027 13 28 507552500.000000
10 0.000027 13 40 507552500.000000
13 0.000027 2 52
13 0.000027 2 53
13 0.000027 2 54
9 0.000027 9 5 100000000000.000000
10 0.000027 9 5 100000000000.000000
12 0.000027 2 53 22
13 0.000027 2 53
7 0.000027 1 53
9 0.000027 9 6 100000000000.000000
10 0.000027 9 6 100000000000.000000
12 0.000027 2 54 22
13 0.000027 2 54
7 0.000027 1 54
9 0.000027 9 4 100000000000.000000
10 0.000027 9 4 100000000000.000000
9 0.000027 9 4 100000000000.000000
10 0.000028 9 4 100000000000.000000
12 0.000028 2 52 22
13 0.000028 2 52
7 0.000028 1 52
9 0.000029 13 13 5075525000.000000
9 0.000029 13 24 5075525000.000000
9 0.000029 13 19 253776250.000000
9 0.000029 13 40 253776250.000000
9 0.000029 13 13 5075525000.000000
9 0.000029 13 23 5075525000.000000
9 0.000029 13 16 253776250.000000
9 0.000029 13 31 253776250.000000
10 0.000029 13 13 5075525000.000000
10 0.000029 13 24 5075525000.000000
10 0.000029 13 19 253776250.000000
10 0.000029 13 40 253776250.000000
10 0.000029 13 13 5075525000.000000
10 0.000029 13 23 5075525000.000000
10 0.000029 13 16 253776250.000000
10 0.000029 13 31 253776250.000000
13 0.000029 2 51
13 0.000029 2 50
9 0.000029 13 15 3383683333.333333
9 0.000029 13 28 3383683333.333333
9 0.000029 13 40 169184166.666667
9 0.000029 13 14 3383683333.333333
9 0.000029 13 27 3383683333.333333
9 0.000029 13 37 169184166.666667
9 0.000029 13 40 169184166.666667
9 0.000029 13 15 3383683333.333333
9 0.000029 13 30 3383683333.333333
9 0.000029 13 46 169184166.666667
9 0.000029 13 31 169184166.666667
9 0.000029 13 15 3383683333.333333
9 0.000029 13 29 3383683333.333333
9 0.000029 13 43 169184166.666667
9 0.000029 13 22 169184166.666667
9 0.000029 13 14 3383683333.333333
9 0.000029 13 25 3383683333.333333
9 0.000029 13 31 169184166.666667
9 0.000029 13 14 3383683333.333333
9 0.000029 13 26 3383683333.333333
9 0.000029 13 34 169184166.666667
9 0.000029 13 22 169184166.666667
10 0.000029 13 15 3383683333.333333
10 0.000029 13 28 3383683333.333333
10 0.000029 13 40 169184166.666667
10 0.000029 13 14 3383683333.333333
10 0.000029 13 27 3383683333.333333
10 0.000029 13 37 169184166.666667
10 0.000029 13 40 169184166.666667
10 0.000029 13 15 3383683333.333333
10 0.000029 13 30 3383683333.333333
10 0.000029 13 46 169184166.666667
10 0.000029 13 31 169184166.666667
10 0.000029 13 15 3383683333.333333
10 0.000029 13 29 3383683333.333333
10 0.000029 13 43 169184166.666667
10 0.000029 13 22 169184166.666667
10 0.000029 13 14 3383683333.333333
10 0.000029 13 25 3383683333.333333
10 0.000029 13 31 169184166.666667
10 0.000029 13 14 3383683333.333333
10 0.000029 13 26 3383683333.333333
10 0.000029 13 34 169184166.666667
10 0.000029 13 22 169184166.666667
13 0.000029 2 58
13 0.000029 2 57
13 0.000029 2 60
13 0.000029 2 59
13 0.000029 2 55
13 0.000029 2 56
12 0.000029 2 55 22
13 0.000029 2 55
7 0.000029 1 55
12 0.000029 2 58 22
13 0.000029 2 58
7 0.000029 1 58
9 0.000029 9 3 100000000000.000000
9 0.000029 9 8 100000000000.000000
10 0.000029 9 3 100000000000.000000
10 0.000029 9 8 100000000000.000000
12 0.000029 2 56 22
13 0.000029 2 56
7 0.000029 1 56
9 0.000029 9 9 100000000000.000000
10 0.000029 9 9 100000000000.000000
12 0.000029 2 57 22
13 0.000029 2 57
7 0.000029 1 57
9 0.000029 9 12 100000000000.000000
10 0.000029 9 12 100000000000.000000
12 0.000029 2 60 22
13 0.000029 2 60
7 0.000029 1 60
9 0.000029 9 2 100000000000.000000
10 0.000029 9 2 100000000000.000000
12 0.000029 2 50 22
13 0.000029 2 50
7 0.000029 1 50
9 0.000029 9 11 100000000000.000000
10 0.000029 9 11 100000000000.000000
12 0.000029 2 59 22
13 0.000029 2 59
7 0.000029 1 59
9 0.000029 9 3 100000000000.000000
10 0.000029 9 3 100000000000.000000
12 0.000029 2 51 22
13 0.000029 2 51
7 0.000029 1 51
7 0.000029 6 1
7 0.000029 10 13
7 0.000029 10 14
7 0.000029 10 15
7 0.000029 6 2
7 0.000029 10 16
7 0.000029 10 17
7 0.000029 10 18
7 0.000029 6 3
7 0.000029 10 19
7 0.000029 10 20
7 0.000029 10 21
7 0.000029 6 4
7 0.000029 10 22
7 0.000029 10 23
7 0.000029 10 24
7 0.000029 6 5
7 0.000029 10 25
7 0.000029 10 26
7 0.000029 10 27
7 0.000029 6 6
7 0.000029 10 28
7 0.000029 10 29
7 0.000029 10 30
7 0.000029 6 7
7 0.000029 10 31
7 0.000029 10 32
7 0.000029 10 33
7 0.000029 6 8
7 0.000029 10 34
7 0.000029 10 35
7 0.000029 10 36
7 0.000029 6 9
7 0.000029 10 37
7 0.000029 10 38
7 0.000029 10 39
7 0.000029 6 10
7 0.000029 10 40
7 0.000029 10 41
7 0.000029 10 42
7 0.000029 6 11
7 0.000029 10 43
7 0.000029 10 44
7 0.000029 10 45
7 0.000029 6 12
7 0.000029 10 46
7 0.000029 10 47
7 0.000029 10 48
